<?xml version="1.0" encoding="UTF-8"?>
<testsuites name="Consumer_TestSuites" time="353" tests="22" failures="1" errors="1">
   <testsuite name="Consumer_TestSuites" tests="22" failures="1" errors="1" time="353" timestamp="2018-10-11 18:15:53" hostname="Hoa - LP031" id="Test Suites/Consumer_TestSuites">
      <properties>
         <property name="deviceName" value=""/>
         <property name="devicePlatform" value=""/>
         <property name="logFolder" value="C:\\Users\\Hoa\\Documents\\GitHub\\iPayment\\Reports\\Consumer_TestSuites\\20181011_181541"/>
         <property name="logFiles" value="C:\\Users\\Hoa\\Documents\\GitHub\\iPayment\\Reports\\Consumer_TestSuites\\20181011_181541\\execution0.log"/>
         <property name="attachments" value="C:\\Users\\Hoa\\Documents\\GitHub\\iPayment\\Reports\\Consumer_TestSuites\\20181011_181541\\1539256770923.png"/>
         <property name="hostName" value="Hoa - LP031"/>
         <property name="os" value="Windows 10 64bit"/>
         <property name="katalonVersion" value="5.7.1.1"/>
         <property name="browser" value="Chrome 69.0.3497.100"/>
         <property name="hostAddress" value="169.254.83.208"/>
         <property name="sessionId" value="8634b0c58638588c280b7885ed7100c0"/>
         <property name="seleniumVersion" value="3.7.1"/>
         <property name="proxyInformation" value="ProxyInformation{proxyOption=NO_PROXY, proxyServerType=HTTP, password=, proxyServerAddress=, proxyServerPort=0}"/>
         <property name="platform" value="Windows 10"/>
      </properties>
      <testcase name="Test Cases/Consumer/Login/ConsLog_01_03_Verify that user login invalid email shows error message" classname="Test Cases/Consumer/Login/ConsLog_01_03_Verify that user login invalid email shows error message" status="PASSED">
         <system-out><![CDATA[2018-10-11 18:15:53 - [TEST_CASE][PASSED] - Test Cases/Consumer/Login/ConsLog_01_03_Verify that user login invalid email shows error message: Test Cases/Consumer/Login/ConsLog_01_03_Verify that user login invalid email shows error message

2018-10-11 18:15:54 - [TEST_STEP][PASSED] - customkeyword.CommonKeyword.OpenBrowser: customkeyword.CommonKeyword.OpenBrowser is PASSED

2018-10-11 18:16:03 - [MESSAGE][PASSED] - Browser is opened with url: 'https://staging-1.pirq.com/user/login'

2018-10-11 18:16:04 - [MESSAGE][PASSED] - Current window maximized

2018-10-11 18:16:04 - [MESSAGE][PASSED] - customkeyword.CommonKeyword.OpenBrowser is PASSED

2018-10-11 18:16:04 - [TEST_STEP][PASSED] - customkeyword.CommonKeyword.LoginConsumer: customkeyword.CommonKeyword.LoginConsumer is PASSED

2018-10-11 18:16:04 - [MESSAGE][PASSED] - Text '123' is set on object 'Object Repository/Por_Consumer inf/txt_Email_Portal_Login'

2018-10-11 18:16:05 - [MESSAGE][PASSED] - Text '123' is set on object 'Object Repository/Por_Consumer inf/txt_Password_Portal_Login'

2018-10-11 18:16:06 - [MESSAGE][PASSED] - Object: 'Object Repository/Por_Consumer inf/btn_Login_Portal_Login' is clicked on

2018-10-11 18:16:06 - [MESSAGE][PASSED] - customkeyword.CommonKeyword.LoginConsumer is PASSED

2018-10-11 18:16:06 - [TEST_STEP][PASSED] - verifyElementPresent: Object 'Object Repository/Por_Consumer inf/lbl_LoginFailed_Portal_login' is present

2018-10-11 18:16:06 - [MESSAGE][PASSED] - Object 'Object Repository/Por_Consumer inf/lbl_LoginFailed_Portal_login' is present

2018-10-11 18:16:06 - [TEST_STEP][PASSED] - closeBrowser: Browser is closed

2018-10-11 18:16:07 - [MESSAGE][PASSED] - Browser is closed]]></system-out>
         <system-err><![CDATA[]]></system-err>
      </testcase>
      <testcase name="Test Cases/Consumer/Login/ConsLog_01_04_Verify that user login invalid password shows error message" classname="Test Cases/Consumer/Login/ConsLog_01_04_Verify that user login invalid password shows error message" status="PASSED">
         <system-out><![CDATA[2018-10-11 18:16:07 - [TEST_CASE][PASSED] - Test Cases/Consumer/Login/ConsLog_01_04_Verify that user login invalid password shows error message: Test Cases/Consumer/Login/ConsLog_01_04_Verify that user login invalid password shows error message

2018-10-11 18:16:08 - [TEST_STEP][PASSED] - Statement - Try: Object 'Object Repository/Por_Consumer inf/lbl_LoginFailed_Portal_login' is present

2018-10-11 18:16:08 - [TEST_STEP][PASSED] - customkeyword.CommonKeyword.OpenBrowser: customkeyword.CommonKeyword.OpenBrowser is PASSED

2018-10-11 18:16:15 - [MESSAGE][PASSED] - Browser is opened with url: 'https://staging-1.pirq.com/user/login'

2018-10-11 18:16:16 - [MESSAGE][PASSED] - Current window maximized

2018-10-11 18:16:16 - [MESSAGE][PASSED] - customkeyword.CommonKeyword.OpenBrowser is PASSED

2018-10-11 18:16:16 - [TEST_STEP][PASSED] - customkeyword.CommonKeyword.LoginConsumer: customkeyword.CommonKeyword.LoginConsumer is PASSED

2018-10-11 18:16:16 - [MESSAGE][PASSED] - Text '123' is set on object 'Object Repository/Por_Consumer inf/txt_Email_Portal_Login'

2018-10-11 18:16:16 - [MESSAGE][PASSED] - Text '123' is set on object 'Object Repository/Por_Consumer inf/txt_Password_Portal_Login'

2018-10-11 18:16:18 - [MESSAGE][PASSED] - Object: 'Object Repository/Por_Consumer inf/btn_Login_Portal_Login' is clicked on

2018-10-11 18:16:18 - [MESSAGE][PASSED] - customkeyword.CommonKeyword.LoginConsumer is PASSED

2018-10-11 18:16:18 - [TEST_STEP][PASSED] - verifyElementPresent: Object 'Object Repository/Por_Consumer inf/lbl_LoginFailed_Portal_login' is present

2018-10-11 18:16:18 - [MESSAGE][PASSED] - Object 'Object Repository/Por_Consumer inf/lbl_LoginFailed_Portal_login' is present

2018-10-11 18:16:18 - [TEST_STEP][PASSED] - closeBrowser: Browser is closed

2018-10-11 18:16:18 - [MESSAGE][PASSED] - Browser is closed]]></system-out>
         <system-err><![CDATA[]]></system-err>
      </testcase>
      <testcase name="Test Cases/Consumer/Login/ConsLog_01_05_Verify that clicking on Cancel button to cancel login and redirect to Pirq homepage" classname="Test Cases/Consumer/Login/ConsLog_01_05_Verify that clicking on Cancel button to cancel login and redirect to Pirq homepage" status="PASSED">
         <system-out><![CDATA[2018-10-11 18:16:19 - [TEST_CASE][PASSED] - Test Cases/Consumer/Login/ConsLog_01_05_Verify that clicking on Cancel button to cancel login and redirect to Pirq homepage: Test Cases/Consumer/Login/ConsLog_01_05_Verify that clicking on Cancel button to cancel login and redirect to Pirq homepage

2018-10-11 18:16:19 - [TEST_STEP][PASSED] - customkeyword.CommonKeyword.OpenBrowser: customkeyword.CommonKeyword.OpenBrowser is PASSED

2018-10-11 18:16:26 - [MESSAGE][PASSED] - Browser is opened with url: 'https://staging-1.pirq.com/user/login'

2018-10-11 18:16:28 - [MESSAGE][PASSED] - Current window maximized

2018-10-11 18:16:28 - [MESSAGE][PASSED] - customkeyword.CommonKeyword.OpenBrowser is PASSED

2018-10-11 18:16:28 - [TEST_STEP][PASSED] - click: Object: 'Object Repository/Por_Consumer inf/btn_Cancel_Portal_Login' is clicked on

2018-10-11 18:16:30 - [MESSAGE][PASSED] - Object: 'Object Repository/Por_Consumer inf/btn_Cancel_Portal_Login' is clicked on

2018-10-11 18:16:30 - [TEST_STEP][PASSED] - verifyElementNotPresent: Web element with id: 'Object Repository/Por_Consumer inf/txt_Email_Portal_Login' located by 'By.xpath: //input[@id='id' and @placeholder='Email']' is not present after '10' second(s)

2018-10-11 18:16:30 - [MESSAGE][PASSED] - Web element with id: 'Object Repository/Por_Consumer inf/txt_Email_Portal_Login' located by 'By.xpath: //input[@id='id' and @placeholder='Email']' is not present after '10' second(s)

2018-10-11 18:16:30 - [TEST_STEP][PASSED] - closeBrowser: Browser is closed

2018-10-11 18:16:31 - [MESSAGE][PASSED] - Browser is closed]]></system-out>
         <system-err><![CDATA[]]></system-err>
      </testcase>
      <testcase name="Test Cases/Consumer/Login/ConsLog_01_06_Verify that user login valid email and password redirect to account page" classname="Test Cases/Consumer/Login/ConsLog_01_06_Verify that user login valid email and password redirect to account page" status="ERROR">
         <error type="ERROR" message="Test Cases/Consumer/Login/ConsLog_01_06_Verify that user login valid email and password redirect to account page FAILED because (of) (Stack trace: groovy.lang.MissingPropertyException: No such property: MerchantPassword for class: internal.GlobalVariable
	at groovy.lang.MetaClassImpl.invokeStaticMissingProperty(MetaClassImpl.java:1004)
	at groovy.lang.MetaClassImpl.getProperty(MetaClassImpl.java:1859)
	at groovy.lang.MetaClassImpl.getProperty(MetaClassImpl.java:1835)
	at groovy.lang.MetaClassImpl.getProperty(MetaClassImpl.java:3735)
	at org.codehaus.groovy.runtime.callsite.ClassMetaClassGetPropertySite.getProperty(ClassMetaClassGetPropertySite.java:51)
	at org.codehaus.groovy.runtime.callsite.AbstractCallSite.callGetProperty(AbstractCallSite.java:296)
	at Script1539256464068.run(Script1539256464068.groovy:20)
	at com.kms.katalon.core.main.ScriptEngine.run(ScriptEngine.java:183)
	at com.kms.katalon.core.main.ScriptEngine.runScriptAsRawText(ScriptEngine.java:108)
	at com.kms.katalon.core.main.TestCaseExecutor.runScript(TestCaseExecutor.java:294)
	at com.kms.katalon.core.main.TestCaseExecutor.doExecute(TestCaseExecutor.java:285)
	at com.kms.katalon.core.main.TestCaseExecutor.processExecutionPhase(TestCaseExecutor.java:264)
	at com.kms.katalon.core.main.TestCaseExecutor.accessMainPhase(TestCaseExecutor.java:256)
	at com.kms.katalon.core.main.TestCaseExecutor.execute(TestCaseExecutor.java:200)
	at com.kms.katalon.core.main.TestSuiteExecutor.accessTestCaseMainPhase(TestSuiteExecutor.java:129)
	at com.kms.katalon.core.main.TestSuiteExecutor.accessTestSuiteMainPhase(TestSuiteExecutor.java:112)
	at com.kms.katalon.core.main.TestSuiteExecutor.execute(TestSuiteExecutor.java:81)
	at com.kms.katalon.core.main.TestCaseMain.startTestSuite(TestCaseMain.java:142)
	at com.kms.katalon.core.main.TestCaseMain$startTestSuite$0.call(Unknown Source)
	at org.codehaus.groovy.runtime.callsite.CallSiteArray.defaultCall(CallSiteArray.java:48)
	at org.codehaus.groovy.runtime.callsite.AbstractCallSite.call(AbstractCallSite.java:113)
	at org.codehaus.groovy.runtime.callsite.AbstractCallSite.call(AbstractCallSite.java:141)
	at TempTestSuite1539256550559.run(TempTestSuite1539256550559.groovy:36)
	at groovy.lang.GroovyShell.runScriptOrMainOrTestOrRunnable(GroovyShell.java:263)
	at groovy.lang.GroovyShell.run(GroovyShell.java:518)
	at groovy.lang.GroovyShell.run(GroovyShell.java:507)
	at groovy.ui.GroovyMain.processOnce(GroovyMain.java:653)
	at groovy.ui.GroovyMain.run(GroovyMain.java:384)
	at groovy.ui.GroovyMain.process(GroovyMain.java:370)
	at groovy.ui.GroovyMain.processArgs(GroovyMain.java:129)
	at groovy.ui.GroovyMain.main(GroovyMain.java:109)
	at sun.reflect.NativeMethodAccessorImpl.invoke0(Native Method)
	at sun.reflect.NativeMethodAccessorImpl.invoke(NativeMethodAccessorImpl.java:62)
	at sun.reflect.DelegatingMethodAccessorImpl.invoke(DelegatingMethodAccessorImpl.java:43)
	at java.lang.reflect.Method.invoke(Method.java:498)
	at org.codehaus.groovy.tools.GroovyStarter.rootLoader(GroovyStarter.java:109)
	at org.codehaus.groovy.tools.GroovyStarter.main(GroovyStarter.java:131)
)"/>
         <system-out><![CDATA[2018-10-11 18:16:31 - [TEST_CASE][ERROR] - Test Cases/Consumer/Login/ConsLog_01_06_Verify that user login valid email and password redirect to account page: Test Cases/Consumer/Login/ConsLog_01_06_Verify that user login valid email and password redirect to account page FAILED because (of) (Stack trace: groovy.lang.MissingPropertyException: No such property: MerchantPassword for class: internal.GlobalVariable
	at groovy.lang.MetaClassImpl.invokeStaticMissingProperty(MetaClassImpl.java:1004)
	at groovy.lang.MetaClassImpl.getProperty(MetaClassImpl.java:1859)
	at groovy.lang.MetaClassImpl.getProperty(MetaClassImpl.java:1835)
	at groovy.lang.MetaClassImpl.getProperty(MetaClassImpl.java:3735)
	at org.codehaus.groovy.runtime.callsite.ClassMetaClassGetPropertySite.getProperty(ClassMetaClassGetPropertySite.java:51)
	at org.codehaus.groovy.runtime.callsite.AbstractCallSite.callGetProperty(AbstractCallSite.java:296)
	at Script1539256464068.run(Script1539256464068.groovy:20)
	at com.kms.katalon.core.main.ScriptEngine.run(ScriptEngine.java:183)
	at com.kms.katalon.core.main.ScriptEngine.runScriptAsRawText(ScriptEngine.java:108)
	at com.kms.katalon.core.main.TestCaseExecutor.runScript(TestCaseExecutor.java:294)
	at com.kms.katalon.core.main.TestCaseExecutor.doExecute(TestCaseExecutor.java:285)
	at com.kms.katalon.core.main.TestCaseExecutor.processExecutionPhase(TestCaseExecutor.java:264)
	at com.kms.katalon.core.main.TestCaseExecutor.accessMainPhase(TestCaseExecutor.java:256)
	at com.kms.katalon.core.main.TestCaseExecutor.execute(TestCaseExecutor.java:200)
	at com.kms.katalon.core.main.TestSuiteExecutor.accessTestCaseMainPhase(TestSuiteExecutor.java:129)
	at com.kms.katalon.core.main.TestSuiteExecutor.accessTestSuiteMainPhase(TestSuiteExecutor.java:112)
	at com.kms.katalon.core.main.TestSuiteExecutor.execute(TestSuiteExecutor.java:81)
	at com.kms.katalon.core.main.TestCaseMain.startTestSuite(TestCaseMain.java:142)
	at com.kms.katalon.core.main.TestCaseMain$startTestSuite$0.call(Unknown Source)
	at org.codehaus.groovy.runtime.callsite.CallSiteArray.defaultCall(CallSiteArray.java:48)
	at org.codehaus.groovy.runtime.callsite.AbstractCallSite.call(AbstractCallSite.java:113)
	at org.codehaus.groovy.runtime.callsite.AbstractCallSite.call(AbstractCallSite.java:141)
	at TempTestSuite1539256550559.run(TempTestSuite1539256550559.groovy:36)
	at groovy.lang.GroovyShell.runScriptOrMainOrTestOrRunnable(GroovyShell.java:263)
	at groovy.lang.GroovyShell.run(GroovyShell.java:518)
	at groovy.lang.GroovyShell.run(GroovyShell.java:507)
	at groovy.ui.GroovyMain.processOnce(GroovyMain.java:653)
	at groovy.ui.GroovyMain.run(GroovyMain.java:384)
	at groovy.ui.GroovyMain.process(GroovyMain.java:370)
	at groovy.ui.GroovyMain.processArgs(GroovyMain.java:129)
	at groovy.ui.GroovyMain.main(GroovyMain.java:109)
	at sun.reflect.NativeMethodAccessorImpl.invoke0(Native Method)
	at sun.reflect.NativeMethodAccessorImpl.invoke(NativeMethodAccessorImpl.java:62)
	at sun.reflect.DelegatingMethodAccessorImpl.invoke(DelegatingMethodAccessorImpl.java:43)
	at java.lang.reflect.Method.invoke(Method.java:498)
	at org.codehaus.groovy.tools.GroovyStarter.rootLoader(GroovyStarter.java:109)
	at org.codehaus.groovy.tools.GroovyStarter.main(GroovyStarter.java:131)
)

2018-10-11 18:16:31 - [TEST_STEP][PASSED] - customkeyword.CommonKeyword.OpenBrowser: customkeyword.CommonKeyword.OpenBrowser is PASSED

2018-10-11 18:16:38 - [MESSAGE][PASSED] - Browser is opened with url: 'https://staging-1.pirq.com/user/login'

2018-10-11 18:16:39 - [MESSAGE][PASSED] - Current window maximized

2018-10-11 18:16:39 - [MESSAGE][PASSED] - customkeyword.CommonKeyword.OpenBrowser is PASSED

2018-10-11 18:16:39 - [TEST_STEP][PASSED] - customkeyword.CommonKeyword.LoginConsumer: null]]></system-out>
         <system-err><![CDATA[2018-10-11 18:16:31 - [TEST_CASE][ERROR] - Test Cases/Consumer/Login/ConsLog_01_06_Verify that user login valid email and password redirect to account page: Test Cases/Consumer/Login/ConsLog_01_06_Verify that user login valid email and password redirect to account page FAILED because (of) (Stack trace: groovy.lang.MissingPropertyException: No such property: MerchantPassword for class: internal.GlobalVariable
	at groovy.lang.MetaClassImpl.invokeStaticMissingProperty(MetaClassImpl.java:1004)
	at groovy.lang.MetaClassImpl.getProperty(MetaClassImpl.java:1859)
	at groovy.lang.MetaClassImpl.getProperty(MetaClassImpl.java:1835)
	at groovy.lang.MetaClassImpl.getProperty(MetaClassImpl.java:3735)
	at org.codehaus.groovy.runtime.callsite.ClassMetaClassGetPropertySite.getProperty(ClassMetaClassGetPropertySite.java:51)
	at org.codehaus.groovy.runtime.callsite.AbstractCallSite.callGetProperty(AbstractCallSite.java:296)
	at Script1539256464068.run(Script1539256464068.groovy:20)
	at com.kms.katalon.core.main.ScriptEngine.run(ScriptEngine.java:183)
	at com.kms.katalon.core.main.ScriptEngine.runScriptAsRawText(ScriptEngine.java:108)
	at com.kms.katalon.core.main.TestCaseExecutor.runScript(TestCaseExecutor.java:294)
	at com.kms.katalon.core.main.TestCaseExecutor.doExecute(TestCaseExecutor.java:285)
	at com.kms.katalon.core.main.TestCaseExecutor.processExecutionPhase(TestCaseExecutor.java:264)
	at com.kms.katalon.core.main.TestCaseExecutor.accessMainPhase(TestCaseExecutor.java:256)
	at com.kms.katalon.core.main.TestCaseExecutor.execute(TestCaseExecutor.java:200)
	at com.kms.katalon.core.main.TestSuiteExecutor.accessTestCaseMainPhase(TestSuiteExecutor.java:129)
	at com.kms.katalon.core.main.TestSuiteExecutor.accessTestSuiteMainPhase(TestSuiteExecutor.java:112)
	at com.kms.katalon.core.main.TestSuiteExecutor.execute(TestSuiteExecutor.java:81)
	at com.kms.katalon.core.main.TestCaseMain.startTestSuite(TestCaseMain.java:142)
	at com.kms.katalon.core.main.TestCaseMain$startTestSuite$0.call(Unknown Source)
	at org.codehaus.groovy.runtime.callsite.CallSiteArray.defaultCall(CallSiteArray.java:48)
	at org.codehaus.groovy.runtime.callsite.AbstractCallSite.call(AbstractCallSite.java:113)
	at org.codehaus.groovy.runtime.callsite.AbstractCallSite.call(AbstractCallSite.java:141)
	at TempTestSuite1539256550559.run(TempTestSuite1539256550559.groovy:36)
	at groovy.lang.GroovyShell.runScriptOrMainOrTestOrRunnable(GroovyShell.java:263)
	at groovy.lang.GroovyShell.run(GroovyShell.java:518)
	at groovy.lang.GroovyShell.run(GroovyShell.java:507)
	at groovy.ui.GroovyMain.processOnce(GroovyMain.java:653)
	at groovy.ui.GroovyMain.run(GroovyMain.java:384)
	at groovy.ui.GroovyMain.process(GroovyMain.java:370)
	at groovy.ui.GroovyMain.processArgs(GroovyMain.java:129)
	at groovy.ui.GroovyMain.main(GroovyMain.java:109)
	at sun.reflect.NativeMethodAccessorImpl.invoke0(Native Method)
	at sun.reflect.NativeMethodAccessorImpl.invoke(NativeMethodAccessorImpl.java:62)
	at sun.reflect.DelegatingMethodAccessorImpl.invoke(DelegatingMethodAccessorImpl.java:43)
	at java.lang.reflect.Method.invoke(Method.java:498)
	at org.codehaus.groovy.tools.GroovyStarter.rootLoader(GroovyStarter.java:109)
	at org.codehaus.groovy.tools.GroovyStarter.main(GroovyStarter.java:131)
)]]></system-err>
      </testcase>
      <testcase name="Test Cases/Consumer/Login/ConsLog_01_07_Verify that clicking on merchant login link (here) will redirect to merchant login page" classname="Test Cases/Consumer/Login/ConsLog_01_07_Verify that clicking on merchant login link (here) will redirect to merchant login page" status="PASSED">
         <system-out><![CDATA[2018-10-11 18:16:39 - [TEST_CASE][PASSED] - Test Cases/Consumer/Login/ConsLog_01_07_Verify that clicking on merchant login link (here) will redirect to merchant login page: Test Cases/Consumer/Login/ConsLog_01_07_Verify that clicking on merchant login link (here) will redirect to merchant login page

2018-10-11 18:16:40 - [TEST_STEP][PASSED] - customkeyword.CommonKeyword.OpenBrowser: customkeyword.CommonKeyword.OpenBrowser is PASSED

2018-10-11 18:16:40 - [MESSAGE][WARNING] - A browser is already opened. Closing browser and opening a new one

2018-10-11 18:16:47 - [MESSAGE][PASSED] - Browser is opened with url: 'https://staging-1.pirq.com/user/login'

2018-10-11 18:16:48 - [MESSAGE][PASSED] - Current window maximized

2018-10-11 18:16:48 - [MESSAGE][PASSED] - customkeyword.CommonKeyword.OpenBrowser is PASSED

2018-10-11 18:16:48 - [TEST_STEP][PASSED] - click: Object: 'Object Repository/Por_Consumer inf/lnk_Here_Portal_Login' is clicked on

2018-10-11 18:16:53 - [MESSAGE][PASSED] - Object: 'Object Repository/Por_Consumer inf/lnk_Here_Portal_Login' is clicked on

2018-10-11 18:16:53 - [TEST_STEP][PASSED] - verifyElementPresent: Object 'Object Repository/Sys_Login inf/lnk_MerchantLogo_System_Login' is present

2018-10-11 18:16:53 - [MESSAGE][PASSED] - Object 'Object Repository/Sys_Login inf/lnk_MerchantLogo_System_Login' is present

2018-10-11 18:16:53 - [TEST_STEP][PASSED] - closeBrowser: Browser is closed

2018-10-11 18:16:54 - [MESSAGE][PASSED] - Browser is closed]]></system-out>
         <system-err><![CDATA[]]></system-err>
      </testcase>
      <testcase name="Test Cases/Consumer/Login/ConsLog_01_08_Verify that clicking on Forgot password link will redirect to Reset password page" classname="Test Cases/Consumer/Login/ConsLog_01_08_Verify that clicking on Forgot password link will redirect to Reset password page" status="PASSED">
         <system-out><![CDATA[2018-10-11 18:16:54 - [TEST_CASE][PASSED] - Test Cases/Consumer/Login/ConsLog_01_08_Verify that clicking on Forgot password link will redirect to Reset password page: Test Cases/Consumer/Login/ConsLog_01_08_Verify that clicking on Forgot password link will redirect to Reset password page

2018-10-11 18:16:54 - [TEST_STEP][PASSED] - customkeyword.CommonKeyword.OpenBrowser: customkeyword.CommonKeyword.OpenBrowser is PASSED

2018-10-11 18:17:01 - [MESSAGE][PASSED] - Browser is opened with url: 'https://staging-1.pirq.com/user/login'

2018-10-11 18:17:02 - [MESSAGE][PASSED] - Current window maximized

2018-10-11 18:17:02 - [MESSAGE][PASSED] - customkeyword.CommonKeyword.OpenBrowser is PASSED

2018-10-11 18:17:02 - [TEST_STEP][PASSED] - click: Object: 'Object Repository/Por_Consumer inf/lnk_ForgotPassword_Portal_Login' is clicked on

2018-10-11 18:17:02 - [MESSAGE][PASSED] - Object: 'Object Repository/Por_Consumer inf/lnk_ForgotPassword_Portal_Login' is clicked on

2018-10-11 18:17:02 - [TEST_STEP][PASSED] - verifyElementPresent: Object 'Object Repository/Por_Consumer_ForgotPassword inf/lbl_ResetYourPassword_Portal_ForgotPassword' is present

2018-10-11 18:17:02 - [MESSAGE][PASSED] - Object 'Object Repository/Por_Consumer_ForgotPassword inf/lbl_ResetYourPassword_Portal_ForgotPassword' is present

2018-10-11 18:17:02 - [TEST_STEP][PASSED] - closeBrowser: Browser is closed

2018-10-11 18:17:03 - [MESSAGE][PASSED] - Browser is closed]]></system-out>
         <system-err><![CDATA[]]></system-err>
      </testcase>
      <testcase name="Test Cases/Consumer/Login/ConsLog_01_09_Verify that sending reset password request with invalid email shows error message" classname="Test Cases/Consumer/Login/ConsLog_01_09_Verify that sending reset password request with invalid email shows error message" status="PASSED">
         <system-out><![CDATA[2018-10-11 18:17:03 - [TEST_CASE][PASSED] - Test Cases/Consumer/Login/ConsLog_01_09_Verify that sending reset password request with invalid email shows error message: Test Cases/Consumer/Login/ConsLog_01_09_Verify that sending reset password request with invalid email shows error message

2018-10-11 18:17:04 - [TEST_STEP][PASSED] - customkeyword.CommonKeyword.OpenBrowser: customkeyword.CommonKeyword.OpenBrowser is PASSED

2018-10-11 18:17:11 - [MESSAGE][PASSED] - Browser is opened with url: 'https://staging-1.pirq.com/user/login'

2018-10-11 18:17:12 - [MESSAGE][PASSED] - Current window maximized

2018-10-11 18:17:12 - [MESSAGE][PASSED] - customkeyword.CommonKeyword.OpenBrowser is PASSED

2018-10-11 18:17:12 - [TEST_STEP][PASSED] - click: Object: 'Object Repository/Por_Consumer inf/lnk_ForgotPassword_Portal_Login' is clicked on

2018-10-11 18:17:12 - [MESSAGE][PASSED] - Object: 'Object Repository/Por_Consumer inf/lnk_ForgotPassword_Portal_Login' is clicked on

2018-10-11 18:17:12 - [TEST_STEP][PASSED] - setText: Text 'invalidemail' is set on object 'Object Repository/Por_Consumer_ForgotPassword inf/txt_Email_Portal_ForgotPassword'

2018-10-11 18:17:12 - [MESSAGE][PASSED] - Text 'invalidemail' is set on object 'Object Repository/Por_Consumer_ForgotPassword inf/txt_Email_Portal_ForgotPassword'

2018-10-11 18:17:12 - [TEST_STEP][PASSED] - click: Object: 'Object Repository/Por_Consumer_ForgotPassword inf/btn_ResetPassword_Portal_ForgotPassword' is clicked on

2018-10-11 18:17:14 - [MESSAGE][PASSED] - Object: 'Object Repository/Por_Consumer_ForgotPassword inf/btn_ResetPassword_Portal_ForgotPassword' is clicked on

2018-10-11 18:17:14 - [TEST_STEP][PASSED] - verifyElementPresent: Object 'Object Repository/Por_Consumer_ForgotPassword inf/lbl_CouldNotFindUser_Portal_ForgotPassword' is present

2018-10-11 18:17:14 - [MESSAGE][PASSED] - Object 'Object Repository/Por_Consumer_ForgotPassword inf/lbl_CouldNotFindUser_Portal_ForgotPassword' is present

2018-10-11 18:17:14 - [TEST_STEP][PASSED] - closeBrowser: Browser is closed

2018-10-11 18:17:14 - [MESSAGE][PASSED] - Browser is closed]]></system-out>
         <system-err><![CDATA[]]></system-err>
      </testcase>
      <testcase name="Test Cases/Consumer/Login/ConsLog_01_10_Veriry that sending reset password request with valid email" classname="Test Cases/Consumer/Login/ConsLog_01_10_Veriry that sending reset password request with valid email" status="PASSED">
         <system-out><![CDATA[2018-10-11 18:17:14 - [TEST_CASE][PASSED] - Test Cases/Consumer/Login/ConsLog_01_10_Veriry that sending reset password request with valid email: Test Cases/Consumer/Login/ConsLog_01_10_Veriry that sending reset password request with valid email

2018-10-11 18:17:15 - [TEST_STEP][PASSED] - customkeyword.CommonKeyword.OpenBrowser: customkeyword.CommonKeyword.OpenBrowser is PASSED

2018-10-11 18:17:20 - [MESSAGE][PASSED] - Browser is opened with url: 'https://staging-1.pirq.com/user/login'

2018-10-11 18:17:21 - [MESSAGE][PASSED] - Current window maximized

2018-10-11 18:17:21 - [MESSAGE][PASSED] - customkeyword.CommonKeyword.OpenBrowser is PASSED

2018-10-11 18:17:21 - [TEST_STEP][PASSED] - click: Object: 'Object Repository/Por_Consumer inf/lnk_ForgotPassword_Portal_Login' is clicked on

2018-10-11 18:17:22 - [MESSAGE][PASSED] - Object: 'Object Repository/Por_Consumer inf/lnk_ForgotPassword_Portal_Login' is clicked on

2018-10-11 18:17:22 - [TEST_STEP][PASSED] - setText: Text 'alanconsumer1010@yopmail.com' is set on object 'Object Repository/Por_Consumer_ForgotPassword inf/txt_Email_Portal_ForgotPassword'

2018-10-11 18:17:22 - [MESSAGE][PASSED] - Text 'alanconsumer1010@yopmail.com' is set on object 'Object Repository/Por_Consumer_ForgotPassword inf/txt_Email_Portal_ForgotPassword'

2018-10-11 18:17:22 - [TEST_STEP][PASSED] - click: Object: 'Object Repository/Por_Consumer_ForgotPassword inf/btn_ResetPassword_Portal_ForgotPassword' is clicked on

2018-10-11 18:17:23 - [MESSAGE][PASSED] - Object: 'Object Repository/Por_Consumer_ForgotPassword inf/btn_ResetPassword_Portal_ForgotPassword' is clicked on

2018-10-11 18:17:23 - [TEST_STEP][PASSED] - verifyElementPresent: Object 'Object Repository/Por_Consumer_ForgotPassword inf/lbl_Success_Portal_ForgotPassword' is present

2018-10-11 18:17:23 - [MESSAGE][PASSED] - Object 'Object Repository/Por_Consumer_ForgotPassword inf/lbl_Success_Portal_ForgotPassword' is present

2018-10-11 18:17:23 - [TEST_STEP][PASSED] - closeBrowser: Browser is closed

2018-10-11 18:17:24 - [MESSAGE][PASSED] - Browser is closed]]></system-out>
         <system-err><![CDATA[]]></system-err>
      </testcase>
      <testcase name="Test Cases/Consumer/Login/ConsLog_01_11_Verify that changing password with invalid password shows error message" classname="Test Cases/Consumer/Login/ConsLog_01_11_Verify that changing password with invalid password shows error message" status="PASSED">
         <system-out><![CDATA[2018-10-11 18:17:24 - [TEST_CASE][PASSED] - Test Cases/Consumer/Login/ConsLog_01_11_Verify that changing password with invalid password shows error message: Test Cases/Consumer/Login/ConsLog_01_11_Verify that changing password with invalid password shows error message

2018-10-11 18:17:24 - [TEST_STEP][PASSED] - customkeyword.CommonKeyword.OpenBrowser: customkeyword.CommonKeyword.OpenBrowser is PASSED

2018-10-11 18:17:29 - [MESSAGE][PASSED] - Browser is opened with url: 'http://www.yopmail.com/en/'

2018-10-11 18:17:30 - [MESSAGE][PASSED] - Current window maximized

2018-10-11 18:17:30 - [MESSAGE][PASSED] - customkeyword.CommonKeyword.OpenBrowser is PASSED

2018-10-11 18:17:30 - [TEST_STEP][PASSED] - customkeyword.CommonKeyword.CheckYopmailLink: customkeyword.CommonKeyword.CheckYopmailLink is PASSED

2018-10-11 18:17:30 - [MESSAGE][PASSED] - Text 'alanconsumer1010@yopmail.com' is set on object 'Object Repository/Yopmail inf/txt_Login_Yopmail'

2018-10-11 18:17:34 - [MESSAGE][PASSED] - Object: 'Object Repository/Yopmail inf/btn_CheckInbox_Yopmail' is clicked on

2018-10-11 18:17:34 - [MESSAGE][PASSED] - customkeyword.CommonKeyword.CheckYopmailLink is PASSED

2018-10-11 18:17:34 - [TEST_STEP][PASSED] - switchToWindowTitle: Switched to window with title: 'Password Reset | Pirq'

2018-10-11 18:17:40 - [MESSAGE][PASSED] - Switched to window with title: 'Password Reset | Pirq'

2018-10-11 18:17:40 - [TEST_STEP][PASSED] - verifyElementPresent: Object 'Object Repository/Por_Consumer_ForgotPassword inf/lbl_ResetYourPassword_Portal_ForgotPassword' is present

2018-10-11 18:17:40 - [MESSAGE][PASSED] - Object 'Object Repository/Por_Consumer_ForgotPassword inf/lbl_ResetYourPassword_Portal_ForgotPassword' is present

2018-10-11 18:17:40 - [TEST_STEP][PASSED] - click: Object: 'Object Repository/Por_Consumer_ForgotPassword inf/btn_ChangePwd_Portal_ForgotPassword' is clicked on

2018-10-11 18:17:40 - [MESSAGE][PASSED] - Object: 'Object Repository/Por_Consumer_ForgotPassword inf/btn_ChangePwd_Portal_ForgotPassword' is clicked on

2018-10-11 18:17:40 - [TEST_STEP][PASSED] - verifyElementPresent: Object 'Object Repository/Por_Consumer_ForgotPassword inf/lbl_PassTooShort_Portal_ForgotPassword' is present

2018-10-11 18:17:40 - [MESSAGE][PASSED] - Object 'Object Repository/Por_Consumer_ForgotPassword inf/lbl_PassTooShort_Portal_ForgotPassword' is present

2018-10-11 18:17:40 - [TEST_STEP][PASSED] - closeBrowser: Browser is closed

2018-10-11 18:17:41 - [MESSAGE][PASSED] - Browser is closed]]></system-out>
         <system-err><![CDATA[]]></system-err>
      </testcase>
      <testcase name="Test Cases/Consumer/Login/ConsLog_01_12_Verify that changing password with invalid confirm-password shows error message" classname="Test Cases/Consumer/Login/ConsLog_01_12_Verify that changing password with invalid confirm-password shows error message" status="PASSED">
         <system-out><![CDATA[2018-10-11 18:17:41 - [TEST_CASE][PASSED] - Test Cases/Consumer/Login/ConsLog_01_12_Verify that changing password with invalid confirm-password shows error message: Test Cases/Consumer/Login/ConsLog_01_12_Verify that changing password with invalid confirm-password shows error message

2018-10-11 18:17:42 - [TEST_STEP][PASSED] - customkeyword.CommonKeyword.OpenBrowser: customkeyword.CommonKeyword.OpenBrowser is PASSED

2018-10-11 18:17:46 - [MESSAGE][PASSED] - Browser is opened with url: 'http://www.yopmail.com/en/'

2018-10-11 18:17:47 - [MESSAGE][PASSED] - Current window maximized

2018-10-11 18:17:47 - [MESSAGE][PASSED] - customkeyword.CommonKeyword.OpenBrowser is PASSED

2018-10-11 18:17:47 - [TEST_STEP][PASSED] - customkeyword.CommonKeyword.CheckYopmailLink: customkeyword.CommonKeyword.CheckYopmailLink is PASSED

2018-10-11 18:17:48 - [MESSAGE][PASSED] - Text 'alanconsumer1010@yopmail.com' is set on object 'Object Repository/Yopmail inf/txt_Login_Yopmail'

2018-10-11 18:17:51 - [MESSAGE][PASSED] - Object: 'Object Repository/Yopmail inf/btn_CheckInbox_Yopmail' is clicked on

2018-10-11 18:17:51 - [MESSAGE][PASSED] - customkeyword.CommonKeyword.CheckYopmailLink is PASSED

2018-10-11 18:17:51 - [TEST_STEP][PASSED] - switchToWindowTitle: Switched to window with title: 'Password Reset | Pirq'

2018-10-11 18:17:55 - [MESSAGE][PASSED] - Switched to window with title: 'Password Reset | Pirq'

2018-10-11 18:17:55 - [TEST_STEP][PASSED] - verifyElementPresent: Object 'Object Repository/Por_Consumer_ForgotPassword inf/lbl_ResetYourPassword_Portal_ForgotPassword' is present

2018-10-11 18:17:55 - [MESSAGE][PASSED] - Object 'Object Repository/Por_Consumer_ForgotPassword inf/lbl_ResetYourPassword_Portal_ForgotPassword' is present

2018-10-11 18:17:55 - [TEST_STEP][PASSED] - setText: Text 'newpassword123' is set on object 'Object Repository/Por_Consumer_ForgotPassword inf/txt_NewPwd_Portal_ForgotPassword'

2018-10-11 18:17:55 - [MESSAGE][PASSED] - Text 'newpassword123' is set on object 'Object Repository/Por_Consumer_ForgotPassword inf/txt_NewPwd_Portal_ForgotPassword'

2018-10-11 18:17:55 - [TEST_STEP][PASSED] - click: Object: 'Object Repository/Por_Consumer_ForgotPassword inf/btn_ChangePwd_Portal_ForgotPassword' is clicked on

2018-10-11 18:17:56 - [MESSAGE][PASSED] - Object: 'Object Repository/Por_Consumer_ForgotPassword inf/btn_ChangePwd_Portal_ForgotPassword' is clicked on

2018-10-11 18:17:56 - [TEST_STEP][PASSED] - verifyElementPresent: Object 'Object Repository/Por_Consumer_ForgotPassword inf/lbl_PwdNoMatch_Portal_ForgotPassword' is present

2018-10-11 18:17:56 - [MESSAGE][PASSED] - Object 'Object Repository/Por_Consumer_ForgotPassword inf/lbl_PwdNoMatch_Portal_ForgotPassword' is present

2018-10-11 18:17:56 - [TEST_STEP][PASSED] - closeBrowser: Browser is closed

2018-10-11 18:17:57 - [MESSAGE][PASSED] - Browser is closed]]></system-out>
         <system-err><![CDATA[]]></system-err>
      </testcase>
      <testcase name="Test Cases/Consumer/Login/ConsLog_01_13_Verify that successfully changing password with valid pass" classname="Test Cases/Consumer/Login/ConsLog_01_13_Verify that successfully changing password with valid pass" status="PASSED">
         <system-out><![CDATA[2018-10-11 18:17:57 - [TEST_CASE][PASSED] - Test Cases/Consumer/Login/ConsLog_01_13_Verify that successfully changing password with valid pass: Test Cases/Consumer/Login/ConsLog_01_13_Verify that successfully changing password with valid pass

2018-10-11 18:17:57 - [TEST_STEP][PASSED] - customkeyword.CommonKeyword.OpenBrowser: customkeyword.CommonKeyword.OpenBrowser is PASSED

2018-10-11 18:18:02 - [MESSAGE][PASSED] - Browser is opened with url: 'http://www.yopmail.com/en/'

2018-10-11 18:18:03 - [MESSAGE][PASSED] - Current window maximized

2018-10-11 18:18:03 - [MESSAGE][PASSED] - customkeyword.CommonKeyword.OpenBrowser is PASSED

2018-10-11 18:18:03 - [TEST_STEP][PASSED] - customkeyword.CommonKeyword.CheckYopmailLink: customkeyword.CommonKeyword.CheckYopmailLink is PASSED

2018-10-11 18:18:03 - [MESSAGE][PASSED] - Text 'alanconsumer1010@yopmail.com' is set on object 'Object Repository/Yopmail inf/txt_Login_Yopmail'

2018-10-11 18:18:06 - [MESSAGE][PASSED] - Object: 'Object Repository/Yopmail inf/btn_CheckInbox_Yopmail' is clicked on

2018-10-11 18:18:07 - [MESSAGE][PASSED] - customkeyword.CommonKeyword.CheckYopmailLink is PASSED

2018-10-11 18:18:07 - [TEST_STEP][PASSED] - switchToWindowTitle: Switched to window with title: 'Password Reset | Pirq'

2018-10-11 18:18:12 - [MESSAGE][PASSED] - Switched to window with title: 'Password Reset | Pirq'

2018-10-11 18:18:12 - [TEST_STEP][PASSED] - verifyElementPresent: Object 'Object Repository/Por_Consumer_ForgotPassword inf/lbl_ResetYourPassword_Portal_ForgotPassword' is present

2018-10-11 18:18:12 - [MESSAGE][PASSED] - Object 'Object Repository/Por_Consumer_ForgotPassword inf/lbl_ResetYourPassword_Portal_ForgotPassword' is present

2018-10-11 18:18:12 - [TEST_STEP][PASSED] - setText: Text '123456?a' is set on object 'Object Repository/Por_Consumer_ForgotPassword inf/txt_NewPwd_Portal_ForgotPassword'

2018-10-11 18:18:12 - [MESSAGE][PASSED] - Text '123456?a' is set on object 'Object Repository/Por_Consumer_ForgotPassword inf/txt_NewPwd_Portal_ForgotPassword'

2018-10-11 18:18:12 - [TEST_STEP][PASSED] - setText: Text '123456?a' is set on object 'Object Repository/Por_Consumer_ForgotPassword inf/txt_ConfirmPwd_Portal_ForgotPassword'

2018-10-11 18:18:13 - [MESSAGE][PASSED] - Text '123456?a' is set on object 'Object Repository/Por_Consumer_ForgotPassword inf/txt_ConfirmPwd_Portal_ForgotPassword'

2018-10-11 18:18:13 - [TEST_STEP][PASSED] - click: Object: 'Object Repository/Por_Consumer_ForgotPassword inf/btn_ChangePwd_Portal_ForgotPassword' is clicked on

2018-10-11 18:18:13 - [MESSAGE][PASSED] - Object: 'Object Repository/Por_Consumer_ForgotPassword inf/btn_ChangePwd_Portal_ForgotPassword' is clicked on

2018-10-11 18:18:13 - [TEST_STEP][PASSED] - verifyElementPresent: Object 'Object Repository/Por_Consumer_ForgotPassword inf/lbl_Successpwdchanged_Portal_ForgotPassword' is present

2018-10-11 18:18:13 - [MESSAGE][PASSED] - Object 'Object Repository/Por_Consumer_ForgotPassword inf/lbl_Successpwdchanged_Portal_ForgotPassword' is present

2018-10-11 18:18:13 - [TEST_STEP][PASSED] - closeBrowser: Browser is closed

2018-10-11 18:18:14 - [MESSAGE][PASSED] - Browser is closed]]></system-out>
         <system-err><![CDATA[]]></system-err>
      </testcase>
      <testcase name="Test Cases/Consumer/Login/ConsLog_01_14_Verify that successfully logging in with new password" classname="Test Cases/Consumer/Login/ConsLog_01_14_Verify that successfully logging in with new password" status="PASSED">
         <system-out><![CDATA[2018-10-11 18:18:14 - [TEST_CASE][PASSED] - Test Cases/Consumer/Login/ConsLog_01_14_Verify that successfully logging in with new password: Test Cases/Consumer/Login/ConsLog_01_14_Verify that successfully logging in with new password

2018-10-11 18:18:14 - [TEST_STEP][PASSED] - customkeyword.CommonKeyword.OpenBrowser: customkeyword.CommonKeyword.OpenBrowser is PASSED

2018-10-11 18:18:19 - [MESSAGE][PASSED] - Browser is opened with url: 'https://staging-1.pirq.com/user/login'

2018-10-11 18:18:20 - [MESSAGE][PASSED] - Current window maximized

2018-10-11 18:18:20 - [MESSAGE][PASSED] - customkeyword.CommonKeyword.OpenBrowser is PASSED

2018-10-11 18:18:20 - [TEST_STEP][PASSED] - customkeyword.CommonKeyword.LoginConsumer: customkeyword.CommonKeyword.LoginConsumer is PASSED

2018-10-11 18:18:21 - [MESSAGE][PASSED] - Text 'alanconsumer1010@yopmail.com' is set on object 'Object Repository/Por_Consumer inf/txt_Email_Portal_Login'

2018-10-11 18:18:21 - [MESSAGE][PASSED] - Text '123456?a' is set on object 'Object Repository/Por_Consumer inf/txt_Password_Portal_Login'

2018-10-11 18:18:22 - [MESSAGE][PASSED] - Object: 'Object Repository/Por_Consumer inf/btn_Login_Portal_Login' is clicked on

2018-10-11 18:18:22 - [MESSAGE][PASSED] - customkeyword.CommonKeyword.LoginConsumer is PASSED

2018-10-11 18:18:22 - [TEST_STEP][PASSED] - verifyElementPresent: Object 'Object Repository/Por_Consumer inf/lbl_LoggedAs_Portal_Login' is present

2018-10-11 18:18:22 - [MESSAGE][PASSED] - Object 'Object Repository/Por_Consumer inf/lbl_LoggedAs_Portal_Login' is present

2018-10-11 18:18:22 - [TEST_STEP][PASSED] - closeBrowser: Browser is closed

2018-10-11 18:18:23 - [MESSAGE][PASSED] - Browser is closed]]></system-out>
         <system-err><![CDATA[]]></system-err>
      </testcase>
      <testcase name="Test Cases/Consumer/Sign Up/ConsSig_01_01_Verify clicking Signup on button will redirect to Consumer Sign up page correctly" classname="Test Cases/Consumer/Sign Up/ConsSig_01_01_Verify clicking Signup on button will redirect to Consumer Sign up page correctly" status="PASSED">
         <system-out><![CDATA[2018-10-11 18:18:23 - [TEST_CASE][PASSED] - Test Cases/Consumer/Sign Up/ConsSig_01_01_Verify clicking Signup on button will redirect to Consumer Sign up page correctly: Test Cases/Consumer/Sign Up/ConsSig_01_01_Verify clicking Signup on button will redirect to Consumer Sign up page correctly

2018-10-11 18:18:23 - [TEST_STEP][PASSED] - customkeyword.CommonKeyword.OpenBrowser: customkeyword.CommonKeyword.OpenBrowser is PASSED

2018-10-11 18:18:31 - [MESSAGE][PASSED] - Browser is opened with url: 'https://staging-1.pirq.com/'

2018-10-11 18:18:32 - [MESSAGE][PASSED] - Current window maximized

2018-10-11 18:18:32 - [MESSAGE][PASSED] - customkeyword.CommonKeyword.OpenBrowser is PASSED

2018-10-11 18:18:32 - [TEST_STEP][PASSED] - click: Object: 'Object Repository/Por_Home inf/btn_Signup_Portal_Homepage' is clicked on

2018-10-11 18:18:33 - [MESSAGE][PASSED] - Object: 'Object Repository/Por_Home inf/btn_Signup_Portal_Homepage' is clicked on

2018-10-11 18:18:33 - [TEST_STEP][PASSED] - verifyElementPresent: Object 'Object Repository/Por_Consumer inf/lbl_Signup_Portal_Signup' is present

2018-10-11 18:18:33 - [MESSAGE][PASSED] - Object 'Object Repository/Por_Consumer inf/lbl_Signup_Portal_Signup' is present

2018-10-11 18:18:33 - [TEST_STEP][PASSED] - closeBrowser: Browser is closed

2018-10-11 18:18:34 - [MESSAGE][PASSED] - Browser is closed]]></system-out>
         <system-err><![CDATA[]]></system-err>
      </testcase>
      <testcase name="Test Cases/Consumer/Sign Up/ConsSig_01_02_Verify that signing up with empty required fields shows error message" classname="Test Cases/Consumer/Sign Up/ConsSig_01_02_Verify that signing up with empty required fields shows error message" status="PASSED">
         <system-out><![CDATA[2018-10-11 18:18:34 - [TEST_CASE][PASSED] - Test Cases/Consumer/Sign Up/ConsSig_01_02_Verify that signing up with empty required fields shows error message: Test Cases/Consumer/Sign Up/ConsSig_01_02_Verify that signing up with empty required fields shows error message

2018-10-11 18:18:34 - [TEST_STEP][PASSED] - customkeyword.CommonKeyword.OpenBrowser: customkeyword.CommonKeyword.OpenBrowser is PASSED

2018-10-11 18:18:41 - [MESSAGE][PASSED] - Browser is opened with url: 'https://staging-1.pirq.com/user/signup'

2018-10-11 18:18:42 - [MESSAGE][PASSED] - Current window maximized

2018-10-11 18:18:42 - [MESSAGE][PASSED] - customkeyword.CommonKeyword.OpenBrowser is PASSED

2018-10-11 18:18:42 - [TEST_STEP][PASSED] - click: Object: 'Object Repository/Por_Consumer inf/btn_CreateAccount_Portal_Signup' is clicked on

2018-10-11 18:18:42 - [MESSAGE][PASSED] - Object: 'Object Repository/Por_Consumer inf/btn_CreateAccount_Portal_Signup' is clicked on

2018-10-11 18:18:42 - [TEST_STEP][PASSED] - verifyElementPresent: Object 'Object Repository/Por_Consumer inf/lbl_PlsFillEmail' is present

2018-10-11 18:18:42 - [MESSAGE][PASSED] - Object 'Object Repository/Por_Consumer inf/lbl_PlsFillEmail' is present

2018-10-11 18:18:42 - [TEST_STEP][PASSED] - closeBrowser: Browser is closed

2018-10-11 18:18:43 - [MESSAGE][PASSED] - Browser is closed]]></system-out>
         <system-err><![CDATA[]]></system-err>
      </testcase>
      <testcase name="Test Cases/Consumer/Sign Up/ConsSig_01_03_Verify that signing up with invalid email shows error message" classname="Test Cases/Consumer/Sign Up/ConsSig_01_03_Verify that signing up with invalid email shows error message" status="PASSED">
         <system-out><![CDATA[2018-10-11 18:18:43 - [TEST_CASE][PASSED] - Test Cases/Consumer/Sign Up/ConsSig_01_03_Verify that signing up with invalid email shows error message: Test Cases/Consumer/Sign Up/ConsSig_01_03_Verify that signing up with invalid email shows error message

2018-10-11 18:18:43 - [TEST_STEP][PASSED] - customkeyword.CommonKeyword.OpenBrowser: customkeyword.CommonKeyword.OpenBrowser is PASSED

2018-10-11 18:18:51 - [MESSAGE][PASSED] - Browser is opened with url: 'https://staging-1.pirq.com/user/signup'

2018-10-11 18:18:52 - [MESSAGE][PASSED] - Current window maximized

2018-10-11 18:18:52 - [MESSAGE][PASSED] - customkeyword.CommonKeyword.OpenBrowser is PASSED

2018-10-11 18:18:52 - [TEST_STEP][PASSED] - setText: Text 'invalidemail' is set on object 'Object Repository/Por_Consumer inf/txt_Email_Portal_Signup'

2018-10-11 18:18:52 - [MESSAGE][PASSED] - Text 'invalidemail' is set on object 'Object Repository/Por_Consumer inf/txt_Email_Portal_Signup'

2018-10-11 18:18:52 - [TEST_STEP][PASSED] - click: Object: 'Object Repository/Por_Consumer inf/btn_CreateAccount_Portal_Signup' is clicked on

2018-10-11 18:18:53 - [MESSAGE][PASSED] - Object: 'Object Repository/Por_Consumer inf/btn_CreateAccount_Portal_Signup' is clicked on

2018-10-11 18:18:53 - [TEST_STEP][PASSED] - verifyElementPresent: Object 'Object Repository/Por_Consumer inf/lbl_PlsEntValidEmail_Portal_Signup' is present

2018-10-11 18:18:53 - [MESSAGE][PASSED] - Object 'Object Repository/Por_Consumer inf/lbl_PlsEntValidEmail_Portal_Signup' is present

2018-10-11 18:18:53 - [TEST_STEP][PASSED] - closeBrowser: Browser is closed

2018-10-11 18:18:53 - [MESSAGE][PASSED] - Browser is closed]]></system-out>
         <system-err><![CDATA[]]></system-err>
      </testcase>
      <testcase name="Test Cases/Consumer/Sign Up/ConsSig_01_05_Verify that signing up with valid email" classname="Test Cases/Consumer/Sign Up/ConsSig_01_05_Verify that signing up with valid email" status="PASSED">
         <system-out><![CDATA[2018-10-11 18:18:53 - [TEST_CASE][PASSED] - Test Cases/Consumer/Sign Up/ConsSig_01_05_Verify that signing up with valid email: Test Cases/Consumer/Sign Up/ConsSig_01_05_Verify that signing up with valid email

2018-10-11 18:18:53 - [TEST_STEP][PASSED] - customkeyword.CommonKeyword.OpenBrowser: customkeyword.CommonKeyword.OpenBrowser is PASSED

2018-10-11 18:18:59 - [MESSAGE][PASSED] - Browser is opened with url: 'https://staging-1.pirq.com/user/signup'

2018-10-11 18:19:00 - [MESSAGE][PASSED] - Current window maximized

2018-10-11 18:19:00 - [MESSAGE][PASSED] - customkeyword.CommonKeyword.OpenBrowser is PASSED

2018-10-11 18:19:00 - [TEST_STEP][PASSED] - Statement - today = new java.util.Date(): null

2018-10-11 18:19:00 - [TEST_STEP][PASSED] - Statement - todaysDate = today.format("ddMMyy_hhmmss"): null

2018-10-11 18:19:00 - [TEST_STEP][PASSED] - Statement - var_SignUpEmail = "alanconsumer" + todaysDate + "@yopmail.com": null

2018-10-11 18:19:00 - [TEST_STEP][PASSED] - Statement - var_ConsumerNewSignUpEmail = var_SignUpEmail: null

2018-10-11 18:19:00 - [TEST_STEP][PASSED] - comment: alanconsumer111018_061900@yopmail.com

2018-10-11 18:19:00 - [TEST_STEP][PASSED] - setText: Text 'alanconsumer111018_061900@yopmail.com' is set on object 'Object Repository/Por_Consumer inf/txt_Email_Portal_Signup'

2018-10-11 18:19:01 - [MESSAGE][PASSED] - Text 'alanconsumer111018_061900@yopmail.com' is set on object 'Object Repository/Por_Consumer inf/txt_Email_Portal_Signup'

2018-10-11 18:19:01 - [TEST_STEP][PASSED] - click: Object: 'Object Repository/Por_Consumer inf/btn_CreateAccount_Portal_Signup' is clicked on

2018-10-11 18:19:01 - [MESSAGE][PASSED] - Object: 'Object Repository/Por_Consumer inf/btn_CreateAccount_Portal_Signup' is clicked on

2018-10-11 18:19:01 - [TEST_STEP][PASSED] - verifyElementPresent: Object 'Object Repository/Por_Consumer inf/lbl_SuccessSignup_Portal_Signup' is present

2018-10-11 18:19:01 - [MESSAGE][PASSED] - Object 'Object Repository/Por_Consumer inf/lbl_SuccessSignup_Portal_Signup' is present

2018-10-11 18:19:01 - [TEST_STEP][PASSED] - closeBrowser: Browser is closed

2018-10-11 18:19:02 - [MESSAGE][PASSED] - Browser is closed]]></system-out>
         <system-err><![CDATA[]]></system-err>
      </testcase>
      <testcase name="Test Cases/Consumer/Sign Up/ConsSig_01_06_Verify that clicking on confirmation link will redirect ro confirm-user page with the correct email showed" classname="Test Cases/Consumer/Sign Up/ConsSig_01_06_Verify that clicking on confirmation link will redirect ro confirm-user page with the correct email showed" status="FAILED">
         <failure type="FAILED" message="(Stack trace: com.kms.katalon.core.exception.StepFailedException: Unable to verify object 'Object Repository/Por_Confirm Account inf/lbl_ConfirmYourAccount' is present (Root cause: org.openqa.selenium.InvalidSelectorException: invalid selector: Unable to locate an element with the xpath expression  because of the following error:
SyntaxError: Failed to execute 'evaluate' on 'Document': The string '' is not a valid XPath expression.
  (Session info: chrome=69.0.3497.100)
  (Driver info: chromedriver=2.35.528161 (5b82f2d2aae0ca24b877009200ced9065a772e73),platform=Windows NT 10.0.17134 x86_64) (WARNING: The server did not provide any stacktrace information)
Command duration or timeout: 0 milliseconds
For documentation on this error, please visit: http://seleniumhq.org/exceptions/invalid_selector_exception.html
Build info: version: '3.7.1', revision: '8a0099a', time: '2017-11-06T21:07:36.161Z'
System info: host: 'LP031', ip: '169.254.83.208', os.name: 'Windows 10', os.arch: 'amd64', os.version: '10.0', java.version: '1.8.0_181'
Driver info: com.kms.katalon.selenium.driver.CChromeDriver
Capabilities {acceptInsecureCerts: false, acceptSslCerts: false, applicationCacheEnabled: false, browserConnectionEnabled: false, browserName: chrome, chrome: {chromedriverVersion: 2.35.528161 (5b82f2d2aae0ca..., userDataDir: C:\Users\Hoa\AppData\Local\...}, cssSelectorsEnabled: true, databaseEnabled: false, handlesAlerts: true, hasTouchScreen: false, javascriptEnabled: true, locationContextEnabled: true, mobileEmulationEnabled: false, nativeEvents: true, networkConnectionEnabled: false, pageLoadStrategy: normal, platform: XP, platformName: XP, rotatable: false, setWindowRect: true, takesHeapSnapshot: true, takesScreenshot: true, unexpectedAlertBehaviour: , unhandledPromptBehavior: , version: 69.0.3497.100, webStorageEnabled: true}
Session ID: 1f1cda0a108e5e21620f309eb7f81c27
*** Element info: {Using=xpath, value=})
	at com.kms.katalon.core.keyword.internal.KeywordMain.stepFailed(KeywordMain.groovy:36)
	at com.kms.katalon.core.webui.keyword.internal.WebUIKeywordMain.stepFailed(WebUIKeywordMain.groovy:65)
	at com.kms.katalon.core.webui.keyword.internal.WebUIKeywordMain.runKeyword(WebUIKeywordMain.groovy:27)
	at com.kms.katalon.core.webui.keyword.builtin.VerifyElementPresentKeyword.verifyElementPresent(VerifyElementPresentKeyword.groovy:92)
	at com.kms.katalon.core.webui.keyword.builtin.VerifyElementPresentKeyword.execute(VerifyElementPresentKeyword.groovy:68)
	at com.kms.katalon.core.keyword.internal.KeywordExecutor.executeKeywordForPlatform(KeywordExecutor.groovy:53)
	at com.kms.katalon.core.webui.keyword.WebUiBuiltInKeywords.verifyElementPresent(WebUiBuiltInKeywords.groovy:1434)
	at com.kms.katalon.core.webui.keyword.WebUiBuiltInKeywords$verifyElementPresent$3.call(Unknown Source)
	at org.codehaus.groovy.runtime.callsite.CallSiteArray.defaultCall(CallSiteArray.java:48)
	at org.codehaus.groovy.runtime.callsite.AbstractCallSite.call(AbstractCallSite.java:113)
	at org.codehaus.groovy.runtime.callsite.AbstractCallSite.call(AbstractCallSite.java:133)
	at Script1539256117905.run(Script1539256117905.groovy:22)
	at com.kms.katalon.core.main.ScriptEngine.run(ScriptEngine.java:183)
	at com.kms.katalon.core.main.ScriptEngine.runScriptAsRawText(ScriptEngine.java:108)
	at com.kms.katalon.core.main.TestCaseExecutor.runScript(TestCaseExecutor.java:294)
	at com.kms.katalon.core.main.TestCaseExecutor.doExecute(TestCaseExecutor.java:285)
	at com.kms.katalon.core.main.TestCaseExecutor.processExecutionPhase(TestCaseExecutor.java:264)
	at com.kms.katalon.core.main.TestCaseExecutor.accessMainPhase(TestCaseExecutor.java:256)
	at com.kms.katalon.core.main.TestCaseExecutor.execute(TestCaseExecutor.java:200)
	at com.kms.katalon.core.main.TestSuiteExecutor.accessTestCaseMainPhase(TestSuiteExecutor.java:129)
	at com.kms.katalon.core.main.TestSuiteExecutor.accessTestSuiteMainPhase(TestSuiteExecutor.java:112)
	at com.kms.katalon.core.main.TestSuiteExecutor.execute(TestSuiteExecutor.java:81)
	at com.kms.katalon.core.main.TestCaseMain.startTestSuite(TestCaseMain.java:142)
	at com.kms.katalon.core.main.TestCaseMain$startTestSuite$0.call(Unknown Source)
	at org.codehaus.groovy.runtime.callsite.CallSiteArray.defaultCall(CallSiteArray.java:48)
	at org.codehaus.groovy.runtime.callsite.AbstractCallSite.call(AbstractCallSite.java:113)
	at org.codehaus.groovy.runtime.callsite.AbstractCallSite.call(AbstractCallSite.java:141)
	at TempTestSuite1539256550559.run(TempTestSuite1539256550559.groovy:36)
	at groovy.lang.GroovyShell.runScriptOrMainOrTestOrRunnable(GroovyShell.java:263)
	at groovy.lang.GroovyShell.run(GroovyShell.java:518)
	at groovy.lang.GroovyShell.run(GroovyShell.java:507)
	at groovy.ui.GroovyMain.processOnce(GroovyMain.java:653)
	at groovy.ui.GroovyMain.run(GroovyMain.java:384)
	at groovy.ui.GroovyMain.process(GroovyMain.java:370)
	at groovy.ui.GroovyMain.processArgs(GroovyMain.java:129)
	at groovy.ui.GroovyMain.main(GroovyMain.java:109)
	at sun.reflect.NativeMethodAccessorImpl.invoke0(Native Method)
	at sun.reflect.NativeMethodAccessorImpl.invoke(NativeMethodAccessorImpl.java:62)
	at sun.reflect.DelegatingMethodAccessorImpl.invoke(DelegatingMethodAccessorImpl.java:43)
	at java.lang.reflect.Method.invoke(Method.java:498)
	at org.codehaus.groovy.tools.GroovyStarter.rootLoader(GroovyStarter.java:109)
	at org.codehaus.groovy.tools.GroovyStarter.main(GroovyStarter.java:131)
)"/>
         <system-out><![CDATA[2018-10-11 18:19:02 - [TEST_CASE][FAILED] - Test Cases/Consumer/Sign Up/ConsSig_01_06_Verify that clicking on confirmation link will redirect ro confirm-user page with the correct email showed: Test Cases/Consumer/Sign Up/ConsSig_01_06_Verify that clicking on confirmation link will redirect ro confirm-user page with the correct email showed FAILED because (of) (Stack trace: com.kms.katalon.core.exception.StepFailedException: Unable to verify object 'Object Repository/Por_Confirm Account inf/lbl_ConfirmYourAccount' is present (Root cause: org.openqa.selenium.InvalidSelectorException: invalid selector: Unable to locate an element with the xpath expression  because of the following error:
SyntaxError: Failed to execute 'evaluate' on 'Document': The string '' is not a valid XPath expression.
  (Session info: chrome=69.0.3497.100)
  (Driver info: chromedriver=2.35.528161 (5b82f2d2aae0ca24b877009200ced9065a772e73),platform=Windows NT 10.0.17134 x86_64) (WARNING: The server did not provide any stacktrace information)
Command duration or timeout: 0 milliseconds
For documentation on this error, please visit: http://seleniumhq.org/exceptions/invalid_selector_exception.html
Build info: version: '3.7.1', revision: '8a0099a', time: '2017-11-06T21:07:36.161Z'
System info: host: 'LP031', ip: '169.254.83.208', os.name: 'Windows 10', os.arch: 'amd64', os.version: '10.0', java.version: '1.8.0_181'
Driver info: com.kms.katalon.selenium.driver.CChromeDriver
Capabilities {acceptInsecureCerts: false, acceptSslCerts: false, applicationCacheEnabled: false, browserConnectionEnabled: false, browserName: chrome, chrome: {chromedriverVersion: 2.35.528161 (5b82f2d2aae0ca..., userDataDir: C:\Users\Hoa\AppData\Local\...}, cssSelectorsEnabled: true, databaseEnabled: false, handlesAlerts: true, hasTouchScreen: false, javascriptEnabled: true, locationContextEnabled: true, mobileEmulationEnabled: false, nativeEvents: true, networkConnectionEnabled: false, pageLoadStrategy: normal, platform: XP, platformName: XP, rotatable: false, setWindowRect: true, takesHeapSnapshot: true, takesScreenshot: true, unexpectedAlertBehaviour: , unhandledPromptBehavior: , version: 69.0.3497.100, webStorageEnabled: true}
Session ID: 1f1cda0a108e5e21620f309eb7f81c27
*** Element info: {Using=xpath, value=})
	at com.kms.katalon.core.keyword.internal.KeywordMain.stepFailed(KeywordMain.groovy:36)
	at com.kms.katalon.core.webui.keyword.internal.WebUIKeywordMain.stepFailed(WebUIKeywordMain.groovy:65)
	at com.kms.katalon.core.webui.keyword.internal.WebUIKeywordMain.runKeyword(WebUIKeywordMain.groovy:27)
	at com.kms.katalon.core.webui.keyword.builtin.VerifyElementPresentKeyword.verifyElementPresent(VerifyElementPresentKeyword.groovy:92)
	at com.kms.katalon.core.webui.keyword.builtin.VerifyElementPresentKeyword.execute(VerifyElementPresentKeyword.groovy:68)
	at com.kms.katalon.core.keyword.internal.KeywordExecutor.executeKeywordForPlatform(KeywordExecutor.groovy:53)
	at com.kms.katalon.core.webui.keyword.WebUiBuiltInKeywords.verifyElementPresent(WebUiBuiltInKeywords.groovy:1434)
	at com.kms.katalon.core.webui.keyword.WebUiBuiltInKeywords$verifyElementPresent$3.call(Unknown Source)
	at org.codehaus.groovy.runtime.callsite.CallSiteArray.defaultCall(CallSiteArray.java:48)
	at org.codehaus.groovy.runtime.callsite.AbstractCallSite.call(AbstractCallSite.java:113)
	at org.codehaus.groovy.runtime.callsite.AbstractCallSite.call(AbstractCallSite.java:133)
	at Script1539256117905.run(Script1539256117905.groovy:22)
	at com.kms.katalon.core.main.ScriptEngine.run(ScriptEngine.java:183)
	at com.kms.katalon.core.main.ScriptEngine.runScriptAsRawText(ScriptEngine.java:108)
	at com.kms.katalon.core.main.TestCaseExecutor.runScript(TestCaseExecutor.java:294)
	at com.kms.katalon.core.main.TestCaseExecutor.doExecute(TestCaseExecutor.java:285)
	at com.kms.katalon.core.main.TestCaseExecutor.processExecutionPhase(TestCaseExecutor.java:264)
	at com.kms.katalon.core.main.TestCaseExecutor.accessMainPhase(TestCaseExecutor.java:256)
	at com.kms.katalon.core.main.TestCaseExecutor.execute(TestCaseExecutor.java:200)
	at com.kms.katalon.core.main.TestSuiteExecutor.accessTestCaseMainPhase(TestSuiteExecutor.java:129)
	at com.kms.katalon.core.main.TestSuiteExecutor.accessTestSuiteMainPhase(TestSuiteExecutor.java:112)
	at com.kms.katalon.core.main.TestSuiteExecutor.execute(TestSuiteExecutor.java:81)
	at com.kms.katalon.core.main.TestCaseMain.startTestSuite(TestCaseMain.java:142)
	at com.kms.katalon.core.main.TestCaseMain$startTestSuite$0.call(Unknown Source)
	at org.codehaus.groovy.runtime.callsite.CallSiteArray.defaultCall(CallSiteArray.java:48)
	at org.codehaus.groovy.runtime.callsite.AbstractCallSite.call(AbstractCallSite.java:113)
	at org.codehaus.groovy.runtime.callsite.AbstractCallSite.call(AbstractCallSite.java:141)
	at TempTestSuite1539256550559.run(TempTestSuite1539256550559.groovy:36)
	at groovy.lang.GroovyShell.runScriptOrMainOrTestOrRunnable(GroovyShell.java:263)
	at groovy.lang.GroovyShell.run(GroovyShell.java:518)
	at groovy.lang.GroovyShell.run(GroovyShell.java:507)
	at groovy.ui.GroovyMain.processOnce(GroovyMain.java:653)
	at groovy.ui.GroovyMain.run(GroovyMain.java:384)
	at groovy.ui.GroovyMain.process(GroovyMain.java:370)
	at groovy.ui.GroovyMain.processArgs(GroovyMain.java:129)
	at groovy.ui.GroovyMain.main(GroovyMain.java:109)
	at sun.reflect.NativeMethodAccessorImpl.invoke0(Native Method)
	at sun.reflect.NativeMethodAccessorImpl.invoke(NativeMethodAccessorImpl.java:62)
	at sun.reflect.DelegatingMethodAccessorImpl.invoke(DelegatingMethodAccessorImpl.java:43)
	at java.lang.reflect.Method.invoke(Method.java:498)
	at org.codehaus.groovy.tools.GroovyStarter.rootLoader(GroovyStarter.java:109)
	at org.codehaus.groovy.tools.GroovyStarter.main(GroovyStarter.java:131)
)

2018-10-11 18:19:02 - [TEST_STEP][PASSED] - customkeyword.CommonKeyword.OpenBrowser: customkeyword.CommonKeyword.OpenBrowser is PASSED

2018-10-11 18:19:07 - [MESSAGE][PASSED] - Browser is opened with url: 'http://www.yopmail.com/en/'

2018-10-11 18:19:08 - [MESSAGE][PASSED] - Current window maximized

2018-10-11 18:19:08 - [MESSAGE][PASSED] - customkeyword.CommonKeyword.OpenBrowser is PASSED

2018-10-11 18:19:08 - [TEST_STEP][PASSED] - customkeyword.CommonKeyword.CheckYopmailLink: customkeyword.CommonKeyword.CheckYopmailLink is PASSED

2018-10-11 18:19:09 - [MESSAGE][PASSED] - Text 'alanconsumer111018_052605@yopmail.com' is set on object 'Object Repository/Yopmail inf/txt_Login_Yopmail'

2018-10-11 18:19:12 - [MESSAGE][PASSED] - Object: 'Object Repository/Yopmail inf/btn_CheckInbox_Yopmail' is clicked on

2018-10-11 18:19:14 - [MESSAGE][PASSED] - customkeyword.CommonKeyword.CheckYopmailLink is PASSED

2018-10-11 18:19:14 - [TEST_STEP][PASSED] - switchToWindowTitle: Switched to window with title: 'Pirq'

2018-10-11 18:19:20 - [MESSAGE][PASSED] - Switched to window with title: 'Pirq'

2018-10-11 18:19:20 - [TEST_STEP][FAILED] - verifyElementPresent: Unable to verify object 'Object Repository/Por_Confirm Account inf/lbl_ConfirmYourAccount' is present (Root cause: org.openqa.selenium.InvalidSelectorException: invalid selector: Unable to locate an element with the xpath expression  because of the following error:
SyntaxError: Failed to execute 'evaluate' on 'Document': The string '' is not a valid XPath expression.
  (Session info: chrome=69.0.3497.100)
  (Driver info: chromedriver=2.35.528161 (5b82f2d2aae0ca24b877009200ced9065a772e73),platform=Windows NT 10.0.17134 x86_64) (WARNING: The server did not provide any stacktrace information)
Command duration or timeout: 0 milliseconds
For documentation on this error, please visit: http://seleniumhq.org/exceptions/invalid_selector_exception.html
Build info: version: '3.7.1', revision: '8a0099a', time: '2017-11-06T21:07:36.161Z'
System info: host: 'LP031', ip: '169.254.83.208', os.name: 'Windows 10', os.arch: 'amd64', os.version: '10.0', java.version: '1.8.0_181'
Driver info: com.kms.katalon.selenium.driver.CChromeDriver
Capabilities {acceptInsecureCerts: false, acceptSslCerts: false, applicationCacheEnabled: false, browserConnectionEnabled: false, browserName: chrome, chrome: {chromedriverVersion: 2.35.528161 (5b82f2d2aae0ca..., userDataDir: C:\Users\Hoa\AppData\Local\...}, cssSelectorsEnabled: true, databaseEnabled: false, handlesAlerts: true, hasTouchScreen: false, javascriptEnabled: true, locationContextEnabled: true, mobileEmulationEnabled: false, nativeEvents: true, networkConnectionEnabled: false, pageLoadStrategy: normal, platform: XP, platformName: XP, rotatable: false, setWindowRect: true, takesHeapSnapshot: true, takesScreenshot: true, unexpectedAlertBehaviour: , unhandledPromptBehavior: , version: 69.0.3497.100, webStorageEnabled: true}
Session ID: 1f1cda0a108e5e21620f309eb7f81c27
*** Element info: {Using=xpath, value=})

2018-10-11 18:19:31 - [MESSAGE][FAILED] - Unable to verify object 'Object Repository/Por_Confirm Account inf/lbl_ConfirmYourAccount' is present (Root cause: org.openqa.selenium.InvalidSelectorException: invalid selector: Unable to locate an element with the xpath expression  because of the following error:
SyntaxError: Failed to execute 'evaluate' on 'Document': The string '' is not a valid XPath expression.
  (Session info: chrome=69.0.3497.100)
  (Driver info: chromedriver=2.35.528161 (5b82f2d2aae0ca24b877009200ced9065a772e73),platform=Windows NT 10.0.17134 x86_64) (WARNING: The server did not provide any stacktrace information)
Command duration or timeout: 0 milliseconds
For documentation on this error, please visit: http://seleniumhq.org/exceptions/invalid_selector_exception.html
Build info: version: '3.7.1', revision: '8a0099a', time: '2017-11-06T21:07:36.161Z'
System info: host: 'LP031', ip: '169.254.83.208', os.name: 'Windows 10', os.arch: 'amd64', os.version: '10.0', java.version: '1.8.0_181'
Driver info: com.kms.katalon.selenium.driver.CChromeDriver
Capabilities {acceptInsecureCerts: false, acceptSslCerts: false, applicationCacheEnabled: false, browserConnectionEnabled: false, browserName: chrome, chrome: {chromedriverVersion: 2.35.528161 (5b82f2d2aae0ca..., userDataDir: C:\Users\Hoa\AppData\Local\...}, cssSelectorsEnabled: true, databaseEnabled: false, handlesAlerts: true, hasTouchScreen: false, javascriptEnabled: true, locationContextEnabled: true, mobileEmulationEnabled: false, nativeEvents: true, networkConnectionEnabled: false, pageLoadStrategy: normal, platform: XP, platformName: XP, rotatable: false, setWindowRect: true, takesHeapSnapshot: true, takesScreenshot: true, unexpectedAlertBehaviour: , unhandledPromptBehavior: , version: 69.0.3497.100, webStorageEnabled: true}
Session ID: 1f1cda0a108e5e21620f309eb7f81c27
*** Element info: {Using=xpath, value=})
[[ATTACHMENT|C:\\Users\\Hoa\\Documents\\GitHub\\iPayment\\Reports\\Consumer_TestSuites\\20181011_181541\\1539256770923.png]]]]></system-out>
         <system-err><![CDATA[2018-10-11 18:19:02 - [TEST_CASE][FAILED] - Test Cases/Consumer/Sign Up/ConsSig_01_06_Verify that clicking on confirmation link will redirect ro confirm-user page with the correct email showed: Test Cases/Consumer/Sign Up/ConsSig_01_06_Verify that clicking on confirmation link will redirect ro confirm-user page with the correct email showed FAILED because (of) (Stack trace: com.kms.katalon.core.exception.StepFailedException: Unable to verify object 'Object Repository/Por_Confirm Account inf/lbl_ConfirmYourAccount' is present (Root cause: org.openqa.selenium.InvalidSelectorException: invalid selector: Unable to locate an element with the xpath expression  because of the following error:
SyntaxError: Failed to execute 'evaluate' on 'Document': The string '' is not a valid XPath expression.
  (Session info: chrome=69.0.3497.100)
  (Driver info: chromedriver=2.35.528161 (5b82f2d2aae0ca24b877009200ced9065a772e73),platform=Windows NT 10.0.17134 x86_64) (WARNING: The server did not provide any stacktrace information)
Command duration or timeout: 0 milliseconds
For documentation on this error, please visit: http://seleniumhq.org/exceptions/invalid_selector_exception.html
Build info: version: '3.7.1', revision: '8a0099a', time: '2017-11-06T21:07:36.161Z'
System info: host: 'LP031', ip: '169.254.83.208', os.name: 'Windows 10', os.arch: 'amd64', os.version: '10.0', java.version: '1.8.0_181'
Driver info: com.kms.katalon.selenium.driver.CChromeDriver
Capabilities {acceptInsecureCerts: false, acceptSslCerts: false, applicationCacheEnabled: false, browserConnectionEnabled: false, browserName: chrome, chrome: {chromedriverVersion: 2.35.528161 (5b82f2d2aae0ca..., userDataDir: C:\Users\Hoa\AppData\Local\...}, cssSelectorsEnabled: true, databaseEnabled: false, handlesAlerts: true, hasTouchScreen: false, javascriptEnabled: true, locationContextEnabled: true, mobileEmulationEnabled: false, nativeEvents: true, networkConnectionEnabled: false, pageLoadStrategy: normal, platform: XP, platformName: XP, rotatable: false, setWindowRect: true, takesHeapSnapshot: true, takesScreenshot: true, unexpectedAlertBehaviour: , unhandledPromptBehavior: , version: 69.0.3497.100, webStorageEnabled: true}
Session ID: 1f1cda0a108e5e21620f309eb7f81c27
*** Element info: {Using=xpath, value=})
	at com.kms.katalon.core.keyword.internal.KeywordMain.stepFailed(KeywordMain.groovy:36)
	at com.kms.katalon.core.webui.keyword.internal.WebUIKeywordMain.stepFailed(WebUIKeywordMain.groovy:65)
	at com.kms.katalon.core.webui.keyword.internal.WebUIKeywordMain.runKeyword(WebUIKeywordMain.groovy:27)
	at com.kms.katalon.core.webui.keyword.builtin.VerifyElementPresentKeyword.verifyElementPresent(VerifyElementPresentKeyword.groovy:92)
	at com.kms.katalon.core.webui.keyword.builtin.VerifyElementPresentKeyword.execute(VerifyElementPresentKeyword.groovy:68)
	at com.kms.katalon.core.keyword.internal.KeywordExecutor.executeKeywordForPlatform(KeywordExecutor.groovy:53)
	at com.kms.katalon.core.webui.keyword.WebUiBuiltInKeywords.verifyElementPresent(WebUiBuiltInKeywords.groovy:1434)
	at com.kms.katalon.core.webui.keyword.WebUiBuiltInKeywords$verifyElementPresent$3.call(Unknown Source)
	at org.codehaus.groovy.runtime.callsite.CallSiteArray.defaultCall(CallSiteArray.java:48)
	at org.codehaus.groovy.runtime.callsite.AbstractCallSite.call(AbstractCallSite.java:113)
	at org.codehaus.groovy.runtime.callsite.AbstractCallSite.call(AbstractCallSite.java:133)
	at Script1539256117905.run(Script1539256117905.groovy:22)
	at com.kms.katalon.core.main.ScriptEngine.run(ScriptEngine.java:183)
	at com.kms.katalon.core.main.ScriptEngine.runScriptAsRawText(ScriptEngine.java:108)
	at com.kms.katalon.core.main.TestCaseExecutor.runScript(TestCaseExecutor.java:294)
	at com.kms.katalon.core.main.TestCaseExecutor.doExecute(TestCaseExecutor.java:285)
	at com.kms.katalon.core.main.TestCaseExecutor.processExecutionPhase(TestCaseExecutor.java:264)
	at com.kms.katalon.core.main.TestCaseExecutor.accessMainPhase(TestCaseExecutor.java:256)
	at com.kms.katalon.core.main.TestCaseExecutor.execute(TestCaseExecutor.java:200)
	at com.kms.katalon.core.main.TestSuiteExecutor.accessTestCaseMainPhase(TestSuiteExecutor.java:129)
	at com.kms.katalon.core.main.TestSuiteExecutor.accessTestSuiteMainPhase(TestSuiteExecutor.java:112)
	at com.kms.katalon.core.main.TestSuiteExecutor.execute(TestSuiteExecutor.java:81)
	at com.kms.katalon.core.main.TestCaseMain.startTestSuite(TestCaseMain.java:142)
	at com.kms.katalon.core.main.TestCaseMain$startTestSuite$0.call(Unknown Source)
	at org.codehaus.groovy.runtime.callsite.CallSiteArray.defaultCall(CallSiteArray.java:48)
	at org.codehaus.groovy.runtime.callsite.AbstractCallSite.call(AbstractCallSite.java:113)
	at org.codehaus.groovy.runtime.callsite.AbstractCallSite.call(AbstractCallSite.java:141)
	at TempTestSuite1539256550559.run(TempTestSuite1539256550559.groovy:36)
	at groovy.lang.GroovyShell.runScriptOrMainOrTestOrRunnable(GroovyShell.java:263)
	at groovy.lang.GroovyShell.run(GroovyShell.java:518)
	at groovy.lang.GroovyShell.run(GroovyShell.java:507)
	at groovy.ui.GroovyMain.processOnce(GroovyMain.java:653)
	at groovy.ui.GroovyMain.run(GroovyMain.java:384)
	at groovy.ui.GroovyMain.process(GroovyMain.java:370)
	at groovy.ui.GroovyMain.processArgs(GroovyMain.java:129)
	at groovy.ui.GroovyMain.main(GroovyMain.java:109)
	at sun.reflect.NativeMethodAccessorImpl.invoke0(Native Method)
	at sun.reflect.NativeMethodAccessorImpl.invoke(NativeMethodAccessorImpl.java:62)
	at sun.reflect.DelegatingMethodAccessorImpl.invoke(DelegatingMethodAccessorImpl.java:43)
	at java.lang.reflect.Method.invoke(Method.java:498)
	at org.codehaus.groovy.tools.GroovyStarter.rootLoader(GroovyStarter.java:109)
	at org.codehaus.groovy.tools.GroovyStarter.main(GroovyStarter.java:131)
)]]></system-err>
      </testcase>
      <testcase name="Test Cases/Consumer/Sign Up/ConsSig_01_07_Verify that submitting confirm account with empty first name" classname="Test Cases/Consumer/Sign Up/ConsSig_01_07_Verify that submitting confirm account with empty first name" status="PASSED">
         <system-out><![CDATA[2018-10-11 18:19:31 - [TEST_CASE][PASSED] - Test Cases/Consumer/Sign Up/ConsSig_01_07_Verify that submitting confirm account with empty first name: Test Cases/Consumer/Sign Up/ConsSig_01_07_Verify that submitting confirm account with empty first name

2018-10-11 18:19:31 - [TEST_STEP][PASSED] - customkeyword.CommonKeyword.OpenBrowser: customkeyword.CommonKeyword.OpenBrowser is PASSED

2018-10-11 18:19:31 - [MESSAGE][WARNING] - A browser is already opened. Closing browser and opening a new one

2018-10-11 18:19:36 - [MESSAGE][PASSED] - Browser is opened with url: 'http://www.yopmail.com/en/'

2018-10-11 18:19:37 - [MESSAGE][PASSED] - Current window maximized

2018-10-11 18:19:37 - [MESSAGE][PASSED] - customkeyword.CommonKeyword.OpenBrowser is PASSED

2018-10-11 18:19:37 - [TEST_STEP][PASSED] - customkeyword.CommonKeyword.CheckYopmailLink: customkeyword.CommonKeyword.CheckYopmailLink is PASSED

2018-10-11 18:19:38 - [MESSAGE][PASSED] - Text 'alanconsumer111018_061900@yopmail.com' is set on object 'Object Repository/Yopmail inf/txt_Login_Yopmail'

2018-10-11 18:19:41 - [MESSAGE][PASSED] - Object: 'Object Repository/Yopmail inf/btn_CheckInbox_Yopmail' is clicked on

2018-10-11 18:19:42 - [MESSAGE][PASSED] - customkeyword.CommonKeyword.CheckYopmailLink is PASSED

2018-10-11 18:19:42 - [TEST_STEP][PASSED] - switchToWindowTitle: Switched to window with title: 'Pirq'

2018-10-11 18:19:48 - [MESSAGE][PASSED] - Switched to window with title: 'Pirq'

2018-10-11 18:19:48 - [TEST_STEP][PASSED] - verifyElementPresent: Object 'Object Repository/Por_Confirm Account inf/lbl_ConfirmYourAccount' is present

2018-10-11 18:19:48 - [MESSAGE][PASSED] - Object 'Object Repository/Por_Confirm Account inf/lbl_ConfirmYourAccount' is present

2018-10-11 18:19:48 - [TEST_STEP][PASSED] - click: Object: 'Object Repository/Por_Confirm Account inf/btn_Confirm' is clicked on

2018-10-11 18:19:48 - [MESSAGE][PASSED] - Object: 'Object Repository/Por_Confirm Account inf/btn_Confirm' is clicked on

2018-10-11 18:19:48 - [TEST_STEP][PASSED] - verifyElementPresent: Object 'Object Repository/Por_Confirm Account inf/lbl_PlsProvideaFirstName' is present

2018-10-11 18:19:48 - [MESSAGE][PASSED] - Object 'Object Repository/Por_Confirm Account inf/lbl_PlsProvideaFirstName' is present

2018-10-11 18:19:48 - [TEST_STEP][PASSED] - closeBrowser: Browser is closed

2018-10-11 18:19:49 - [MESSAGE][PASSED] - Browser is closed]]></system-out>
         <system-err><![CDATA[]]></system-err>
      </testcase>
      <testcase name="Test Cases/Consumer/Sign Up/ConsSig_01_08_Verify that submitting confirm account with empty last name" classname="Test Cases/Consumer/Sign Up/ConsSig_01_08_Verify that submitting confirm account with empty last name" status="PASSED">
         <system-out><![CDATA[2018-10-11 18:19:49 - [TEST_CASE][PASSED] - Test Cases/Consumer/Sign Up/ConsSig_01_08_Verify that submitting confirm account with empty last name: Test Cases/Consumer/Sign Up/ConsSig_01_08_Verify that submitting confirm account with empty last name

2018-10-11 18:19:49 - [TEST_STEP][PASSED] - customkeyword.CommonKeyword.OpenBrowser: customkeyword.CommonKeyword.OpenBrowser is PASSED

2018-10-11 18:19:54 - [MESSAGE][PASSED] - Browser is opened with url: 'http://www.yopmail.com/en/'

2018-10-11 18:19:55 - [MESSAGE][PASSED] - Current window maximized

2018-10-11 18:19:55 - [MESSAGE][PASSED] - customkeyword.CommonKeyword.OpenBrowser is PASSED

2018-10-11 18:19:55 - [TEST_STEP][PASSED] - customkeyword.CommonKeyword.CheckYopmailLink: customkeyword.CommonKeyword.CheckYopmailLink is PASSED

2018-10-11 18:19:56 - [MESSAGE][PASSED] - Text 'alanconsumer111018_061900@yopmail.com' is set on object 'Object Repository/Yopmail inf/txt_Login_Yopmail'

2018-10-11 18:19:59 - [MESSAGE][PASSED] - Object: 'Object Repository/Yopmail inf/btn_CheckInbox_Yopmail' is clicked on

2018-10-11 18:20:00 - [MESSAGE][PASSED] - customkeyword.CommonKeyword.CheckYopmailLink is PASSED

2018-10-11 18:20:00 - [TEST_STEP][PASSED] - switchToWindowTitle: Switched to window with title: 'Pirq'

2018-10-11 18:20:07 - [MESSAGE][PASSED] - Switched to window with title: 'Pirq'

2018-10-11 18:20:07 - [TEST_STEP][PASSED] - verifyElementPresent: Object 'Object Repository/Por_Confirm Account inf/lbl_ConfirmYourAccount' is present

2018-10-11 18:20:07 - [MESSAGE][PASSED] - Object 'Object Repository/Por_Confirm Account inf/lbl_ConfirmYourAccount' is present

2018-10-11 18:20:07 - [TEST_STEP][PASSED] - setText: Text 'Alan' is set on object 'Object Repository/Por_Confirm Account inf/txt_FirstName'

2018-10-11 18:20:07 - [MESSAGE][PASSED] - Text 'Alan' is set on object 'Object Repository/Por_Confirm Account inf/txt_FirstName'

2018-10-11 18:20:07 - [TEST_STEP][PASSED] - click: Object: 'Object Repository/Por_Confirm Account inf/btn_Confirm' is clicked on

2018-10-11 18:20:08 - [MESSAGE][PASSED] - Object: 'Object Repository/Por_Confirm Account inf/btn_Confirm' is clicked on

2018-10-11 18:20:08 - [TEST_STEP][PASSED] - verifyElementPresent: Object 'Object Repository/Por_Confirm Account inf/lbl_PlsProvideaLastName' is present

2018-10-11 18:20:08 - [MESSAGE][PASSED] - Object 'Object Repository/Por_Confirm Account inf/lbl_PlsProvideaLastName' is present

2018-10-11 18:20:08 - [TEST_STEP][PASSED] - closeBrowser: Browser is closed

2018-10-11 18:20:08 - [MESSAGE][PASSED] - Browser is closed]]></system-out>
         <system-err><![CDATA[]]></system-err>
      </testcase>
      <testcase name="Test Cases/Consumer/Sign Up/ConsSig_01_09_Verify that submitting confirm account with empty password" classname="Test Cases/Consumer/Sign Up/ConsSig_01_09_Verify that submitting confirm account with empty password" status="PASSED">
         <system-out><![CDATA[2018-10-11 18:20:08 - [TEST_CASE][PASSED] - Test Cases/Consumer/Sign Up/ConsSig_01_09_Verify that submitting confirm account with empty password: Test Cases/Consumer/Sign Up/ConsSig_01_09_Verify that submitting confirm account with empty password

2018-10-11 18:20:09 - [TEST_STEP][PASSED] - customkeyword.CommonKeyword.OpenBrowser: customkeyword.CommonKeyword.OpenBrowser is PASSED

2018-10-11 18:20:13 - [MESSAGE][PASSED] - Browser is opened with url: 'http://www.yopmail.com/en/'

2018-10-11 18:20:14 - [MESSAGE][PASSED] - Current window maximized

2018-10-11 18:20:14 - [MESSAGE][PASSED] - customkeyword.CommonKeyword.OpenBrowser is PASSED

2018-10-11 18:20:14 - [TEST_STEP][PASSED] - customkeyword.CommonKeyword.CheckYopmailLink: customkeyword.CommonKeyword.CheckYopmailLink is PASSED

2018-10-11 18:20:15 - [MESSAGE][PASSED] - Text 'alanconsumer111018_061900@yopmail.com' is set on object 'Object Repository/Yopmail inf/txt_Login_Yopmail'

2018-10-11 18:20:18 - [MESSAGE][PASSED] - Object: 'Object Repository/Yopmail inf/btn_CheckInbox_Yopmail' is clicked on

2018-10-11 18:20:19 - [MESSAGE][PASSED] - customkeyword.CommonKeyword.CheckYopmailLink is PASSED

2018-10-11 18:20:19 - [TEST_STEP][PASSED] - switchToWindowTitle: Switched to window with title: 'Pirq'

2018-10-11 18:20:25 - [MESSAGE][PASSED] - Switched to window with title: 'Pirq'

2018-10-11 18:20:25 - [TEST_STEP][PASSED] - verifyElementPresent: Object 'Object Repository/Por_Confirm Account inf/lbl_ConfirmYourAccount' is present

2018-10-11 18:20:25 - [MESSAGE][PASSED] - Object 'Object Repository/Por_Confirm Account inf/lbl_ConfirmYourAccount' is present

2018-10-11 18:20:25 - [TEST_STEP][PASSED] - setText: Text 'Alan' is set on object 'Object Repository/Por_Confirm Account inf/txt_FirstName'

2018-10-11 18:20:25 - [MESSAGE][PASSED] - Text 'Alan' is set on object 'Object Repository/Por_Confirm Account inf/txt_FirstName'

2018-10-11 18:20:25 - [TEST_STEP][PASSED] - setText: Text 'Consumer' is set on object 'Object Repository/Por_Confirm Account inf/txt_LastName'

2018-10-11 18:20:25 - [MESSAGE][PASSED] - Text 'Consumer' is set on object 'Object Repository/Por_Confirm Account inf/txt_LastName'

2018-10-11 18:20:25 - [TEST_STEP][PASSED] - click: Object: 'Object Repository/Por_Confirm Account inf/btn_Confirm' is clicked on

2018-10-11 18:20:26 - [MESSAGE][PASSED] - Object: 'Object Repository/Por_Confirm Account inf/btn_Confirm' is clicked on

2018-10-11 18:20:26 - [TEST_STEP][PASSED] - verifyElementPresent: Object 'Object Repository/Por_Confirm Account inf/lbl_PlsSetYourPassword' is present

2018-10-11 18:20:26 - [MESSAGE][PASSED] - Object 'Object Repository/Por_Confirm Account inf/lbl_PlsSetYourPassword' is present

2018-10-11 18:20:26 - [TEST_STEP][PASSED] - closeBrowser: Browser is closed

2018-10-11 18:20:27 - [MESSAGE][PASSED] - Browser is closed]]></system-out>
         <system-err><![CDATA[]]></system-err>
      </testcase>
      <testcase name="Test Cases/Consumer/Sign Up/ConsSig_01_10_Verify that submitting confirm account with password lessthan 8 characters" classname="Test Cases/Consumer/Sign Up/ConsSig_01_10_Verify that submitting confirm account with password lessthan 8 characters" status="PASSED">
         <system-out><![CDATA[2018-10-11 18:20:27 - [TEST_CASE][PASSED] - Test Cases/Consumer/Sign Up/ConsSig_01_10_Verify that submitting confirm account with password lessthan 8 characters: Test Cases/Consumer/Sign Up/ConsSig_01_10_Verify that submitting confirm account with password lessthan 8 characters

2018-10-11 18:20:27 - [TEST_STEP][PASSED] - customkeyword.CommonKeyword.OpenBrowser: customkeyword.CommonKeyword.OpenBrowser is PASSED

2018-10-11 18:20:34 - [MESSAGE][PASSED] - Browser is opened with url: 'http://www.yopmail.com/en/'

2018-10-11 18:20:35 - [MESSAGE][PASSED] - Current window maximized

2018-10-11 18:20:35 - [MESSAGE][PASSED] - customkeyword.CommonKeyword.OpenBrowser is PASSED

2018-10-11 18:20:35 - [TEST_STEP][PASSED] - customkeyword.CommonKeyword.CheckYopmailLink: customkeyword.CommonKeyword.CheckYopmailLink is PASSED

2018-10-11 18:20:36 - [MESSAGE][PASSED] - Text 'alanconsumer111018_061900@yopmail.com' is set on object 'Object Repository/Yopmail inf/txt_Login_Yopmail'

2018-10-11 18:20:39 - [MESSAGE][PASSED] - Object: 'Object Repository/Yopmail inf/btn_CheckInbox_Yopmail' is clicked on

2018-10-11 18:20:40 - [MESSAGE][PASSED] - customkeyword.CommonKeyword.CheckYopmailLink is PASSED

2018-10-11 18:20:40 - [TEST_STEP][PASSED] - switchToWindowTitle: Switched to window with title: 'Pirq'

2018-10-11 18:20:45 - [MESSAGE][PASSED] - Switched to window with title: 'Pirq'

2018-10-11 18:20:45 - [TEST_STEP][PASSED] - verifyElementPresent: Object 'Object Repository/Por_Confirm Account inf/lbl_ConfirmYourAccount' is present

2018-10-11 18:20:45 - [MESSAGE][PASSED] - Object 'Object Repository/Por_Confirm Account inf/lbl_ConfirmYourAccount' is present

2018-10-11 18:20:45 - [TEST_STEP][PASSED] - setText: Text 'Alan' is set on object 'Object Repository/Por_Confirm Account inf/txt_FirstName'

2018-10-11 18:20:45 - [MESSAGE][PASSED] - Text 'Alan' is set on object 'Object Repository/Por_Confirm Account inf/txt_FirstName'

2018-10-11 18:20:45 - [TEST_STEP][PASSED] - setText: Text 'Consumer' is set on object 'Object Repository/Por_Confirm Account inf/txt_LastName'

2018-10-11 18:20:46 - [MESSAGE][PASSED] - Text 'Consumer' is set on object 'Object Repository/Por_Confirm Account inf/txt_LastName'

2018-10-11 18:20:46 - [TEST_STEP][PASSED] - setText: Text '123' is set on object 'Object Repository/Por_Confirm Account inf/txt_SetPassword'

2018-10-11 18:20:46 - [MESSAGE][PASSED] - Text '123' is set on object 'Object Repository/Por_Confirm Account inf/txt_SetPassword'

2018-10-11 18:20:46 - [TEST_STEP][PASSED] - click: Object: 'Object Repository/Por_Confirm Account inf/btn_Confirm' is clicked on

2018-10-11 18:20:46 - [MESSAGE][PASSED] - Object: 'Object Repository/Por_Confirm Account inf/btn_Confirm' is clicked on

2018-10-11 18:20:46 - [TEST_STEP][PASSED] - verifyElementPresent: Object 'Object Repository/Por_Confirm Account inf/lbl_PasswordMustBe8char' is present

2018-10-11 18:20:46 - [MESSAGE][PASSED] - Object 'Object Repository/Por_Confirm Account inf/lbl_PasswordMustBe8char' is present

2018-10-11 18:20:46 - [TEST_STEP][PASSED] - closeBrowser: Browser is closed

2018-10-11 18:20:47 - [MESSAGE][PASSED] - Browser is closed]]></system-out>
         <system-err><![CDATA[]]></system-err>
      </testcase>
      <testcase name="Test Cases/Consumer/Sign Up/ConsSig_01_11_Verify that submitting confirm account with password no alphabet character" classname="Test Cases/Consumer/Sign Up/ConsSig_01_11_Verify that submitting confirm account with password no alphabet character" status="PASSED">
         <system-out><![CDATA[2018-10-11 18:20:47 - [TEST_CASE][PASSED] - Test Cases/Consumer/Sign Up/ConsSig_01_11_Verify that submitting confirm account with password no alphabet character: Test Cases/Consumer/Sign Up/ConsSig_01_11_Verify that submitting confirm account with password no alphabet character

2018-10-11 18:20:47 - [TEST_STEP][PASSED] - customkeyword.CommonKeyword.OpenBrowser: customkeyword.CommonKeyword.OpenBrowser is PASSED

2018-10-11 18:20:52 - [MESSAGE][PASSED] - Browser is opened with url: 'http://www.yopmail.com/en/'

2018-10-11 18:20:53 - [MESSAGE][PASSED] - Current window maximized

2018-10-11 18:20:53 - [MESSAGE][PASSED] - customkeyword.CommonKeyword.OpenBrowser is PASSED

2018-10-11 18:20:53 - [TEST_STEP][PASSED] - customkeyword.CommonKeyword.CheckYopmailLink: customkeyword.CommonKeyword.CheckYopmailLink is PASSED

2018-10-11 18:20:53 - [MESSAGE][PASSED] - Text 'alanconsumer111018_061900@yopmail.com' is set on object 'Object Repository/Yopmail inf/txt_Login_Yopmail'

2018-10-11 18:20:59 - [MESSAGE][PASSED] - Object: 'Object Repository/Yopmail inf/btn_CheckInbox_Yopmail' is clicked on

2018-10-11 18:21:00 - [MESSAGE][PASSED] - customkeyword.CommonKeyword.CheckYopmailLink is PASSED

2018-10-11 18:21:00 - [TEST_STEP][PASSED] - switchToWindowTitle: Switched to window with title: 'Pirq'

2018-10-11 18:21:06 - [MESSAGE][PASSED] - Switched to window with title: 'Pirq'

2018-10-11 18:21:06 - [TEST_STEP][PASSED] - verifyElementPresent: Object 'Object Repository/Por_Confirm Account inf/lbl_ConfirmYourAccount' is present

2018-10-11 18:21:06 - [MESSAGE][PASSED] - Object 'Object Repository/Por_Confirm Account inf/lbl_ConfirmYourAccount' is present

2018-10-11 18:21:06 - [TEST_STEP][PASSED] - setText: Text 'Alan' is set on object 'Object Repository/Por_Confirm Account inf/txt_FirstName'

2018-10-11 18:21:06 - [MESSAGE][PASSED] - Text 'Alan' is set on object 'Object Repository/Por_Confirm Account inf/txt_FirstName'

2018-10-11 18:21:06 - [TEST_STEP][PASSED] - setText: Text 'Consumer' is set on object 'Object Repository/Por_Confirm Account inf/txt_LastName'

2018-10-11 18:21:06 - [MESSAGE][PASSED] - Text 'Consumer' is set on object 'Object Repository/Por_Confirm Account inf/txt_LastName'

2018-10-11 18:21:06 - [TEST_STEP][PASSED] - setText: Text '12345678' is set on object 'Object Repository/Por_Confirm Account inf/txt_SetPassword'

2018-10-11 18:21:06 - [MESSAGE][PASSED] - Text '12345678' is set on object 'Object Repository/Por_Confirm Account inf/txt_SetPassword'

2018-10-11 18:21:06 - [TEST_STEP][PASSED] - click: Object: 'Object Repository/Por_Confirm Account inf/btn_Confirm' is clicked on

2018-10-11 18:21:07 - [MESSAGE][PASSED] - Object: 'Object Repository/Por_Confirm Account inf/btn_Confirm' is clicked on

2018-10-11 18:21:07 - [TEST_STEP][PASSED] - verifyElementPresent: Object 'Object Repository/Por_Confirm Account inf/lbl_PasswordLeast1Alphabet' is present

2018-10-11 18:21:07 - [MESSAGE][PASSED] - Object 'Object Repository/Por_Confirm Account inf/lbl_PasswordLeast1Alphabet' is present

2018-10-11 18:21:07 - [TEST_STEP][PASSED] - closeBrowser: Browser is closed

2018-10-11 18:21:08 - [MESSAGE][PASSED] - Browser is closed]]></system-out>
         <system-err><![CDATA[]]></system-err>
      </testcase>
      <testcase name="Test Cases/Consumer/Sign Up/ConsSig_01_12_Verify that submitting confirm account with invalid confirm-password" classname="Test Cases/Consumer/Sign Up/ConsSig_01_12_Verify that submitting confirm account with invalid confirm-password" status="PASSED">
         <system-out><![CDATA[2018-10-11 18:21:08 - [TEST_CASE][PASSED] - Test Cases/Consumer/Sign Up/ConsSig_01_12_Verify that submitting confirm account with invalid confirm-password: Test Cases/Consumer/Sign Up/ConsSig_01_12_Verify that submitting confirm account with invalid confirm-password

2018-10-11 18:21:08 - [TEST_STEP][PASSED] - customkeyword.CommonKeyword.OpenBrowser: customkeyword.CommonKeyword.OpenBrowser is PASSED

2018-10-11 18:21:13 - [MESSAGE][PASSED] - Browser is opened with url: 'http://www.yopmail.com/en/'

2018-10-11 18:21:14 - [MESSAGE][PASSED] - Current window maximized

2018-10-11 18:21:14 - [MESSAGE][PASSED] - customkeyword.CommonKeyword.OpenBrowser is PASSED

2018-10-11 18:21:14 - [TEST_STEP][PASSED] - customkeyword.CommonKeyword.CheckYopmailLink: customkeyword.CommonKeyword.CheckYopmailLink is PASSED

2018-10-11 18:21:14 - [MESSAGE][PASSED] - Text 'alanconsumer111018_061900@yopmail.com' is set on object 'Object Repository/Yopmail inf/txt_Login_Yopmail'

2018-10-11 18:21:19 - [MESSAGE][PASSED] - Object: 'Object Repository/Yopmail inf/btn_CheckInbox_Yopmail' is clicked on

2018-10-11 18:21:20 - [MESSAGE][PASSED] - customkeyword.CommonKeyword.CheckYopmailLink is PASSED

2018-10-11 18:21:20 - [TEST_STEP][PASSED] - switchToWindowTitle: Switched to window with title: 'Pirq'

2018-10-11 18:21:25 - [MESSAGE][PASSED] - Switched to window with title: 'Pirq'

2018-10-11 18:21:25 - [TEST_STEP][PASSED] - verifyElementPresent: Object 'Object Repository/Por_Confirm Account inf/lbl_ConfirmYourAccount' is present

2018-10-11 18:21:25 - [MESSAGE][PASSED] - Object 'Object Repository/Por_Confirm Account inf/lbl_ConfirmYourAccount' is present

2018-10-11 18:21:25 - [TEST_STEP][PASSED] - setText: Text 'Alan' is set on object 'Object Repository/Por_Confirm Account inf/txt_FirstName'

2018-10-11 18:21:26 - [MESSAGE][PASSED] - Text 'Alan' is set on object 'Object Repository/Por_Confirm Account inf/txt_FirstName'

2018-10-11 18:21:26 - [TEST_STEP][PASSED] - setText: Text 'Consumer' is set on object 'Object Repository/Por_Confirm Account inf/txt_LastName'

2018-10-11 18:21:26 - [MESSAGE][PASSED] - Text 'Consumer' is set on object 'Object Repository/Por_Confirm Account inf/txt_LastName'

2018-10-11 18:21:26 - [TEST_STEP][PASSED] - setText: Text '123456?a' is set on object 'Object Repository/Por_Confirm Account inf/txt_SetPassword'

2018-10-11 18:21:26 - [MESSAGE][PASSED] - Text '123456?a' is set on object 'Object Repository/Por_Confirm Account inf/txt_SetPassword'

2018-10-11 18:21:26 - [TEST_STEP][PASSED] - click: Object: 'Object Repository/Por_Confirm Account inf/btn_Confirm' is clicked on

2018-10-11 18:21:27 - [MESSAGE][PASSED] - Object: 'Object Repository/Por_Confirm Account inf/btn_Confirm' is clicked on

2018-10-11 18:21:27 - [TEST_STEP][PASSED] - verifyElementPresent: Object 'Object Repository/Por_Confirm Account inf/lbl_PasswordDidNotMatch' is present

2018-10-11 18:21:27 - [MESSAGE][PASSED] - Object 'Object Repository/Por_Confirm Account inf/lbl_PasswordDidNotMatch' is present

2018-10-11 18:21:27 - [TEST_STEP][PASSED] - closeBrowser: Browser is closed

2018-10-11 18:21:27 - [MESSAGE][PASSED] - Browser is closed]]></system-out>
         <system-err><![CDATA[]]></system-err>
      </testcase>
      <testcase name="Test Cases/Consumer/Sign Up/ConsSig_01_13_Verify that submitting successfully if full-fill valid information" classname="Test Cases/Consumer/Sign Up/ConsSig_01_13_Verify that submitting successfully if full-fill valid information" status="PASSED">
         <system-out><![CDATA[2018-10-11 18:21:27 - [TEST_CASE][PASSED] - Test Cases/Consumer/Sign Up/ConsSig_01_13_Verify that submitting successfully if full-fill valid information: Test Cases/Consumer/Sign Up/ConsSig_01_13_Verify that submitting successfully if full-fill valid information

2018-10-11 18:21:28 - [TEST_STEP][PASSED] - customkeyword.CommonKeyword.OpenBrowser: customkeyword.CommonKeyword.OpenBrowser is PASSED

2018-10-11 18:21:32 - [MESSAGE][PASSED] - Browser is opened with url: 'http://www.yopmail.com/en/'

2018-10-11 18:21:33 - [MESSAGE][PASSED] - Current window maximized

2018-10-11 18:21:33 - [MESSAGE][PASSED] - customkeyword.CommonKeyword.OpenBrowser is PASSED

2018-10-11 18:21:33 - [TEST_STEP][PASSED] - customkeyword.CommonKeyword.CheckYopmailLink: customkeyword.CommonKeyword.CheckYopmailLink is PASSED

2018-10-11 18:21:34 - [MESSAGE][PASSED] - Text 'alanconsumer111018_061900@yopmail.com' is set on object 'Object Repository/Yopmail inf/txt_Login_Yopmail'

2018-10-11 18:21:37 - [MESSAGE][PASSED] - Object: 'Object Repository/Yopmail inf/btn_CheckInbox_Yopmail' is clicked on

2018-10-11 18:21:38 - [MESSAGE][PASSED] - customkeyword.CommonKeyword.CheckYopmailLink is PASSED

2018-10-11 18:21:38 - [TEST_STEP][PASSED] - switchToWindowTitle: Switched to window with title: 'Pirq'

2018-10-11 18:21:44 - [MESSAGE][PASSED] - Switched to window with title: 'Pirq'

2018-10-11 18:21:44 - [TEST_STEP][PASSED] - verifyElementPresent: Object 'Object Repository/Por_Confirm Account inf/lbl_ConfirmYourAccount' is present

2018-10-11 18:21:44 - [MESSAGE][PASSED] - Object 'Object Repository/Por_Confirm Account inf/lbl_ConfirmYourAccount' is present

2018-10-11 18:21:44 - [TEST_STEP][PASSED] - setText: Text 'Alan' is set on object 'Object Repository/Por_Confirm Account inf/txt_FirstName'

2018-10-11 18:21:44 - [MESSAGE][PASSED] - Text 'Alan' is set on object 'Object Repository/Por_Confirm Account inf/txt_FirstName'

2018-10-11 18:21:44 - [TEST_STEP][PASSED] - setText: Text 'Consumer' is set on object 'Object Repository/Por_Confirm Account inf/txt_LastName'

2018-10-11 18:21:44 - [MESSAGE][PASSED] - Text 'Consumer' is set on object 'Object Repository/Por_Confirm Account inf/txt_LastName'

2018-10-11 18:21:44 - [TEST_STEP][PASSED] - setText: Text '123456?a' is set on object 'Object Repository/Por_Confirm Account inf/txt_SetPassword'

2018-10-11 18:21:44 - [MESSAGE][PASSED] - Text '123456?a' is set on object 'Object Repository/Por_Confirm Account inf/txt_SetPassword'

2018-10-11 18:21:44 - [TEST_STEP][PASSED] - setText: Text '123456?a' is set on object 'Object Repository/Por_Confirm Account inf/txt_ConfirmPassword'

2018-10-11 18:21:44 - [MESSAGE][PASSED] - Text '123456?a' is set on object 'Object Repository/Por_Confirm Account inf/txt_ConfirmPassword'

2018-10-11 18:21:45 - [TEST_STEP][PASSED] - click: Object: 'Object Repository/Por_Confirm Account inf/btn_Confirm' is clicked on

2018-10-11 18:21:46 - [MESSAGE][PASSED] - Object: 'Object Repository/Por_Confirm Account inf/btn_Confirm' is clicked on

2018-10-11 18:21:46 - [TEST_STEP][PASSED] - verifyElementPresent: Object 'Object Repository/Por_Confirm Account inf/lbl_AccountIsActivated' is present

2018-10-11 18:21:46 - [MESSAGE][PASSED] - Object 'Object Repository/Por_Confirm Account inf/lbl_AccountIsActivated' is present

2018-10-11 18:21:46 - [TEST_STEP][PASSED] - closeBrowser: Browser is closed

2018-10-11 18:21:46 - [MESSAGE][PASSED] - Browser is closed]]></system-out>
         <system-err><![CDATA[]]></system-err>
      </testcase>
      <system-out><![CDATA[2018-10-11 18:15:53 - [TEST_SUITE][ERROR] - Consumer_TestSuites: Test Cases/Consumer/Login/ConsLog_01_06_Verify that user login valid email and password redirect to account page FAILED because (of) (Stack trace: groovy.lang.MissingPropertyException: No such property: MerchantPassword for class: internal.GlobalVariable
	at groovy.lang.MetaClassImpl.invokeStaticMissingProperty(MetaClassImpl.java:1004)
	at groovy.lang.MetaClassImpl.getProperty(MetaClassImpl.java:1859)
	at groovy.lang.MetaClassImpl.getProperty(MetaClassImpl.java:1835)
	at groovy.lang.MetaClassImpl.getProperty(MetaClassImpl.java:3735)
	at org.codehaus.groovy.runtime.callsite.ClassMetaClassGetPropertySite.getProperty(ClassMetaClassGetPropertySite.java:51)
	at org.codehaus.groovy.runtime.callsite.AbstractCallSite.callGetProperty(AbstractCallSite.java:296)
	at Script1539256464068.run(Script1539256464068.groovy:20)
	at com.kms.katalon.core.main.ScriptEngine.run(ScriptEngine.java:183)
	at com.kms.katalon.core.main.ScriptEngine.runScriptAsRawText(ScriptEngine.java:108)
	at com.kms.katalon.core.main.TestCaseExecutor.runScript(TestCaseExecutor.java:294)
	at com.kms.katalon.core.main.TestCaseExecutor.doExecute(TestCaseExecutor.java:285)
	at com.kms.katalon.core.main.TestCaseExecutor.processExecutionPhase(TestCaseExecutor.java:264)
	at com.kms.katalon.core.main.TestCaseExecutor.accessMainPhase(TestCaseExecutor.java:256)
	at com.kms.katalon.core.main.TestCaseExecutor.execute(TestCaseExecutor.java:200)
	at com.kms.katalon.core.main.TestSuiteExecutor.accessTestCaseMainPhase(TestSuiteExecutor.java:129)
	at com.kms.katalon.core.main.TestSuiteExecutor.accessTestSuiteMainPhase(TestSuiteExecutor.java:112)
	at com.kms.katalon.core.main.TestSuiteExecutor.execute(TestSuiteExecutor.java:81)
	at com.kms.katalon.core.main.TestCaseMain.startTestSuite(TestCaseMain.java:142)
	at com.kms.katalon.core.main.TestCaseMain$startTestSuite$0.call(Unknown Source)
	at org.codehaus.groovy.runtime.callsite.CallSiteArray.defaultCall(CallSiteArray.java:48)
	at org.codehaus.groovy.runtime.callsite.AbstractCallSite.call(AbstractCallSite.java:113)
	at org.codehaus.groovy.runtime.callsite.AbstractCallSite.call(AbstractCallSite.java:141)
	at TempTestSuite1539256550559.run(TempTestSuite1539256550559.groovy:36)
	at groovy.lang.GroovyShell.runScriptOrMainOrTestOrRunnable(GroovyShell.java:263)
	at groovy.lang.GroovyShell.run(GroovyShell.java:518)
	at groovy.lang.GroovyShell.run(GroovyShell.java:507)
	at groovy.ui.GroovyMain.processOnce(GroovyMain.java:653)
	at groovy.ui.GroovyMain.run(GroovyMain.java:384)
	at groovy.ui.GroovyMain.process(GroovyMain.java:370)
	at groovy.ui.GroovyMain.processArgs(GroovyMain.java:129)
	at groovy.ui.GroovyMain.main(GroovyMain.java:109)
	at sun.reflect.NativeMethodAccessorImpl.invoke0(Native Method)
	at sun.reflect.NativeMethodAccessorImpl.invoke(NativeMethodAccessorImpl.java:62)
	at sun.reflect.DelegatingMethodAccessorImpl.invoke(DelegatingMethodAccessorImpl.java:43)
	at java.lang.reflect.Method.invoke(Method.java:498)
	at org.codehaus.groovy.tools.GroovyStarter.rootLoader(GroovyStarter.java:109)
	at org.codehaus.groovy.tools.GroovyStarter.main(GroovyStarter.java:131)
)]]></system-out>
      <system-err><![CDATA[2018-10-11 18:15:53 - [TEST_SUITE][ERROR] - Consumer_TestSuites: Test Cases/Consumer/Login/ConsLog_01_06_Verify that user login valid email and password redirect to account page FAILED because (of) (Stack trace: groovy.lang.MissingPropertyException: No such property: MerchantPassword for class: internal.GlobalVariable
	at groovy.lang.MetaClassImpl.invokeStaticMissingProperty(MetaClassImpl.java:1004)
	at groovy.lang.MetaClassImpl.getProperty(MetaClassImpl.java:1859)
	at groovy.lang.MetaClassImpl.getProperty(MetaClassImpl.java:1835)
	at groovy.lang.MetaClassImpl.getProperty(MetaClassImpl.java:3735)
	at org.codehaus.groovy.runtime.callsite.ClassMetaClassGetPropertySite.getProperty(ClassMetaClassGetPropertySite.java:51)
	at org.codehaus.groovy.runtime.callsite.AbstractCallSite.callGetProperty(AbstractCallSite.java:296)
	at Script1539256464068.run(Script1539256464068.groovy:20)
	at com.kms.katalon.core.main.ScriptEngine.run(ScriptEngine.java:183)
	at com.kms.katalon.core.main.ScriptEngine.runScriptAsRawText(ScriptEngine.java:108)
	at com.kms.katalon.core.main.TestCaseExecutor.runScript(TestCaseExecutor.java:294)
	at com.kms.katalon.core.main.TestCaseExecutor.doExecute(TestCaseExecutor.java:285)
	at com.kms.katalon.core.main.TestCaseExecutor.processExecutionPhase(TestCaseExecutor.java:264)
	at com.kms.katalon.core.main.TestCaseExecutor.accessMainPhase(TestCaseExecutor.java:256)
	at com.kms.katalon.core.main.TestCaseExecutor.execute(TestCaseExecutor.java:200)
	at com.kms.katalon.core.main.TestSuiteExecutor.accessTestCaseMainPhase(TestSuiteExecutor.java:129)
	at com.kms.katalon.core.main.TestSuiteExecutor.accessTestSuiteMainPhase(TestSuiteExecutor.java:112)
	at com.kms.katalon.core.main.TestSuiteExecutor.execute(TestSuiteExecutor.java:81)
	at com.kms.katalon.core.main.TestCaseMain.startTestSuite(TestCaseMain.java:142)
	at com.kms.katalon.core.main.TestCaseMain$startTestSuite$0.call(Unknown Source)
	at org.codehaus.groovy.runtime.callsite.CallSiteArray.defaultCall(CallSiteArray.java:48)
	at org.codehaus.groovy.runtime.callsite.AbstractCallSite.call(AbstractCallSite.java:113)
	at org.codehaus.groovy.runtime.callsite.AbstractCallSite.call(AbstractCallSite.java:141)
	at TempTestSuite1539256550559.run(TempTestSuite1539256550559.groovy:36)
	at groovy.lang.GroovyShell.runScriptOrMainOrTestOrRunnable(GroovyShell.java:263)
	at groovy.lang.GroovyShell.run(GroovyShell.java:518)
	at groovy.lang.GroovyShell.run(GroovyShell.java:507)
	at groovy.ui.GroovyMain.processOnce(GroovyMain.java:653)
	at groovy.ui.GroovyMain.run(GroovyMain.java:384)
	at groovy.ui.GroovyMain.process(GroovyMain.java:370)
	at groovy.ui.GroovyMain.processArgs(GroovyMain.java:129)
	at groovy.ui.GroovyMain.main(GroovyMain.java:109)
	at sun.reflect.NativeMethodAccessorImpl.invoke0(Native Method)
	at sun.reflect.NativeMethodAccessorImpl.invoke(NativeMethodAccessorImpl.java:62)
	at sun.reflect.DelegatingMethodAccessorImpl.invoke(DelegatingMethodAccessorImpl.java:43)
	at java.lang.reflect.Method.invoke(Method.java:498)
	at org.codehaus.groovy.tools.GroovyStarter.rootLoader(GroovyStarter.java:109)
	at org.codehaus.groovy.tools.GroovyStarter.main(GroovyStarter.java:131)
)]]></system-err>
   </testsuite>
</testsuites>
