<?xml version="1.0" encoding="UTF-8"?>
<testsuites name="Consumer" time="305" tests="20" failures="4" errors="0">
   <testsuite name="Consumer" tests="20" failures="4" errors="0" time="305" timestamp="2018-10-15 15:43:43" hostname="Hoa - LP031" id="Test Suites/Consumer">
      <properties>
         <property name="deviceName" value=""/>
         <property name="devicePlatform" value=""/>
         <property name="logFolder" value="C:\\Users\\Hoa\\Documents\\GitHub\\iPayment\\Reports\\Consumer\\20181015_154340"/>
         <property name="logFiles" value="C:\\Users\\Hoa\\Documents\\GitHub\\iPayment\\Reports\\Consumer\\20181015_154340\\execution0.log"/>
         <property name="attachments" value="C:\\Users\\Hoa\\Documents\\GitHub\\iPayment\\Reports\\Consumer\\20181015_154340\\1539593207783.png, C:\\Users\\Hoa\\Documents\\GitHub\\iPayment\\Reports\\Consumer\\20181015_154340\\1539593215458.png, C:\\Users\\Hoa\\Documents\\GitHub\\iPayment\\Reports\\Consumer\\20181015_154340\\1539593234389.png, C:\\Users\\Hoa\\Documents\\GitHub\\iPayment\\Reports\\Consumer\\20181015_154340\\1539593328541.png"/>
         <property name="hostName" value="Hoa - LP031"/>
         <property name="os" value="Windows 10 64bit"/>
         <property name="katalonVersion" value="5.7.1.1"/>
         <property name="browser" value="Chrome 69.0.3497.100"/>
         <property name="hostAddress" value="169.254.83.208"/>
         <property name="sessionId" value="be6ab7712b39310fc8c06403eb96f1a4"/>
         <property name="seleniumVersion" value="3.7.1"/>
         <property name="proxyInformation" value="ProxyInformation{proxyOption=NO_PROXY, proxyServerType=HTTP, password=, proxyServerAddress=, proxyServerPort=0}"/>
         <property name="platform" value="Windows 10"/>
      </properties>
      <testcase name="Test Cases/Consumer/Sign Up/ConsSig_01_01_Verify clicking Signup on button will redirect to Consumer Sign up page correctly" classname="Test Cases/Consumer/Sign Up/ConsSig_01_01_Verify clicking Signup on button will redirect to Consumer Sign up page correctly" status="PASSED">
         <system-out><![CDATA[2018-10-15 15:43:44 - [TEST_CASE][PASSED] - Test Cases/Consumer/Sign Up/ConsSig_01_01_Verify clicking Signup on button will redirect to Consumer Sign up page correctly: Test Cases/Consumer/Sign Up/ConsSig_01_01_Verify clicking Signup on button will redirect to Consumer Sign up page correctly

2018-10-15 15:43:45 - [TEST_STEP][PASSED] - customkeyword.CommonKeyword.OpenBrowser: customkeyword.CommonKeyword.OpenBrowser is PASSED

2018-10-15 15:43:53 - [MESSAGE][PASSED] - Browser is opened with url: 'https://staging-1.pirq.com/'

2018-10-15 15:43:54 - [MESSAGE][PASSED] - Current window maximized

2018-10-15 15:43:54 - [MESSAGE][PASSED] - customkeyword.CommonKeyword.OpenBrowser is PASSED

2018-10-15 15:43:54 - [TEST_STEP][PASSED] - click: Object: 'Object Repository/Consumer/Por_Home inf/btn_Signup_Portal_Homepage' is clicked on

2018-10-15 15:43:54 - [MESSAGE][PASSED] - Object: 'Object Repository/Consumer/Por_Home inf/btn_Signup_Portal_Homepage' is clicked on

2018-10-15 15:43:54 - [TEST_STEP][PASSED] - verifyElementPresent: Object 'Object Repository/Consumer/Por_Consumer inf/lbl_Signup_Portal_Signup' is present

2018-10-15 15:43:55 - [MESSAGE][PASSED] - Object 'Object Repository/Consumer/Por_Consumer inf/lbl_Signup_Portal_Signup' is present

2018-10-15 15:43:55 - [TEST_STEP][PASSED] - closeBrowser: Browser is closed

2018-10-15 15:43:55 - [MESSAGE][PASSED] - Browser is closed]]></system-out>
         <system-err><![CDATA[]]></system-err>
      </testcase>
      <testcase name="Test Cases/Consumer/Sign Up/ConsSig_01_02_Verify that signing up with empty required fields shows error message" classname="Test Cases/Consumer/Sign Up/ConsSig_01_02_Verify that signing up with empty required fields shows error message" status="PASSED">
         <system-out><![CDATA[2018-10-15 15:43:55 - [TEST_CASE][PASSED] - Test Cases/Consumer/Sign Up/ConsSig_01_02_Verify that signing up with empty required fields shows error message: Test Cases/Consumer/Sign Up/ConsSig_01_02_Verify that signing up with empty required fields shows error message

2018-10-15 15:43:56 - [TEST_STEP][PASSED] - customkeyword.CommonKeyword.OpenBrowser: customkeyword.CommonKeyword.OpenBrowser is PASSED

2018-10-15 15:44:01 - [MESSAGE][PASSED] - Browser is opened with url: 'https://staging-1.pirq.com/user/signup'

2018-10-15 15:44:02 - [MESSAGE][PASSED] - Current window maximized

2018-10-15 15:44:02 - [MESSAGE][PASSED] - customkeyword.CommonKeyword.OpenBrowser is PASSED

2018-10-15 15:44:02 - [TEST_STEP][PASSED] - click: Object: 'Object Repository/Consumer/Por_Consumer inf/btn_CreateAccount_Portal_Signup' is clicked on

2018-10-15 15:44:03 - [MESSAGE][PASSED] - Object: 'Object Repository/Consumer/Por_Consumer inf/btn_CreateAccount_Portal_Signup' is clicked on

2018-10-15 15:44:03 - [TEST_STEP][PASSED] - verifyElementPresent: Object 'Object Repository/Consumer/Por_Consumer inf/lbl_PlsFillEmail' is present

2018-10-15 15:44:03 - [MESSAGE][PASSED] - Object 'Object Repository/Consumer/Por_Consumer inf/lbl_PlsFillEmail' is present

2018-10-15 15:44:03 - [TEST_STEP][PASSED] - closeBrowser: Browser is closed

2018-10-15 15:44:03 - [MESSAGE][PASSED] - Browser is closed]]></system-out>
         <system-err><![CDATA[]]></system-err>
      </testcase>
      <testcase name="Test Cases/Consumer/Sign Up/ConsSig_01_03_Verify that signing up with invalid email shows error message" classname="Test Cases/Consumer/Sign Up/ConsSig_01_03_Verify that signing up with invalid email shows error message" status="PASSED">
         <system-out><![CDATA[2018-10-15 15:44:03 - [TEST_CASE][PASSED] - Test Cases/Consumer/Sign Up/ConsSig_01_03_Verify that signing up with invalid email shows error message: Test Cases/Consumer/Sign Up/ConsSig_01_03_Verify that signing up with invalid email shows error message

2018-10-15 15:44:04 - [TEST_STEP][PASSED] - customkeyword.CommonKeyword.OpenBrowser: customkeyword.CommonKeyword.OpenBrowser is PASSED

2018-10-15 15:44:09 - [MESSAGE][PASSED] - Browser is opened with url: 'https://staging-1.pirq.com/user/signup'

2018-10-15 15:44:10 - [MESSAGE][PASSED] - Current window maximized

2018-10-15 15:44:10 - [MESSAGE][PASSED] - customkeyword.CommonKeyword.OpenBrowser is PASSED

2018-10-15 15:44:10 - [TEST_STEP][PASSED] - setText: Text 'invalidemail' is set on object 'Object Repository/Consumer/Por_Consumer inf/txt_Email_Portal_Signup'

2018-10-15 15:44:10 - [MESSAGE][PASSED] - Text 'invalidemail' is set on object 'Object Repository/Consumer/Por_Consumer inf/txt_Email_Portal_Signup'

2018-10-15 15:44:10 - [TEST_STEP][PASSED] - click: Object: 'Object Repository/Consumer/Por_Consumer inf/btn_CreateAccount_Portal_Signup' is clicked on

2018-10-15 15:44:11 - [MESSAGE][PASSED] - Object: 'Object Repository/Consumer/Por_Consumer inf/btn_CreateAccount_Portal_Signup' is clicked on

2018-10-15 15:44:11 - [TEST_STEP][PASSED] - verifyElementPresent: Object 'Object Repository/Consumer/Por_Consumer inf/lbl_PlsEntValidEmail_Portal_Signup' is present

2018-10-15 15:44:11 - [MESSAGE][PASSED] - Object 'Object Repository/Consumer/Por_Consumer inf/lbl_PlsEntValidEmail_Portal_Signup' is present

2018-10-15 15:44:11 - [TEST_STEP][PASSED] - closeBrowser: Browser is closed

2018-10-15 15:44:12 - [MESSAGE][PASSED] - Browser is closed]]></system-out>
         <system-err><![CDATA[]]></system-err>
      </testcase>
      <testcase name="Test Cases/Consumer/Sign Up/ConsSig_01_05_Verify that signing up with valid email" classname="Test Cases/Consumer/Sign Up/ConsSig_01_05_Verify that signing up with valid email" status="PASSED">
         <system-out><![CDATA[2018-10-15 15:44:12 - [TEST_CASE][PASSED] - Test Cases/Consumer/Sign Up/ConsSig_01_05_Verify that signing up with valid email: Test Cases/Consumer/Sign Up/ConsSig_01_05_Verify that signing up with valid email

2018-10-15 15:44:12 - [TEST_STEP][PASSED] - customkeyword.CommonKeyword.OpenBrowser: customkeyword.CommonKeyword.OpenBrowser is PASSED

2018-10-15 15:44:17 - [MESSAGE][PASSED] - Browser is opened with url: 'https://staging-1.pirq.com/user/signup'

2018-10-15 15:44:18 - [MESSAGE][PASSED] - Current window maximized

2018-10-15 15:44:18 - [MESSAGE][PASSED] - customkeyword.CommonKeyword.OpenBrowser is PASSED

2018-10-15 15:44:18 - [TEST_STEP][PASSED] - Statement - var_ConsumerNewSignUpEmail = CustomKeywords.customkeyword.CommonKeyword.GenerateEmail("Consumer"): customkeyword.CommonKeyword.GenerateEmail is PASSED

2018-10-15 15:44:18 - [MESSAGE][PASSED] - customkeyword.CommonKeyword.GenerateEmail is PASSED

2018-10-15 15:44:18 - [TEST_STEP][PASSED] - comment: Consumer151018034418@yopmail.com

2018-10-15 15:44:18 - [TEST_STEP][PASSED] - setText: Text 'Consumer151018034418@yopmail.com' is set on object 'Object Repository/Consumer/Por_Consumer inf/txt_Email_Portal_Signup'

2018-10-15 15:44:19 - [MESSAGE][PASSED] - Text 'Consumer151018034418@yopmail.com' is set on object 'Object Repository/Consumer/Por_Consumer inf/txt_Email_Portal_Signup'

2018-10-15 15:44:19 - [TEST_STEP][PASSED] - click: Object: 'Object Repository/Consumer/Por_Consumer inf/btn_CreateAccount_Portal_Signup' is clicked on

2018-10-15 15:44:20 - [MESSAGE][PASSED] - Object: 'Object Repository/Consumer/Por_Consumer inf/btn_CreateAccount_Portal_Signup' is clicked on

2018-10-15 15:44:20 - [TEST_STEP][PASSED] - verifyElementPresent: Object 'Object Repository/Consumer/Por_Consumer inf/lbl_SuccessSignup_Portal_Signup' is present

2018-10-15 15:44:20 - [MESSAGE][PASSED] - Object 'Object Repository/Consumer/Por_Consumer inf/lbl_SuccessSignup_Portal_Signup' is present

2018-10-15 15:44:20 - [TEST_STEP][PASSED] - closeBrowser: Browser is closed

2018-10-15 15:44:21 - [MESSAGE][PASSED] - Browser is closed]]></system-out>
         <system-err><![CDATA[]]></system-err>
      </testcase>
      <testcase name="Test Cases/Consumer/Sign Up/ConsSig_01_06_Verify that clicking on confirmation link will redirect ro confirm-user page with the correct email showed" classname="Test Cases/Consumer/Sign Up/ConsSig_01_06_Verify that clicking on confirmation link will redirect ro confirm-user page with the correct email showed" status="PASSED">
         <system-out><![CDATA[2018-10-15 15:44:21 - [TEST_CASE][PASSED] - Test Cases/Consumer/Sign Up/ConsSig_01_06_Verify that clicking on confirmation link will redirect ro confirm-user page with the correct email showed: Test Cases/Consumer/Sign Up/ConsSig_01_06_Verify that clicking on confirmation link will redirect ro confirm-user page with the correct email showed

2018-10-15 15:44:21 - [TEST_STEP][PASSED] - customkeyword.CommonKeyword.OpenBrowser: customkeyword.CommonKeyword.OpenBrowser is PASSED

2018-10-15 15:44:26 - [MESSAGE][PASSED] - Browser is opened with url: 'http://www.yopmail.com/en/'

2018-10-15 15:44:28 - [MESSAGE][PASSED] - Current window maximized

2018-10-15 15:44:28 - [MESSAGE][PASSED] - customkeyword.CommonKeyword.OpenBrowser is PASSED

2018-10-15 15:44:28 - [TEST_STEP][PASSED] - comment: Consumer151018034418@yopmail.com

2018-10-15 15:44:28 - [TEST_STEP][PASSED] - customkeyword.CommonKeyword.CheckYopmailLink: customkeyword.CommonKeyword.CheckYopmailLink is PASSED

2018-10-15 15:44:28 - [MESSAGE][PASSED] - Text 'Consumer151018034418@yopmail.com' is set on object 'Object Repository/Yopmail inf/txt_Login_Yopmail'

2018-10-15 15:44:32 - [MESSAGE][PASSED] - Object: 'Object Repository/Yopmail inf/btn_CheckInbox_Yopmail' is clicked on

2018-10-15 15:44:33 - [MESSAGE][PASSED] - customkeyword.CommonKeyword.CheckYopmailLink is PASSED

2018-10-15 15:44:33 - [TEST_STEP][PASSED] - switchToWindowTitle: Switched to window with title: 'Pirq'

2018-10-15 15:44:37 - [MESSAGE][PASSED] - Switched to window with title: 'Pirq'

2018-10-15 15:44:37 - [TEST_STEP][PASSED] - verifyElementPresent: Object 'Object Repository/Consumer/Por_Confirm Account inf/lbl_ConfirmYourAccount' is present

2018-10-15 15:44:37 - [MESSAGE][PASSED] - Object 'Object Repository/Consumer/Por_Confirm Account inf/lbl_ConfirmYourAccount' is present

2018-10-15 15:44:37 - [TEST_STEP][PASSED] - closeBrowser: Browser is closed

2018-10-15 15:44:37 - [MESSAGE][PASSED] - Browser is closed]]></system-out>
         <system-err><![CDATA[]]></system-err>
      </testcase>
      <testcase name="Test Cases/Consumer/Sign Up/ConsSig_01_07_Verify that submitting confirm account with empty first name" classname="Test Cases/Consumer/Sign Up/ConsSig_01_07_Verify that submitting confirm account with empty first name" status="PASSED">
         <system-out><![CDATA[2018-10-15 15:44:37 - [TEST_CASE][PASSED] - Test Cases/Consumer/Sign Up/ConsSig_01_07_Verify that submitting confirm account with empty first name: Test Cases/Consumer/Sign Up/ConsSig_01_07_Verify that submitting confirm account with empty first name

2018-10-15 15:44:38 - [TEST_STEP][PASSED] - customkeyword.CommonKeyword.OpenBrowser: customkeyword.CommonKeyword.OpenBrowser is PASSED

2018-10-15 15:44:43 - [MESSAGE][PASSED] - Browser is opened with url: 'http://www.yopmail.com/en/'

2018-10-15 15:44:44 - [MESSAGE][PASSED] - Current window maximized

2018-10-15 15:44:44 - [MESSAGE][PASSED] - customkeyword.CommonKeyword.OpenBrowser is PASSED

2018-10-15 15:44:44 - [TEST_STEP][PASSED] - comment: Consumer151018034418@yopmail.com

2018-10-15 15:44:44 - [TEST_STEP][PASSED] - customkeyword.CommonKeyword.CheckYopmailLink: customkeyword.CommonKeyword.CheckYopmailLink is PASSED

2018-10-15 15:44:45 - [MESSAGE][PASSED] - Text 'Consumer151018034418@yopmail.com' is set on object 'Object Repository/Yopmail inf/txt_Login_Yopmail'

2018-10-15 15:44:48 - [MESSAGE][PASSED] - Object: 'Object Repository/Yopmail inf/btn_CheckInbox_Yopmail' is clicked on

2018-10-15 15:44:49 - [MESSAGE][PASSED] - customkeyword.CommonKeyword.CheckYopmailLink is PASSED

2018-10-15 15:44:49 - [TEST_STEP][PASSED] - switchToWindowTitle: Switched to window with title: 'Pirq'

2018-10-15 15:44:53 - [MESSAGE][PASSED] - Switched to window with title: 'Pirq'

2018-10-15 15:44:53 - [TEST_STEP][PASSED] - verifyElementPresent: Object 'Object Repository/Consumer/Por_Confirm Account inf/lbl_ConfirmYourAccount' is present

2018-10-15 15:44:53 - [MESSAGE][PASSED] - Object 'Object Repository/Consumer/Por_Confirm Account inf/lbl_ConfirmYourAccount' is present

2018-10-15 15:44:53 - [TEST_STEP][PASSED] - click: Object: 'Object Repository/Consumer/Por_Confirm Account inf/btn_Confirm' is clicked on

2018-10-15 15:44:53 - [MESSAGE][PASSED] - Object: 'Object Repository/Consumer/Por_Confirm Account inf/btn_Confirm' is clicked on

2018-10-15 15:44:53 - [TEST_STEP][PASSED] - verifyElementPresent: Object 'Object Repository/Consumer/Por_Confirm Account inf/lbl_PlsProvideaFirstName' is present

2018-10-15 15:44:53 - [MESSAGE][PASSED] - Object 'Object Repository/Consumer/Por_Confirm Account inf/lbl_PlsProvideaFirstName' is present

2018-10-15 15:44:53 - [TEST_STEP][PASSED] - closeBrowser: Browser is closed

2018-10-15 15:44:54 - [MESSAGE][PASSED] - Browser is closed]]></system-out>
         <system-err><![CDATA[]]></system-err>
      </testcase>
      <testcase name="Test Cases/Consumer/Sign Up/ConsSig_01_08_Verify that submitting confirm account with empty last name" classname="Test Cases/Consumer/Sign Up/ConsSig_01_08_Verify that submitting confirm account with empty last name" status="PASSED">
         <system-out><![CDATA[2018-10-15 15:44:54 - [TEST_CASE][PASSED] - Test Cases/Consumer/Sign Up/ConsSig_01_08_Verify that submitting confirm account with empty last name: Test Cases/Consumer/Sign Up/ConsSig_01_08_Verify that submitting confirm account with empty last name

2018-10-15 15:44:54 - [TEST_STEP][PASSED] - customkeyword.CommonKeyword.OpenBrowser: customkeyword.CommonKeyword.OpenBrowser is PASSED

2018-10-15 15:45:00 - [MESSAGE][PASSED] - Browser is opened with url: 'http://www.yopmail.com/en/'

2018-10-15 15:45:01 - [MESSAGE][PASSED] - Current window maximized

2018-10-15 15:45:01 - [MESSAGE][PASSED] - customkeyword.CommonKeyword.OpenBrowser is PASSED

2018-10-15 15:45:01 - [TEST_STEP][PASSED] - customkeyword.CommonKeyword.CheckYopmailLink: customkeyword.CommonKeyword.CheckYopmailLink is PASSED

2018-10-15 15:45:01 - [MESSAGE][PASSED] - Text 'Consumer151018034418@yopmail.com' is set on object 'Object Repository/Yopmail inf/txt_Login_Yopmail'

2018-10-15 15:45:05 - [MESSAGE][PASSED] - Object: 'Object Repository/Yopmail inf/btn_CheckInbox_Yopmail' is clicked on

2018-10-15 15:45:07 - [MESSAGE][PASSED] - customkeyword.CommonKeyword.CheckYopmailLink is PASSED

2018-10-15 15:45:07 - [TEST_STEP][PASSED] - switchToWindowTitle: Switched to window with title: 'Pirq'

2018-10-15 15:45:10 - [MESSAGE][PASSED] - Switched to window with title: 'Pirq'

2018-10-15 15:45:10 - [TEST_STEP][PASSED] - verifyElementPresent: Object 'Object Repository/Consumer/Por_Confirm Account inf/lbl_ConfirmYourAccount' is present

2018-10-15 15:45:10 - [MESSAGE][PASSED] - Object 'Object Repository/Consumer/Por_Confirm Account inf/lbl_ConfirmYourAccount' is present

2018-10-15 15:45:10 - [TEST_STEP][PASSED] - setText: Text 'Alan' is set on object 'Object Repository/Consumer/Por_Confirm Account inf/txt_FirstName'

2018-10-15 15:45:10 - [MESSAGE][PASSED] - Text 'Alan' is set on object 'Object Repository/Consumer/Por_Confirm Account inf/txt_FirstName'

2018-10-15 15:45:10 - [TEST_STEP][PASSED] - click: Object: 'Object Repository/Consumer/Por_Confirm Account inf/btn_Confirm' is clicked on

2018-10-15 15:45:11 - [MESSAGE][PASSED] - Object: 'Object Repository/Consumer/Por_Confirm Account inf/btn_Confirm' is clicked on

2018-10-15 15:45:11 - [TEST_STEP][PASSED] - verifyElementPresent: Object 'Object Repository/Consumer/Por_Confirm Account inf/lbl_PlsProvideaLastName' is present

2018-10-15 15:45:11 - [MESSAGE][PASSED] - Object 'Object Repository/Consumer/Por_Confirm Account inf/lbl_PlsProvideaLastName' is present

2018-10-15 15:45:11 - [TEST_STEP][PASSED] - closeBrowser: Browser is closed

2018-10-15 15:45:12 - [MESSAGE][PASSED] - Browser is closed]]></system-out>
         <system-err><![CDATA[]]></system-err>
      </testcase>
      <testcase name="Test Cases/Consumer/Sign Up/ConsSig_01_09_Verify that submitting confirm account with empty password" classname="Test Cases/Consumer/Sign Up/ConsSig_01_09_Verify that submitting confirm account with empty password" status="PASSED">
         <system-out><![CDATA[2018-10-15 15:45:12 - [TEST_CASE][PASSED] - Test Cases/Consumer/Sign Up/ConsSig_01_09_Verify that submitting confirm account with empty password: Test Cases/Consumer/Sign Up/ConsSig_01_09_Verify that submitting confirm account with empty password

2018-10-15 15:45:12 - [TEST_STEP][PASSED] - customkeyword.CommonKeyword.OpenBrowser: customkeyword.CommonKeyword.OpenBrowser is PASSED

2018-10-15 15:45:17 - [MESSAGE][PASSED] - Browser is opened with url: 'http://www.yopmail.com/en/'

2018-10-15 15:45:18 - [MESSAGE][PASSED] - Current window maximized

2018-10-15 15:45:18 - [MESSAGE][PASSED] - customkeyword.CommonKeyword.OpenBrowser is PASSED

2018-10-15 15:45:19 - [TEST_STEP][PASSED] - customkeyword.CommonKeyword.CheckYopmailLink: customkeyword.CommonKeyword.CheckYopmailLink is PASSED

2018-10-15 15:45:19 - [MESSAGE][PASSED] - Text 'Consumer151018034418@yopmail.com' is set on object 'Object Repository/Yopmail inf/txt_Login_Yopmail'

2018-10-15 15:45:22 - [MESSAGE][PASSED] - Object: 'Object Repository/Yopmail inf/btn_CheckInbox_Yopmail' is clicked on

2018-10-15 15:45:23 - [MESSAGE][PASSED] - customkeyword.CommonKeyword.CheckYopmailLink is PASSED

2018-10-15 15:45:23 - [TEST_STEP][PASSED] - switchToWindowTitle: Switched to window with title: 'Pirq'

2018-10-15 15:45:27 - [MESSAGE][PASSED] - Switched to window with title: 'Pirq'

2018-10-15 15:45:27 - [TEST_STEP][PASSED] - verifyElementPresent: Object 'Object Repository/Consumer/Por_Confirm Account inf/lbl_ConfirmYourAccount' is present

2018-10-15 15:45:27 - [MESSAGE][PASSED] - Object 'Object Repository/Consumer/Por_Confirm Account inf/lbl_ConfirmYourAccount' is present

2018-10-15 15:45:27 - [TEST_STEP][PASSED] - setText: Text 'Alan' is set on object 'Object Repository/Consumer/Por_Confirm Account inf/txt_FirstName'

2018-10-15 15:45:27 - [MESSAGE][PASSED] - Text 'Alan' is set on object 'Object Repository/Consumer/Por_Confirm Account inf/txt_FirstName'

2018-10-15 15:45:27 - [TEST_STEP][PASSED] - setText: Text 'Consumer' is set on object 'Object Repository/Consumer/Por_Confirm Account inf/txt_LastName'

2018-10-15 15:45:27 - [MESSAGE][PASSED] - Text 'Consumer' is set on object 'Object Repository/Consumer/Por_Confirm Account inf/txt_LastName'

2018-10-15 15:45:27 - [TEST_STEP][PASSED] - click: Object: 'Object Repository/Consumer/Por_Confirm Account inf/btn_Confirm' is clicked on

2018-10-15 15:45:28 - [MESSAGE][PASSED] - Object: 'Object Repository/Consumer/Por_Confirm Account inf/btn_Confirm' is clicked on

2018-10-15 15:45:28 - [TEST_STEP][PASSED] - verifyElementPresent: Object 'Object Repository/Consumer/Por_Confirm Account inf/lbl_PlsSetYourPassword' is present

2018-10-15 15:45:28 - [MESSAGE][PASSED] - Object 'Object Repository/Consumer/Por_Confirm Account inf/lbl_PlsSetYourPassword' is present

2018-10-15 15:45:28 - [TEST_STEP][PASSED] - closeBrowser: Browser is closed

2018-10-15 15:45:29 - [MESSAGE][PASSED] - Browser is closed]]></system-out>
         <system-err><![CDATA[]]></system-err>
      </testcase>
      <testcase name="Test Cases/Consumer/Sign Up/ConsSig_01_10_Verify that submitting confirm account with password lessthan 8 characters" classname="Test Cases/Consumer/Sign Up/ConsSig_01_10_Verify that submitting confirm account with password lessthan 8 characters" status="PASSED">
         <system-out><![CDATA[2018-10-15 15:45:29 - [TEST_CASE][PASSED] - Test Cases/Consumer/Sign Up/ConsSig_01_10_Verify that submitting confirm account with password lessthan 8 characters: Test Cases/Consumer/Sign Up/ConsSig_01_10_Verify that submitting confirm account with password lessthan 8 characters

2018-10-15 15:45:29 - [TEST_STEP][PASSED] - customkeyword.CommonKeyword.OpenBrowser: customkeyword.CommonKeyword.OpenBrowser is PASSED

2018-10-15 15:45:35 - [MESSAGE][PASSED] - Browser is opened with url: 'http://www.yopmail.com/en/'

2018-10-15 15:45:36 - [MESSAGE][PASSED] - Current window maximized

2018-10-15 15:45:36 - [MESSAGE][PASSED] - customkeyword.CommonKeyword.OpenBrowser is PASSED

2018-10-15 15:45:36 - [TEST_STEP][PASSED] - customkeyword.CommonKeyword.CheckYopmailLink: customkeyword.CommonKeyword.CheckYopmailLink is PASSED

2018-10-15 15:45:36 - [MESSAGE][PASSED] - Text 'Consumer151018034418@yopmail.com' is set on object 'Object Repository/Yopmail inf/txt_Login_Yopmail'

2018-10-15 15:45:40 - [MESSAGE][PASSED] - Object: 'Object Repository/Yopmail inf/btn_CheckInbox_Yopmail' is clicked on

2018-10-15 15:45:41 - [MESSAGE][PASSED] - customkeyword.CommonKeyword.CheckYopmailLink is PASSED

2018-10-15 15:45:41 - [TEST_STEP][PASSED] - switchToWindowTitle: Switched to window with title: 'Pirq'

2018-10-15 15:45:44 - [MESSAGE][PASSED] - Switched to window with title: 'Pirq'

2018-10-15 15:45:44 - [TEST_STEP][PASSED] - verifyElementPresent: Object 'Object Repository/Consumer/Por_Confirm Account inf/lbl_ConfirmYourAccount' is present

2018-10-15 15:45:44 - [MESSAGE][PASSED] - Object 'Object Repository/Consumer/Por_Confirm Account inf/lbl_ConfirmYourAccount' is present

2018-10-15 15:45:44 - [TEST_STEP][PASSED] - setText: Text 'Alan' is set on object 'Object Repository/Consumer/Por_Confirm Account inf/txt_FirstName'

2018-10-15 15:45:45 - [MESSAGE][PASSED] - Text 'Alan' is set on object 'Object Repository/Consumer/Por_Confirm Account inf/txt_FirstName'

2018-10-15 15:45:45 - [TEST_STEP][PASSED] - setText: Text 'Consumer' is set on object 'Object Repository/Consumer/Por_Confirm Account inf/txt_LastName'

2018-10-15 15:45:45 - [MESSAGE][PASSED] - Text 'Consumer' is set on object 'Object Repository/Consumer/Por_Confirm Account inf/txt_LastName'

2018-10-15 15:45:45 - [TEST_STEP][PASSED] - setText: Text '123' is set on object 'Object Repository/Consumer/Por_Confirm Account inf/txt_SetPassword'

2018-10-15 15:45:45 - [MESSAGE][PASSED] - Text '123' is set on object 'Object Repository/Consumer/Por_Confirm Account inf/txt_SetPassword'

2018-10-15 15:45:45 - [TEST_STEP][PASSED] - click: Object: 'Object Repository/Consumer/Por_Confirm Account inf/btn_Confirm' is clicked on

2018-10-15 15:45:46 - [MESSAGE][PASSED] - Object: 'Object Repository/Consumer/Por_Confirm Account inf/btn_Confirm' is clicked on

2018-10-15 15:45:46 - [TEST_STEP][PASSED] - verifyElementPresent: Object 'Object Repository/Consumer/Por_Confirm Account inf/lbl_PasswordMustBe8char' is present

2018-10-15 15:45:46 - [MESSAGE][PASSED] - Object 'Object Repository/Consumer/Por_Confirm Account inf/lbl_PasswordMustBe8char' is present

2018-10-15 15:45:46 - [TEST_STEP][PASSED] - closeBrowser: Browser is closed

2018-10-15 15:45:46 - [MESSAGE][PASSED] - Browser is closed]]></system-out>
         <system-err><![CDATA[]]></system-err>
      </testcase>
      <testcase name="Test Cases/Consumer/Sign Up/ConsSig_01_11_Verify that submitting confirm account with password no alphabet character" classname="Test Cases/Consumer/Sign Up/ConsSig_01_11_Verify that submitting confirm account with password no alphabet character" status="PASSED">
         <system-out><![CDATA[2018-10-15 15:45:46 - [TEST_CASE][PASSED] - Test Cases/Consumer/Sign Up/ConsSig_01_11_Verify that submitting confirm account with password no alphabet character: Test Cases/Consumer/Sign Up/ConsSig_01_11_Verify that submitting confirm account with password no alphabet character

2018-10-15 15:45:47 - [TEST_STEP][PASSED] - customkeyword.CommonKeyword.OpenBrowser: customkeyword.CommonKeyword.OpenBrowser is PASSED

2018-10-15 15:45:52 - [MESSAGE][PASSED] - Browser is opened with url: 'http://www.yopmail.com/en/'

2018-10-15 15:45:53 - [MESSAGE][PASSED] - Current window maximized

2018-10-15 15:45:53 - [MESSAGE][PASSED] - customkeyword.CommonKeyword.OpenBrowser is PASSED

2018-10-15 15:45:53 - [TEST_STEP][PASSED] - customkeyword.CommonKeyword.CheckYopmailLink: customkeyword.CommonKeyword.CheckYopmailLink is PASSED

2018-10-15 15:45:54 - [MESSAGE][PASSED] - Text 'Consumer151018034418@yopmail.com' is set on object 'Object Repository/Yopmail inf/txt_Login_Yopmail'

2018-10-15 15:45:57 - [MESSAGE][PASSED] - Object: 'Object Repository/Yopmail inf/btn_CheckInbox_Yopmail' is clicked on

2018-10-15 15:45:58 - [MESSAGE][PASSED] - customkeyword.CommonKeyword.CheckYopmailLink is PASSED

2018-10-15 15:45:58 - [TEST_STEP][PASSED] - switchToWindowTitle: Switched to window with title: 'Pirq'

2018-10-15 15:46:02 - [MESSAGE][PASSED] - Switched to window with title: 'Pirq'

2018-10-15 15:46:02 - [TEST_STEP][PASSED] - verifyElementPresent: Object 'Object Repository/Consumer/Por_Confirm Account inf/lbl_ConfirmYourAccount' is present

2018-10-15 15:46:02 - [MESSAGE][PASSED] - Object 'Object Repository/Consumer/Por_Confirm Account inf/lbl_ConfirmYourAccount' is present

2018-10-15 15:46:02 - [TEST_STEP][PASSED] - setText: Text 'Alan' is set on object 'Object Repository/Consumer/Por_Confirm Account inf/txt_FirstName'

2018-10-15 15:46:02 - [MESSAGE][PASSED] - Text 'Alan' is set on object 'Object Repository/Consumer/Por_Confirm Account inf/txt_FirstName'

2018-10-15 15:46:02 - [TEST_STEP][PASSED] - setText: Text 'Consumer' is set on object 'Object Repository/Consumer/Por_Confirm Account inf/txt_LastName'

2018-10-15 15:46:02 - [MESSAGE][PASSED] - Text 'Consumer' is set on object 'Object Repository/Consumer/Por_Confirm Account inf/txt_LastName'

2018-10-15 15:46:02 - [TEST_STEP][PASSED] - setText: Text '12345678' is set on object 'Object Repository/Consumer/Por_Confirm Account inf/txt_SetPassword'

2018-10-15 15:46:02 - [MESSAGE][PASSED] - Text '12345678' is set on object 'Object Repository/Consumer/Por_Confirm Account inf/txt_SetPassword'

2018-10-15 15:46:02 - [TEST_STEP][PASSED] - click: Object: 'Object Repository/Consumer/Por_Confirm Account inf/btn_Confirm' is clicked on

2018-10-15 15:46:03 - [MESSAGE][PASSED] - Object: 'Object Repository/Consumer/Por_Confirm Account inf/btn_Confirm' is clicked on

2018-10-15 15:46:03 - [TEST_STEP][PASSED] - verifyElementPresent: Object 'Object Repository/Consumer/Por_Confirm Account inf/lbl_PasswordLeast1Alphabet' is present

2018-10-15 15:46:03 - [MESSAGE][PASSED] - Object 'Object Repository/Consumer/Por_Confirm Account inf/lbl_PasswordLeast1Alphabet' is present

2018-10-15 15:46:03 - [TEST_STEP][PASSED] - closeBrowser: Browser is closed

2018-10-15 15:46:04 - [MESSAGE][PASSED] - Browser is closed]]></system-out>
         <system-err><![CDATA[]]></system-err>
      </testcase>
      <testcase name="Test Cases/Consumer/Sign Up/ConsSig_01_12_Verify that submitting confirm account with invalid confirm-password" classname="Test Cases/Consumer/Sign Up/ConsSig_01_12_Verify that submitting confirm account with invalid confirm-password" status="PASSED">
         <system-out><![CDATA[2018-10-15 15:46:04 - [TEST_CASE][PASSED] - Test Cases/Consumer/Sign Up/ConsSig_01_12_Verify that submitting confirm account with invalid confirm-password: Test Cases/Consumer/Sign Up/ConsSig_01_12_Verify that submitting confirm account with invalid confirm-password

2018-10-15 15:46:05 - [TEST_STEP][PASSED] - customkeyword.CommonKeyword.OpenBrowser: customkeyword.CommonKeyword.OpenBrowser is PASSED

2018-10-15 15:46:10 - [MESSAGE][PASSED] - Browser is opened with url: 'http://www.yopmail.com/en/'

2018-10-15 15:46:11 - [MESSAGE][PASSED] - Current window maximized

2018-10-15 15:46:11 - [MESSAGE][PASSED] - customkeyword.CommonKeyword.OpenBrowser is PASSED

2018-10-15 15:46:11 - [TEST_STEP][PASSED] - customkeyword.CommonKeyword.CheckYopmailLink: customkeyword.CommonKeyword.CheckYopmailLink is PASSED

2018-10-15 15:46:12 - [MESSAGE][PASSED] - Text 'Consumer151018034418@yopmail.com' is set on object 'Object Repository/Yopmail inf/txt_Login_Yopmail'

2018-10-15 15:46:15 - [MESSAGE][PASSED] - Object: 'Object Repository/Yopmail inf/btn_CheckInbox_Yopmail' is clicked on

2018-10-15 15:46:16 - [MESSAGE][PASSED] - customkeyword.CommonKeyword.CheckYopmailLink is PASSED

2018-10-15 15:46:16 - [TEST_STEP][PASSED] - switchToWindowTitle: Switched to window with title: 'Pirq'

2018-10-15 15:46:20 - [MESSAGE][PASSED] - Switched to window with title: 'Pirq'

2018-10-15 15:46:20 - [TEST_STEP][PASSED] - verifyElementPresent: Object 'Object Repository/Consumer/Por_Confirm Account inf/lbl_ConfirmYourAccount' is present

2018-10-15 15:46:20 - [MESSAGE][PASSED] - Object 'Object Repository/Consumer/Por_Confirm Account inf/lbl_ConfirmYourAccount' is present

2018-10-15 15:46:20 - [TEST_STEP][PASSED] - setText: Text 'Alan' is set on object 'Object Repository/Consumer/Por_Confirm Account inf/txt_FirstName'

2018-10-15 15:46:20 - [MESSAGE][PASSED] - Text 'Alan' is set on object 'Object Repository/Consumer/Por_Confirm Account inf/txt_FirstName'

2018-10-15 15:46:20 - [TEST_STEP][PASSED] - setText: Text 'Consumer' is set on object 'Object Repository/Consumer/Por_Confirm Account inf/txt_LastName'

2018-10-15 15:46:20 - [MESSAGE][PASSED] - Text 'Consumer' is set on object 'Object Repository/Consumer/Por_Confirm Account inf/txt_LastName'

2018-10-15 15:46:20 - [TEST_STEP][PASSED] - setText: Text '123456?a' is set on object 'Object Repository/Consumer/Por_Confirm Account inf/txt_SetPassword'

2018-10-15 15:46:20 - [MESSAGE][PASSED] - Text '123456?a' is set on object 'Object Repository/Consumer/Por_Confirm Account inf/txt_SetPassword'

2018-10-15 15:46:20 - [TEST_STEP][PASSED] - click: Object: 'Object Repository/Consumer/Por_Confirm Account inf/btn_Confirm' is clicked on

2018-10-15 15:46:21 - [MESSAGE][PASSED] - Object: 'Object Repository/Consumer/Por_Confirm Account inf/btn_Confirm' is clicked on

2018-10-15 15:46:21 - [TEST_STEP][PASSED] - verifyElementPresent: Object 'Object Repository/Consumer/Por_Confirm Account inf/lbl_PasswordDidNotMatch' is present

2018-10-15 15:46:21 - [MESSAGE][PASSED] - Object 'Object Repository/Consumer/Por_Confirm Account inf/lbl_PasswordDidNotMatch' is present

2018-10-15 15:46:21 - [TEST_STEP][PASSED] - closeBrowser: Browser is closed

2018-10-15 15:46:22 - [MESSAGE][PASSED] - Browser is closed]]></system-out>
         <system-err><![CDATA[]]></system-err>
      </testcase>
      <testcase name="Test Cases/Consumer/Sign Up/ConsSig_01_13_Verify that submitting successfully if full-fill valid information" classname="Test Cases/Consumer/Sign Up/ConsSig_01_13_Verify that submitting successfully if full-fill valid information" status="PASSED">
         <system-out><![CDATA[2018-10-15 15:46:22 - [TEST_CASE][PASSED] - Test Cases/Consumer/Sign Up/ConsSig_01_13_Verify that submitting successfully if full-fill valid information: Test Cases/Consumer/Sign Up/ConsSig_01_13_Verify that submitting successfully if full-fill valid information

2018-10-15 15:46:22 - [TEST_STEP][PASSED] - customkeyword.CommonKeyword.OpenBrowser: customkeyword.CommonKeyword.OpenBrowser is PASSED

2018-10-15 15:46:27 - [MESSAGE][PASSED] - Browser is opened with url: 'http://www.yopmail.com/en/'

2018-10-15 15:46:29 - [MESSAGE][PASSED] - Current window maximized

2018-10-15 15:46:29 - [MESSAGE][PASSED] - customkeyword.CommonKeyword.OpenBrowser is PASSED

2018-10-15 15:46:29 - [TEST_STEP][PASSED] - customkeyword.CommonKeyword.CheckYopmailLink: customkeyword.CommonKeyword.CheckYopmailLink is PASSED

2018-10-15 15:46:29 - [MESSAGE][PASSED] - Text 'Consumer151018034418@yopmail.com' is set on object 'Object Repository/Yopmail inf/txt_Login_Yopmail'

2018-10-15 15:46:32 - [MESSAGE][PASSED] - Object: 'Object Repository/Yopmail inf/btn_CheckInbox_Yopmail' is clicked on

2018-10-15 15:46:34 - [MESSAGE][PASSED] - customkeyword.CommonKeyword.CheckYopmailLink is PASSED

2018-10-15 15:46:34 - [TEST_STEP][PASSED] - switchToWindowTitle: Switched to window with title: 'Pirq'

2018-10-15 15:46:38 - [MESSAGE][PASSED] - Switched to window with title: 'Pirq'

2018-10-15 15:46:38 - [TEST_STEP][PASSED] - verifyElementPresent: Object 'Object Repository/Consumer/Por_Confirm Account inf/lbl_ConfirmYourAccount' is present

2018-10-15 15:46:38 - [MESSAGE][PASSED] - Object 'Object Repository/Consumer/Por_Confirm Account inf/lbl_ConfirmYourAccount' is present

2018-10-15 15:46:38 - [TEST_STEP][PASSED] - setText: Text 'Alan' is set on object 'Object Repository/Consumer/Por_Confirm Account inf/txt_FirstName'

2018-10-15 15:46:38 - [MESSAGE][PASSED] - Text 'Alan' is set on object 'Object Repository/Consumer/Por_Confirm Account inf/txt_FirstName'

2018-10-15 15:46:38 - [TEST_STEP][PASSED] - setText: Text 'Consumer' is set on object 'Object Repository/Consumer/Por_Confirm Account inf/txt_LastName'

2018-10-15 15:46:39 - [MESSAGE][PASSED] - Text 'Consumer' is set on object 'Object Repository/Consumer/Por_Confirm Account inf/txt_LastName'

2018-10-15 15:46:39 - [TEST_STEP][PASSED] - setText: Text '123456?a' is set on object 'Object Repository/Consumer/Por_Confirm Account inf/txt_SetPassword'

2018-10-15 15:46:39 - [MESSAGE][PASSED] - Text '123456?a' is set on object 'Object Repository/Consumer/Por_Confirm Account inf/txt_SetPassword'

2018-10-15 15:46:39 - [TEST_STEP][PASSED] - setText: Text '123456?a' is set on object 'Object Repository/Consumer/Por_Confirm Account inf/txt_ConfirmPassword'

2018-10-15 15:46:39 - [MESSAGE][PASSED] - Text '123456?a' is set on object 'Object Repository/Consumer/Por_Confirm Account inf/txt_ConfirmPassword'

2018-10-15 15:46:39 - [TEST_STEP][PASSED] - click: Object: 'Object Repository/Consumer/Por_Confirm Account inf/btn_Confirm' is clicked on

2018-10-15 15:46:40 - [MESSAGE][PASSED] - Object: 'Object Repository/Consumer/Por_Confirm Account inf/btn_Confirm' is clicked on

2018-10-15 15:46:40 - [TEST_STEP][PASSED] - verifyElementPresent: Object 'Object Repository/Consumer/Por_Confirm Account inf/lbl_AccountIsActivated' is present

2018-10-15 15:46:40 - [MESSAGE][PASSED] - Object 'Object Repository/Consumer/Por_Confirm Account inf/lbl_AccountIsActivated' is present

2018-10-15 15:46:40 - [TEST_STEP][PASSED] - closeBrowser: Browser is closed

2018-10-15 15:46:41 - [MESSAGE][PASSED] - Browser is closed]]></system-out>
         <system-err><![CDATA[]]></system-err>
      </testcase>
      <testcase name="Test Cases/Consumer/Login/ConsLog_01_03_Verify that user login invalid email shows error message" classname="Test Cases/Consumer/Login/ConsLog_01_03_Verify that user login invalid email shows error message" status="FAILED">
         <failure type="FAILED" message="(Stack trace: com.kms.katalon.core.exception.StepFailedException: Unable to set text (Root cause: java.lang.IllegalArgumentException: Object is null)
	at com.kms.katalon.core.keyword.internal.KeywordMain.stepFailed(KeywordMain.groovy:36)
	at com.kms.katalon.core.webui.keyword.internal.WebUIKeywordMain.stepFailed(WebUIKeywordMain.groovy:65)
	at com.kms.katalon.core.webui.keyword.internal.WebUIKeywordMain.runKeyword(WebUIKeywordMain.groovy:27)
	at com.kms.katalon.core.webui.keyword.builtin.SetTextKeyword.setText(SetTextKeyword.groovy:65)
	at com.kms.katalon.core.webui.keyword.builtin.SetTextKeyword.execute(SetTextKeyword.groovy:37)
	at com.kms.katalon.core.keyword.internal.KeywordExecutor.executeKeywordForPlatform(KeywordExecutor.groovy:53)
	at com.kms.katalon.core.webui.keyword.WebUiBuiltInKeywords.setText(WebUiBuiltInKeywords.groovy:950)
	at com.kms.katalon.core.webui.keyword.WebUiBuiltInKeywords$setText$4.call(Unknown Source)
	at org.codehaus.groovy.runtime.callsite.CallSiteArray.defaultCall(CallSiteArray.java:48)
	at org.codehaus.groovy.runtime.callsite.AbstractCallSite.call(AbstractCallSite.java:113)
	at org.codehaus.groovy.runtime.callsite.AbstractCallSite.call(AbstractCallSite.java:133)
	at customkeyword.CommonKeyword.LoginConsumer(CommonKeyword.groovy:78)
	at sun.reflect.NativeMethodAccessorImpl.invoke0(Native Method)
	at sun.reflect.NativeMethodAccessorImpl.invoke(NativeMethodAccessorImpl.java:62)
	at sun.reflect.DelegatingMethodAccessorImpl.invoke(DelegatingMethodAccessorImpl.java:43)
	at java.lang.reflect.Method.invoke(Method.java:498)
	at org.codehaus.groovy.reflection.CachedMethod.invoke(CachedMethod.java:93)
	at groovy.lang.MetaMethod.doMethodInvoke(MetaMethod.java:325)
	at groovy.lang.MetaClassImpl.invokeMethod(MetaClassImpl.java:1215)
	at groovy.lang.MetaClassImpl.invokeMethod(MetaClassImpl.java:1024)
	at groovy.lang.MetaClassImpl.invokeMethod(MetaClassImpl.java:812)
	at groovy.lang.DelegatingMetaClass.invokeMethod(DelegatingMetaClass.java:144)
	at customkeyword.CommonKeyword.invokeMethod(CommonKeyword.groovy)
	at com.kms.katalon.core.main.CustomKeywordDelegatingMetaClass.invokeStaticMethod(CustomKeywordDelegatingMetaClass.java:46)
	at org.codehaus.groovy.runtime.callsite.StaticMetaClassSite.call(StaticMetaClassSite.java:53)
	at org.codehaus.groovy.runtime.callsite.CallSiteArray.defaultCall(CallSiteArray.java:48)
	at org.codehaus.groovy.runtime.callsite.AbstractCallSite.call(AbstractCallSite.java:113)
	at org.codehaus.groovy.runtime.callsite.AbstractCallSite.call(AbstractCallSite.java:133)
	at Script1539256424900.run(Script1539256424900.groovy:24)
	at com.kms.katalon.core.main.ScriptEngine.run(ScriptEngine.java:183)
	at com.kms.katalon.core.main.ScriptEngine.runScriptAsRawText(ScriptEngine.java:108)
	at com.kms.katalon.core.main.TestCaseExecutor.runScript(TestCaseExecutor.java:294)
	at com.kms.katalon.core.main.TestCaseExecutor.doExecute(TestCaseExecutor.java:285)
	at com.kms.katalon.core.main.TestCaseExecutor.processExecutionPhase(TestCaseExecutor.java:264)
	at com.kms.katalon.core.main.TestCaseExecutor.accessMainPhase(TestCaseExecutor.java:256)
	at com.kms.katalon.core.main.TestCaseExecutor.execute(TestCaseExecutor.java:200)
	at com.kms.katalon.core.main.TestSuiteExecutor.accessTestCaseMainPhase(TestSuiteExecutor.java:129)
	at com.kms.katalon.core.main.TestSuiteExecutor.accessTestSuiteMainPhase(TestSuiteExecutor.java:112)
	at com.kms.katalon.core.main.TestSuiteExecutor.execute(TestSuiteExecutor.java:81)
	at com.kms.katalon.core.main.TestCaseMain.startTestSuite(TestCaseMain.java:142)
	at com.kms.katalon.core.main.TestCaseMain$startTestSuite$0.call(Unknown Source)
	at org.codehaus.groovy.runtime.callsite.CallSiteArray.defaultCall(CallSiteArray.java:48)
	at org.codehaus.groovy.runtime.callsite.AbstractCallSite.call(AbstractCallSite.java:113)
	at org.codehaus.groovy.runtime.callsite.AbstractCallSite.call(AbstractCallSite.java:141)
	at TempTestSuite1539593020608.run(TempTestSuite1539593020608.groovy:36)
	at groovy.lang.GroovyShell.runScriptOrMainOrTestOrRunnable(GroovyShell.java:263)
	at groovy.lang.GroovyShell.run(GroovyShell.java:518)
	at groovy.lang.GroovyShell.run(GroovyShell.java:507)
	at groovy.ui.GroovyMain.processOnce(GroovyMain.java:653)
	at groovy.ui.GroovyMain.run(GroovyMain.java:384)
	at groovy.ui.GroovyMain.process(GroovyMain.java:370)
	at groovy.ui.GroovyMain.processArgs(GroovyMain.java:129)
	at groovy.ui.GroovyMain.main(GroovyMain.java:109)
	at sun.reflect.NativeMethodAccessorImpl.invoke0(Native Method)
	at sun.reflect.NativeMethodAccessorImpl.invoke(NativeMethodAccessorImpl.java:62)
	at sun.reflect.DelegatingMethodAccessorImpl.invoke(DelegatingMethodAccessorImpl.java:43)
	at java.lang.reflect.Method.invoke(Method.java:498)
	at org.codehaus.groovy.tools.GroovyStarter.rootLoader(GroovyStarter.java:109)
	at org.codehaus.groovy.tools.GroovyStarter.main(GroovyStarter.java:131)
)"/>
         <system-out><![CDATA[2018-10-15 15:46:41 - [TEST_CASE][FAILED] - Test Cases/Consumer/Login/ConsLog_01_03_Verify that user login invalid email shows error message: Test Cases/Consumer/Login/ConsLog_01_03_Verify that user login invalid email shows error message FAILED because (of) (Stack trace: com.kms.katalon.core.exception.StepFailedException: Unable to set text (Root cause: java.lang.IllegalArgumentException: Object is null)
	at com.kms.katalon.core.keyword.internal.KeywordMain.stepFailed(KeywordMain.groovy:36)
	at com.kms.katalon.core.webui.keyword.internal.WebUIKeywordMain.stepFailed(WebUIKeywordMain.groovy:65)
	at com.kms.katalon.core.webui.keyword.internal.WebUIKeywordMain.runKeyword(WebUIKeywordMain.groovy:27)
	at com.kms.katalon.core.webui.keyword.builtin.SetTextKeyword.setText(SetTextKeyword.groovy:65)
	at com.kms.katalon.core.webui.keyword.builtin.SetTextKeyword.execute(SetTextKeyword.groovy:37)
	at com.kms.katalon.core.keyword.internal.KeywordExecutor.executeKeywordForPlatform(KeywordExecutor.groovy:53)
	at com.kms.katalon.core.webui.keyword.WebUiBuiltInKeywords.setText(WebUiBuiltInKeywords.groovy:950)
	at com.kms.katalon.core.webui.keyword.WebUiBuiltInKeywords$setText$4.call(Unknown Source)
	at org.codehaus.groovy.runtime.callsite.CallSiteArray.defaultCall(CallSiteArray.java:48)
	at org.codehaus.groovy.runtime.callsite.AbstractCallSite.call(AbstractCallSite.java:113)
	at org.codehaus.groovy.runtime.callsite.AbstractCallSite.call(AbstractCallSite.java:133)
	at customkeyword.CommonKeyword.LoginConsumer(CommonKeyword.groovy:78)
	at sun.reflect.NativeMethodAccessorImpl.invoke0(Native Method)
	at sun.reflect.NativeMethodAccessorImpl.invoke(NativeMethodAccessorImpl.java:62)
	at sun.reflect.DelegatingMethodAccessorImpl.invoke(DelegatingMethodAccessorImpl.java:43)
	at java.lang.reflect.Method.invoke(Method.java:498)
	at org.codehaus.groovy.reflection.CachedMethod.invoke(CachedMethod.java:93)
	at groovy.lang.MetaMethod.doMethodInvoke(MetaMethod.java:325)
	at groovy.lang.MetaClassImpl.invokeMethod(MetaClassImpl.java:1215)
	at groovy.lang.MetaClassImpl.invokeMethod(MetaClassImpl.java:1024)
	at groovy.lang.MetaClassImpl.invokeMethod(MetaClassImpl.java:812)
	at groovy.lang.DelegatingMetaClass.invokeMethod(DelegatingMetaClass.java:144)
	at customkeyword.CommonKeyword.invokeMethod(CommonKeyword.groovy)
	at com.kms.katalon.core.main.CustomKeywordDelegatingMetaClass.invokeStaticMethod(CustomKeywordDelegatingMetaClass.java:46)
	at org.codehaus.groovy.runtime.callsite.StaticMetaClassSite.call(StaticMetaClassSite.java:53)
	at org.codehaus.groovy.runtime.callsite.CallSiteArray.defaultCall(CallSiteArray.java:48)
	at org.codehaus.groovy.runtime.callsite.AbstractCallSite.call(AbstractCallSite.java:113)
	at org.codehaus.groovy.runtime.callsite.AbstractCallSite.call(AbstractCallSite.java:133)
	at Script1539256424900.run(Script1539256424900.groovy:24)
	at com.kms.katalon.core.main.ScriptEngine.run(ScriptEngine.java:183)
	at com.kms.katalon.core.main.ScriptEngine.runScriptAsRawText(ScriptEngine.java:108)
	at com.kms.katalon.core.main.TestCaseExecutor.runScript(TestCaseExecutor.java:294)
	at com.kms.katalon.core.main.TestCaseExecutor.doExecute(TestCaseExecutor.java:285)
	at com.kms.katalon.core.main.TestCaseExecutor.processExecutionPhase(TestCaseExecutor.java:264)
	at com.kms.katalon.core.main.TestCaseExecutor.accessMainPhase(TestCaseExecutor.java:256)
	at com.kms.katalon.core.main.TestCaseExecutor.execute(TestCaseExecutor.java:200)
	at com.kms.katalon.core.main.TestSuiteExecutor.accessTestCaseMainPhase(TestSuiteExecutor.java:129)
	at com.kms.katalon.core.main.TestSuiteExecutor.accessTestSuiteMainPhase(TestSuiteExecutor.java:112)
	at com.kms.katalon.core.main.TestSuiteExecutor.execute(TestSuiteExecutor.java:81)
	at com.kms.katalon.core.main.TestCaseMain.startTestSuite(TestCaseMain.java:142)
	at com.kms.katalon.core.main.TestCaseMain$startTestSuite$0.call(Unknown Source)
	at org.codehaus.groovy.runtime.callsite.CallSiteArray.defaultCall(CallSiteArray.java:48)
	at org.codehaus.groovy.runtime.callsite.AbstractCallSite.call(AbstractCallSite.java:113)
	at org.codehaus.groovy.runtime.callsite.AbstractCallSite.call(AbstractCallSite.java:141)
	at TempTestSuite1539593020608.run(TempTestSuite1539593020608.groovy:36)
	at groovy.lang.GroovyShell.runScriptOrMainOrTestOrRunnable(GroovyShell.java:263)
	at groovy.lang.GroovyShell.run(GroovyShell.java:518)
	at groovy.lang.GroovyShell.run(GroovyShell.java:507)
	at groovy.ui.GroovyMain.processOnce(GroovyMain.java:653)
	at groovy.ui.GroovyMain.run(GroovyMain.java:384)
	at groovy.ui.GroovyMain.process(GroovyMain.java:370)
	at groovy.ui.GroovyMain.processArgs(GroovyMain.java:129)
	at groovy.ui.GroovyMain.main(GroovyMain.java:109)
	at sun.reflect.NativeMethodAccessorImpl.invoke0(Native Method)
	at sun.reflect.NativeMethodAccessorImpl.invoke(NativeMethodAccessorImpl.java:62)
	at sun.reflect.DelegatingMethodAccessorImpl.invoke(DelegatingMethodAccessorImpl.java:43)
	at java.lang.reflect.Method.invoke(Method.java:498)
	at org.codehaus.groovy.tools.GroovyStarter.rootLoader(GroovyStarter.java:109)
	at org.codehaus.groovy.tools.GroovyStarter.main(GroovyStarter.java:131)
)

2018-10-15 15:46:41 - [TEST_STEP][PASSED] - customkeyword.CommonKeyword.OpenBrowser: customkeyword.CommonKeyword.OpenBrowser is PASSED

2018-10-15 15:46:46 - [MESSAGE][PASSED] - Browser is opened with url: 'https://staging-1.pirq.com/user/login'

2018-10-15 15:46:47 - [MESSAGE][PASSED] - Current window maximized

2018-10-15 15:46:47 - [MESSAGE][PASSED] - customkeyword.CommonKeyword.OpenBrowser is PASSED

2018-10-15 15:46:47 - [TEST_STEP][FAILED] - customkeyword.CommonKeyword.LoginConsumer: Unable to set text (Root cause: java.lang.IllegalArgumentException: Object is null)

2018-10-15 15:46:47 - [MESSAGE][WARNING] - Test object with id 'Object Repository/Por_Consumer inf/txt_Email_Portal_Login' does not exist

2018-10-15 15:46:47 - [MESSAGE][WARNING] - Test object with id 'Object Repository/' does not exist

2018-10-15 15:46:48 - [MESSAGE][FAILED] - Unable to set text (Root cause: java.lang.IllegalArgumentException: Object is null)
[[ATTACHMENT|C:\\Users\\Hoa\\Documents\\GitHub\\iPayment\\Reports\\Consumer\\20181015_154340\\1539593207783.png]]

2018-10-15 15:46:48 - [MESSAGE][FAILED] - Unable to set text (Root cause: java.lang.IllegalArgumentException: Object is null)]]></system-out>
         <system-err><![CDATA[2018-10-15 15:46:41 - [TEST_CASE][FAILED] - Test Cases/Consumer/Login/ConsLog_01_03_Verify that user login invalid email shows error message: Test Cases/Consumer/Login/ConsLog_01_03_Verify that user login invalid email shows error message FAILED because (of) (Stack trace: com.kms.katalon.core.exception.StepFailedException: Unable to set text (Root cause: java.lang.IllegalArgumentException: Object is null)
	at com.kms.katalon.core.keyword.internal.KeywordMain.stepFailed(KeywordMain.groovy:36)
	at com.kms.katalon.core.webui.keyword.internal.WebUIKeywordMain.stepFailed(WebUIKeywordMain.groovy:65)
	at com.kms.katalon.core.webui.keyword.internal.WebUIKeywordMain.runKeyword(WebUIKeywordMain.groovy:27)
	at com.kms.katalon.core.webui.keyword.builtin.SetTextKeyword.setText(SetTextKeyword.groovy:65)
	at com.kms.katalon.core.webui.keyword.builtin.SetTextKeyword.execute(SetTextKeyword.groovy:37)
	at com.kms.katalon.core.keyword.internal.KeywordExecutor.executeKeywordForPlatform(KeywordExecutor.groovy:53)
	at com.kms.katalon.core.webui.keyword.WebUiBuiltInKeywords.setText(WebUiBuiltInKeywords.groovy:950)
	at com.kms.katalon.core.webui.keyword.WebUiBuiltInKeywords$setText$4.call(Unknown Source)
	at org.codehaus.groovy.runtime.callsite.CallSiteArray.defaultCall(CallSiteArray.java:48)
	at org.codehaus.groovy.runtime.callsite.AbstractCallSite.call(AbstractCallSite.java:113)
	at org.codehaus.groovy.runtime.callsite.AbstractCallSite.call(AbstractCallSite.java:133)
	at customkeyword.CommonKeyword.LoginConsumer(CommonKeyword.groovy:78)
	at sun.reflect.NativeMethodAccessorImpl.invoke0(Native Method)
	at sun.reflect.NativeMethodAccessorImpl.invoke(NativeMethodAccessorImpl.java:62)
	at sun.reflect.DelegatingMethodAccessorImpl.invoke(DelegatingMethodAccessorImpl.java:43)
	at java.lang.reflect.Method.invoke(Method.java:498)
	at org.codehaus.groovy.reflection.CachedMethod.invoke(CachedMethod.java:93)
	at groovy.lang.MetaMethod.doMethodInvoke(MetaMethod.java:325)
	at groovy.lang.MetaClassImpl.invokeMethod(MetaClassImpl.java:1215)
	at groovy.lang.MetaClassImpl.invokeMethod(MetaClassImpl.java:1024)
	at groovy.lang.MetaClassImpl.invokeMethod(MetaClassImpl.java:812)
	at groovy.lang.DelegatingMetaClass.invokeMethod(DelegatingMetaClass.java:144)
	at customkeyword.CommonKeyword.invokeMethod(CommonKeyword.groovy)
	at com.kms.katalon.core.main.CustomKeywordDelegatingMetaClass.invokeStaticMethod(CustomKeywordDelegatingMetaClass.java:46)
	at org.codehaus.groovy.runtime.callsite.StaticMetaClassSite.call(StaticMetaClassSite.java:53)
	at org.codehaus.groovy.runtime.callsite.CallSiteArray.defaultCall(CallSiteArray.java:48)
	at org.codehaus.groovy.runtime.callsite.AbstractCallSite.call(AbstractCallSite.java:113)
	at org.codehaus.groovy.runtime.callsite.AbstractCallSite.call(AbstractCallSite.java:133)
	at Script1539256424900.run(Script1539256424900.groovy:24)
	at com.kms.katalon.core.main.ScriptEngine.run(ScriptEngine.java:183)
	at com.kms.katalon.core.main.ScriptEngine.runScriptAsRawText(ScriptEngine.java:108)
	at com.kms.katalon.core.main.TestCaseExecutor.runScript(TestCaseExecutor.java:294)
	at com.kms.katalon.core.main.TestCaseExecutor.doExecute(TestCaseExecutor.java:285)
	at com.kms.katalon.core.main.TestCaseExecutor.processExecutionPhase(TestCaseExecutor.java:264)
	at com.kms.katalon.core.main.TestCaseExecutor.accessMainPhase(TestCaseExecutor.java:256)
	at com.kms.katalon.core.main.TestCaseExecutor.execute(TestCaseExecutor.java:200)
	at com.kms.katalon.core.main.TestSuiteExecutor.accessTestCaseMainPhase(TestSuiteExecutor.java:129)
	at com.kms.katalon.core.main.TestSuiteExecutor.accessTestSuiteMainPhase(TestSuiteExecutor.java:112)
	at com.kms.katalon.core.main.TestSuiteExecutor.execute(TestSuiteExecutor.java:81)
	at com.kms.katalon.core.main.TestCaseMain.startTestSuite(TestCaseMain.java:142)
	at com.kms.katalon.core.main.TestCaseMain$startTestSuite$0.call(Unknown Source)
	at org.codehaus.groovy.runtime.callsite.CallSiteArray.defaultCall(CallSiteArray.java:48)
	at org.codehaus.groovy.runtime.callsite.AbstractCallSite.call(AbstractCallSite.java:113)
	at org.codehaus.groovy.runtime.callsite.AbstractCallSite.call(AbstractCallSite.java:141)
	at TempTestSuite1539593020608.run(TempTestSuite1539593020608.groovy:36)
	at groovy.lang.GroovyShell.runScriptOrMainOrTestOrRunnable(GroovyShell.java:263)
	at groovy.lang.GroovyShell.run(GroovyShell.java:518)
	at groovy.lang.GroovyShell.run(GroovyShell.java:507)
	at groovy.ui.GroovyMain.processOnce(GroovyMain.java:653)
	at groovy.ui.GroovyMain.run(GroovyMain.java:384)
	at groovy.ui.GroovyMain.process(GroovyMain.java:370)
	at groovy.ui.GroovyMain.processArgs(GroovyMain.java:129)
	at groovy.ui.GroovyMain.main(GroovyMain.java:109)
	at sun.reflect.NativeMethodAccessorImpl.invoke0(Native Method)
	at sun.reflect.NativeMethodAccessorImpl.invoke(NativeMethodAccessorImpl.java:62)
	at sun.reflect.DelegatingMethodAccessorImpl.invoke(DelegatingMethodAccessorImpl.java:43)
	at java.lang.reflect.Method.invoke(Method.java:498)
	at org.codehaus.groovy.tools.GroovyStarter.rootLoader(GroovyStarter.java:109)
	at org.codehaus.groovy.tools.GroovyStarter.main(GroovyStarter.java:131)
)]]></system-err>
      </testcase>
      <testcase name="Test Cases/Consumer/Login/ConsLog_01_04_Verify that user login invalid password shows error message" classname="Test Cases/Consumer/Login/ConsLog_01_04_Verify that user login invalid password shows error message" status="FAILED">
         <failure type="FAILED" message="(Stack trace: com.kms.katalon.core.exception.StepFailedException: Unable to set text (Root cause: java.lang.IllegalArgumentException: Object is null)
	at com.kms.katalon.core.keyword.internal.KeywordMain.stepFailed(KeywordMain.groovy:36)
	at com.kms.katalon.core.webui.keyword.internal.WebUIKeywordMain.stepFailed(WebUIKeywordMain.groovy:65)
	at com.kms.katalon.core.webui.keyword.internal.WebUIKeywordMain.runKeyword(WebUIKeywordMain.groovy:27)
	at com.kms.katalon.core.webui.keyword.builtin.SetTextKeyword.setText(SetTextKeyword.groovy:65)
	at com.kms.katalon.core.webui.keyword.builtin.SetTextKeyword.execute(SetTextKeyword.groovy:37)
	at com.kms.katalon.core.keyword.internal.KeywordExecutor.executeKeywordForPlatform(KeywordExecutor.groovy:53)
	at com.kms.katalon.core.webui.keyword.WebUiBuiltInKeywords.setText(WebUiBuiltInKeywords.groovy:950)
	at com.kms.katalon.core.webui.keyword.WebUiBuiltInKeywords$setText$4.call(Unknown Source)
	at customkeyword.CommonKeyword.LoginConsumer(CommonKeyword.groovy:78)
	at sun.reflect.NativeMethodAccessorImpl.invoke0(Native Method)
	at sun.reflect.NativeMethodAccessorImpl.invoke(NativeMethodAccessorImpl.java:62)
	at sun.reflect.DelegatingMethodAccessorImpl.invoke(DelegatingMethodAccessorImpl.java:43)
	at java.lang.reflect.Method.invoke(Method.java:498)
	at org.codehaus.groovy.reflection.CachedMethod.invoke(CachedMethod.java:93)
	at groovy.lang.MetaMethod.doMethodInvoke(MetaMethod.java:325)
	at groovy.lang.MetaClassImpl.invokeMethod(MetaClassImpl.java:1215)
	at groovy.lang.MetaClassImpl.invokeMethod(MetaClassImpl.java:1024)
	at groovy.lang.MetaClassImpl.invokeMethod(MetaClassImpl.java:812)
	at groovy.lang.DelegatingMetaClass.invokeMethod(DelegatingMetaClass.java:144)
	at customkeyword.CommonKeyword.invokeMethod(CommonKeyword.groovy)
	at com.kms.katalon.core.main.CustomKeywordDelegatingMetaClass.invokeStaticMethod(CustomKeywordDelegatingMetaClass.java:46)
	at org.codehaus.groovy.runtime.callsite.StaticMetaClassSite.call(StaticMetaClassSite.java:53)
	at org.codehaus.groovy.runtime.callsite.CallSiteArray.defaultCall(CallSiteArray.java:48)
	at org.codehaus.groovy.runtime.callsite.AbstractCallSite.call(AbstractCallSite.java:113)
	at org.codehaus.groovy.runtime.callsite.AbstractCallSite.call(AbstractCallSite.java:133)
	at Script1539256448494.run(Script1539256448494.groovy:21)
	at com.kms.katalon.core.main.ScriptEngine.run(ScriptEngine.java:183)
	at com.kms.katalon.core.main.ScriptEngine.runScriptAsRawText(ScriptEngine.java:108)
	at com.kms.katalon.core.main.TestCaseExecutor.runScript(TestCaseExecutor.java:294)
	at com.kms.katalon.core.main.TestCaseExecutor.doExecute(TestCaseExecutor.java:285)
	at com.kms.katalon.core.main.TestCaseExecutor.processExecutionPhase(TestCaseExecutor.java:264)
	at com.kms.katalon.core.main.TestCaseExecutor.accessMainPhase(TestCaseExecutor.java:256)
	at com.kms.katalon.core.main.TestCaseExecutor.execute(TestCaseExecutor.java:200)
	at com.kms.katalon.core.main.TestSuiteExecutor.accessTestCaseMainPhase(TestSuiteExecutor.java:129)
	at com.kms.katalon.core.main.TestSuiteExecutor.accessTestSuiteMainPhase(TestSuiteExecutor.java:112)
	at com.kms.katalon.core.main.TestSuiteExecutor.execute(TestSuiteExecutor.java:81)
	at com.kms.katalon.core.main.TestCaseMain.startTestSuite(TestCaseMain.java:142)
	at com.kms.katalon.core.main.TestCaseMain$startTestSuite$0.call(Unknown Source)
	at org.codehaus.groovy.runtime.callsite.CallSiteArray.defaultCall(CallSiteArray.java:48)
	at org.codehaus.groovy.runtime.callsite.AbstractCallSite.call(AbstractCallSite.java:113)
	at org.codehaus.groovy.runtime.callsite.AbstractCallSite.call(AbstractCallSite.java:141)
	at TempTestSuite1539593020608.run(TempTestSuite1539593020608.groovy:36)
	at groovy.lang.GroovyShell.runScriptOrMainOrTestOrRunnable(GroovyShell.java:263)
	at groovy.lang.GroovyShell.run(GroovyShell.java:518)
	at groovy.lang.GroovyShell.run(GroovyShell.java:507)
	at groovy.ui.GroovyMain.processOnce(GroovyMain.java:653)
	at groovy.ui.GroovyMain.run(GroovyMain.java:384)
	at groovy.ui.GroovyMain.process(GroovyMain.java:370)
	at groovy.ui.GroovyMain.processArgs(GroovyMain.java:129)
	at groovy.ui.GroovyMain.main(GroovyMain.java:109)
	at sun.reflect.NativeMethodAccessorImpl.invoke0(Native Method)
	at sun.reflect.NativeMethodAccessorImpl.invoke(NativeMethodAccessorImpl.java:62)
	at sun.reflect.DelegatingMethodAccessorImpl.invoke(DelegatingMethodAccessorImpl.java:43)
	at java.lang.reflect.Method.invoke(Method.java:498)
	at org.codehaus.groovy.tools.GroovyStarter.rootLoader(GroovyStarter.java:109)
	at org.codehaus.groovy.tools.GroovyStarter.main(GroovyStarter.java:131)
)"/>
         <system-out><![CDATA[2018-10-15 15:46:48 - [TEST_CASE][FAILED] - Test Cases/Consumer/Login/ConsLog_01_04_Verify that user login invalid password shows error message: Test Cases/Consumer/Login/ConsLog_01_04_Verify that user login invalid password shows error message FAILED because (of) (Stack trace: com.kms.katalon.core.exception.StepFailedException: Unable to set text (Root cause: java.lang.IllegalArgumentException: Object is null)
	at com.kms.katalon.core.keyword.internal.KeywordMain.stepFailed(KeywordMain.groovy:36)
	at com.kms.katalon.core.webui.keyword.internal.WebUIKeywordMain.stepFailed(WebUIKeywordMain.groovy:65)
	at com.kms.katalon.core.webui.keyword.internal.WebUIKeywordMain.runKeyword(WebUIKeywordMain.groovy:27)
	at com.kms.katalon.core.webui.keyword.builtin.SetTextKeyword.setText(SetTextKeyword.groovy:65)
	at com.kms.katalon.core.webui.keyword.builtin.SetTextKeyword.execute(SetTextKeyword.groovy:37)
	at com.kms.katalon.core.keyword.internal.KeywordExecutor.executeKeywordForPlatform(KeywordExecutor.groovy:53)
	at com.kms.katalon.core.webui.keyword.WebUiBuiltInKeywords.setText(WebUiBuiltInKeywords.groovy:950)
	at com.kms.katalon.core.webui.keyword.WebUiBuiltInKeywords$setText$4.call(Unknown Source)
	at customkeyword.CommonKeyword.LoginConsumer(CommonKeyword.groovy:78)
	at sun.reflect.NativeMethodAccessorImpl.invoke0(Native Method)
	at sun.reflect.NativeMethodAccessorImpl.invoke(NativeMethodAccessorImpl.java:62)
	at sun.reflect.DelegatingMethodAccessorImpl.invoke(DelegatingMethodAccessorImpl.java:43)
	at java.lang.reflect.Method.invoke(Method.java:498)
	at org.codehaus.groovy.reflection.CachedMethod.invoke(CachedMethod.java:93)
	at groovy.lang.MetaMethod.doMethodInvoke(MetaMethod.java:325)
	at groovy.lang.MetaClassImpl.invokeMethod(MetaClassImpl.java:1215)
	at groovy.lang.MetaClassImpl.invokeMethod(MetaClassImpl.java:1024)
	at groovy.lang.MetaClassImpl.invokeMethod(MetaClassImpl.java:812)
	at groovy.lang.DelegatingMetaClass.invokeMethod(DelegatingMetaClass.java:144)
	at customkeyword.CommonKeyword.invokeMethod(CommonKeyword.groovy)
	at com.kms.katalon.core.main.CustomKeywordDelegatingMetaClass.invokeStaticMethod(CustomKeywordDelegatingMetaClass.java:46)
	at org.codehaus.groovy.runtime.callsite.StaticMetaClassSite.call(StaticMetaClassSite.java:53)
	at org.codehaus.groovy.runtime.callsite.CallSiteArray.defaultCall(CallSiteArray.java:48)
	at org.codehaus.groovy.runtime.callsite.AbstractCallSite.call(AbstractCallSite.java:113)
	at org.codehaus.groovy.runtime.callsite.AbstractCallSite.call(AbstractCallSite.java:133)
	at Script1539256448494.run(Script1539256448494.groovy:21)
	at com.kms.katalon.core.main.ScriptEngine.run(ScriptEngine.java:183)
	at com.kms.katalon.core.main.ScriptEngine.runScriptAsRawText(ScriptEngine.java:108)
	at com.kms.katalon.core.main.TestCaseExecutor.runScript(TestCaseExecutor.java:294)
	at com.kms.katalon.core.main.TestCaseExecutor.doExecute(TestCaseExecutor.java:285)
	at com.kms.katalon.core.main.TestCaseExecutor.processExecutionPhase(TestCaseExecutor.java:264)
	at com.kms.katalon.core.main.TestCaseExecutor.accessMainPhase(TestCaseExecutor.java:256)
	at com.kms.katalon.core.main.TestCaseExecutor.execute(TestCaseExecutor.java:200)
	at com.kms.katalon.core.main.TestSuiteExecutor.accessTestCaseMainPhase(TestSuiteExecutor.java:129)
	at com.kms.katalon.core.main.TestSuiteExecutor.accessTestSuiteMainPhase(TestSuiteExecutor.java:112)
	at com.kms.katalon.core.main.TestSuiteExecutor.execute(TestSuiteExecutor.java:81)
	at com.kms.katalon.core.main.TestCaseMain.startTestSuite(TestCaseMain.java:142)
	at com.kms.katalon.core.main.TestCaseMain$startTestSuite$0.call(Unknown Source)
	at org.codehaus.groovy.runtime.callsite.CallSiteArray.defaultCall(CallSiteArray.java:48)
	at org.codehaus.groovy.runtime.callsite.AbstractCallSite.call(AbstractCallSite.java:113)
	at org.codehaus.groovy.runtime.callsite.AbstractCallSite.call(AbstractCallSite.java:141)
	at TempTestSuite1539593020608.run(TempTestSuite1539593020608.groovy:36)
	at groovy.lang.GroovyShell.runScriptOrMainOrTestOrRunnable(GroovyShell.java:263)
	at groovy.lang.GroovyShell.run(GroovyShell.java:518)
	at groovy.lang.GroovyShell.run(GroovyShell.java:507)
	at groovy.ui.GroovyMain.processOnce(GroovyMain.java:653)
	at groovy.ui.GroovyMain.run(GroovyMain.java:384)
	at groovy.ui.GroovyMain.process(GroovyMain.java:370)
	at groovy.ui.GroovyMain.processArgs(GroovyMain.java:129)
	at groovy.ui.GroovyMain.main(GroovyMain.java:109)
	at sun.reflect.NativeMethodAccessorImpl.invoke0(Native Method)
	at sun.reflect.NativeMethodAccessorImpl.invoke(NativeMethodAccessorImpl.java:62)
	at sun.reflect.DelegatingMethodAccessorImpl.invoke(DelegatingMethodAccessorImpl.java:43)
	at java.lang.reflect.Method.invoke(Method.java:498)
	at org.codehaus.groovy.tools.GroovyStarter.rootLoader(GroovyStarter.java:109)
	at org.codehaus.groovy.tools.GroovyStarter.main(GroovyStarter.java:131)
)

2018-10-15 15:46:48 - [TEST_STEP][PASSED] - customkeyword.CommonKeyword.OpenBrowser: customkeyword.CommonKeyword.OpenBrowser is PASSED

2018-10-15 15:46:48 - [MESSAGE][WARNING] - A browser is already opened. Closing browser and opening a new one

2018-10-15 15:46:54 - [MESSAGE][PASSED] - Browser is opened with url: 'https://staging-1.pirq.com/user/login'

2018-10-15 15:46:55 - [MESSAGE][PASSED] - Current window maximized

2018-10-15 15:46:55 - [MESSAGE][PASSED] - customkeyword.CommonKeyword.OpenBrowser is PASSED

2018-10-15 15:46:55 - [TEST_STEP][FAILED] - customkeyword.CommonKeyword.LoginConsumer: Unable to set text (Root cause: java.lang.IllegalArgumentException: Object is null)

2018-10-15 15:46:55 - [MESSAGE][WARNING] - Test object with id 'Object Repository/Por_Consumer inf/txt_Email_Portal_Login' does not exist

2018-10-15 15:46:55 - [MESSAGE][WARNING] - Test object with id 'Object Repository/' does not exist

2018-10-15 15:46:55 - [MESSAGE][FAILED] - Unable to set text (Root cause: java.lang.IllegalArgumentException: Object is null)
[[ATTACHMENT|C:\\Users\\Hoa\\Documents\\GitHub\\iPayment\\Reports\\Consumer\\20181015_154340\\1539593215458.png]]

2018-10-15 15:46:55 - [MESSAGE][FAILED] - Unable to set text (Root cause: java.lang.IllegalArgumentException: Object is null)]]></system-out>
         <system-err><![CDATA[2018-10-15 15:46:48 - [TEST_CASE][FAILED] - Test Cases/Consumer/Login/ConsLog_01_04_Verify that user login invalid password shows error message: Test Cases/Consumer/Login/ConsLog_01_04_Verify that user login invalid password shows error message FAILED because (of) (Stack trace: com.kms.katalon.core.exception.StepFailedException: Unable to set text (Root cause: java.lang.IllegalArgumentException: Object is null)
	at com.kms.katalon.core.keyword.internal.KeywordMain.stepFailed(KeywordMain.groovy:36)
	at com.kms.katalon.core.webui.keyword.internal.WebUIKeywordMain.stepFailed(WebUIKeywordMain.groovy:65)
	at com.kms.katalon.core.webui.keyword.internal.WebUIKeywordMain.runKeyword(WebUIKeywordMain.groovy:27)
	at com.kms.katalon.core.webui.keyword.builtin.SetTextKeyword.setText(SetTextKeyword.groovy:65)
	at com.kms.katalon.core.webui.keyword.builtin.SetTextKeyword.execute(SetTextKeyword.groovy:37)
	at com.kms.katalon.core.keyword.internal.KeywordExecutor.executeKeywordForPlatform(KeywordExecutor.groovy:53)
	at com.kms.katalon.core.webui.keyword.WebUiBuiltInKeywords.setText(WebUiBuiltInKeywords.groovy:950)
	at com.kms.katalon.core.webui.keyword.WebUiBuiltInKeywords$setText$4.call(Unknown Source)
	at customkeyword.CommonKeyword.LoginConsumer(CommonKeyword.groovy:78)
	at sun.reflect.NativeMethodAccessorImpl.invoke0(Native Method)
	at sun.reflect.NativeMethodAccessorImpl.invoke(NativeMethodAccessorImpl.java:62)
	at sun.reflect.DelegatingMethodAccessorImpl.invoke(DelegatingMethodAccessorImpl.java:43)
	at java.lang.reflect.Method.invoke(Method.java:498)
	at org.codehaus.groovy.reflection.CachedMethod.invoke(CachedMethod.java:93)
	at groovy.lang.MetaMethod.doMethodInvoke(MetaMethod.java:325)
	at groovy.lang.MetaClassImpl.invokeMethod(MetaClassImpl.java:1215)
	at groovy.lang.MetaClassImpl.invokeMethod(MetaClassImpl.java:1024)
	at groovy.lang.MetaClassImpl.invokeMethod(MetaClassImpl.java:812)
	at groovy.lang.DelegatingMetaClass.invokeMethod(DelegatingMetaClass.java:144)
	at customkeyword.CommonKeyword.invokeMethod(CommonKeyword.groovy)
	at com.kms.katalon.core.main.CustomKeywordDelegatingMetaClass.invokeStaticMethod(CustomKeywordDelegatingMetaClass.java:46)
	at org.codehaus.groovy.runtime.callsite.StaticMetaClassSite.call(StaticMetaClassSite.java:53)
	at org.codehaus.groovy.runtime.callsite.CallSiteArray.defaultCall(CallSiteArray.java:48)
	at org.codehaus.groovy.runtime.callsite.AbstractCallSite.call(AbstractCallSite.java:113)
	at org.codehaus.groovy.runtime.callsite.AbstractCallSite.call(AbstractCallSite.java:133)
	at Script1539256448494.run(Script1539256448494.groovy:21)
	at com.kms.katalon.core.main.ScriptEngine.run(ScriptEngine.java:183)
	at com.kms.katalon.core.main.ScriptEngine.runScriptAsRawText(ScriptEngine.java:108)
	at com.kms.katalon.core.main.TestCaseExecutor.runScript(TestCaseExecutor.java:294)
	at com.kms.katalon.core.main.TestCaseExecutor.doExecute(TestCaseExecutor.java:285)
	at com.kms.katalon.core.main.TestCaseExecutor.processExecutionPhase(TestCaseExecutor.java:264)
	at com.kms.katalon.core.main.TestCaseExecutor.accessMainPhase(TestCaseExecutor.java:256)
	at com.kms.katalon.core.main.TestCaseExecutor.execute(TestCaseExecutor.java:200)
	at com.kms.katalon.core.main.TestSuiteExecutor.accessTestCaseMainPhase(TestSuiteExecutor.java:129)
	at com.kms.katalon.core.main.TestSuiteExecutor.accessTestSuiteMainPhase(TestSuiteExecutor.java:112)
	at com.kms.katalon.core.main.TestSuiteExecutor.execute(TestSuiteExecutor.java:81)
	at com.kms.katalon.core.main.TestCaseMain.startTestSuite(TestCaseMain.java:142)
	at com.kms.katalon.core.main.TestCaseMain$startTestSuite$0.call(Unknown Source)
	at org.codehaus.groovy.runtime.callsite.CallSiteArray.defaultCall(CallSiteArray.java:48)
	at org.codehaus.groovy.runtime.callsite.AbstractCallSite.call(AbstractCallSite.java:113)
	at org.codehaus.groovy.runtime.callsite.AbstractCallSite.call(AbstractCallSite.java:141)
	at TempTestSuite1539593020608.run(TempTestSuite1539593020608.groovy:36)
	at groovy.lang.GroovyShell.runScriptOrMainOrTestOrRunnable(GroovyShell.java:263)
	at groovy.lang.GroovyShell.run(GroovyShell.java:518)
	at groovy.lang.GroovyShell.run(GroovyShell.java:507)
	at groovy.ui.GroovyMain.processOnce(GroovyMain.java:653)
	at groovy.ui.GroovyMain.run(GroovyMain.java:384)
	at groovy.ui.GroovyMain.process(GroovyMain.java:370)
	at groovy.ui.GroovyMain.processArgs(GroovyMain.java:129)
	at groovy.ui.GroovyMain.main(GroovyMain.java:109)
	at sun.reflect.NativeMethodAccessorImpl.invoke0(Native Method)
	at sun.reflect.NativeMethodAccessorImpl.invoke(NativeMethodAccessorImpl.java:62)
	at sun.reflect.DelegatingMethodAccessorImpl.invoke(DelegatingMethodAccessorImpl.java:43)
	at java.lang.reflect.Method.invoke(Method.java:498)
	at org.codehaus.groovy.tools.GroovyStarter.rootLoader(GroovyStarter.java:109)
	at org.codehaus.groovy.tools.GroovyStarter.main(GroovyStarter.java:131)
)]]></system-err>
      </testcase>
      <testcase name="Test Cases/Consumer/Login/ConsLog_01_05_Verify that clicking on Cancel button to cancel login and redirect to Pirq homepage" classname="Test Cases/Consumer/Login/ConsLog_01_05_Verify that clicking on Cancel button to cancel login and redirect to Pirq homepage" status="PASSED">
         <system-out><![CDATA[2018-10-15 15:46:55 - [TEST_CASE][PASSED] - Test Cases/Consumer/Login/ConsLog_01_05_Verify that clicking on Cancel button to cancel login and redirect to Pirq homepage: Test Cases/Consumer/Login/ConsLog_01_05_Verify that clicking on Cancel button to cancel login and redirect to Pirq homepage

2018-10-15 15:46:56 - [TEST_STEP][PASSED] - customkeyword.CommonKeyword.OpenBrowser: customkeyword.CommonKeyword.OpenBrowser is PASSED

2018-10-15 15:46:56 - [MESSAGE][WARNING] - A browser is already opened. Closing browser and opening a new one

2018-10-15 15:47:04 - [MESSAGE][PASSED] - Browser is opened with url: 'https://staging-1.pirq.com/user/login'

2018-10-15 15:47:05 - [MESSAGE][PASSED] - Current window maximized

2018-10-15 15:47:05 - [MESSAGE][PASSED] - customkeyword.CommonKeyword.OpenBrowser is PASSED

2018-10-15 15:47:05 - [TEST_STEP][PASSED] - click: Object: 'Object Repository/Consumer/Por_Consumer inf/btn_Cancel_Portal_Login' is clicked on

2018-10-15 15:47:06 - [MESSAGE][PASSED] - Object: 'Object Repository/Consumer/Por_Consumer inf/btn_Cancel_Portal_Login' is clicked on

2018-10-15 15:47:06 - [TEST_STEP][PASSED] - verifyElementNotPresent: Web element with id: 'Object Repository/Consumer/Por_Consumer inf/txt_Email_Portal_Login' located by 'By.xpath: //input[@id='id' and @placeholder='Email']' is not present after '10' second(s)

2018-10-15 15:47:07 - [MESSAGE][PASSED] - Web element with id: 'Object Repository/Consumer/Por_Consumer inf/txt_Email_Portal_Login' located by 'By.xpath: //input[@id='id' and @placeholder='Email']' is not present after '10' second(s)

2018-10-15 15:47:07 - [TEST_STEP][PASSED] - closeBrowser: Browser is closed

2018-10-15 15:47:07 - [MESSAGE][PASSED] - Browser is closed]]></system-out>
         <system-err><![CDATA[]]></system-err>
      </testcase>
      <testcase name="Test Cases/Consumer/Login/ConsLog_01_06_Verify that user login valid email and password redirect to account page" classname="Test Cases/Consumer/Login/ConsLog_01_06_Verify that user login valid email and password redirect to account page" status="FAILED">
         <failure type="FAILED" message="(Stack trace: com.kms.katalon.core.exception.StepFailedException: Unable to set text (Root cause: java.lang.IllegalArgumentException: Object is null)
	at com.kms.katalon.core.keyword.internal.KeywordMain.stepFailed(KeywordMain.groovy:36)
	at com.kms.katalon.core.webui.keyword.internal.WebUIKeywordMain.stepFailed(WebUIKeywordMain.groovy:65)
	at com.kms.katalon.core.webui.keyword.internal.WebUIKeywordMain.runKeyword(WebUIKeywordMain.groovy:27)
	at com.kms.katalon.core.webui.keyword.builtin.SetTextKeyword.setText(SetTextKeyword.groovy:65)
	at com.kms.katalon.core.webui.keyword.builtin.SetTextKeyword.execute(SetTextKeyword.groovy:37)
	at com.kms.katalon.core.keyword.internal.KeywordExecutor.executeKeywordForPlatform(KeywordExecutor.groovy:53)
	at com.kms.katalon.core.webui.keyword.WebUiBuiltInKeywords.setText(WebUiBuiltInKeywords.groovy:950)
	at com.kms.katalon.core.webui.keyword.WebUiBuiltInKeywords$setText$4.call(Unknown Source)
	at customkeyword.CommonKeyword.LoginConsumer(CommonKeyword.groovy:78)
	at sun.reflect.NativeMethodAccessorImpl.invoke0(Native Method)
	at sun.reflect.NativeMethodAccessorImpl.invoke(NativeMethodAccessorImpl.java:62)
	at sun.reflect.DelegatingMethodAccessorImpl.invoke(DelegatingMethodAccessorImpl.java:43)
	at java.lang.reflect.Method.invoke(Method.java:498)
	at org.codehaus.groovy.reflection.CachedMethod.invoke(CachedMethod.java:93)
	at groovy.lang.MetaMethod.doMethodInvoke(MetaMethod.java:325)
	at groovy.lang.MetaClassImpl.invokeMethod(MetaClassImpl.java:1215)
	at groovy.lang.MetaClassImpl.invokeMethod(MetaClassImpl.java:1024)
	at groovy.lang.MetaClassImpl.invokeMethod(MetaClassImpl.java:812)
	at groovy.lang.DelegatingMetaClass.invokeMethod(DelegatingMetaClass.java:144)
	at customkeyword.CommonKeyword.invokeMethod(CommonKeyword.groovy)
	at com.kms.katalon.core.main.CustomKeywordDelegatingMetaClass.invokeStaticMethod(CustomKeywordDelegatingMetaClass.java:46)
	at org.codehaus.groovy.runtime.callsite.StaticMetaClassSite.call(StaticMetaClassSite.java:53)
	at org.codehaus.groovy.runtime.callsite.CallSiteArray.defaultCall(CallSiteArray.java:48)
	at org.codehaus.groovy.runtime.callsite.AbstractCallSite.call(AbstractCallSite.java:113)
	at org.codehaus.groovy.runtime.callsite.AbstractCallSite.call(AbstractCallSite.java:133)
	at Script1539256464068.run(Script1539256464068.groovy:20)
	at com.kms.katalon.core.main.ScriptEngine.run(ScriptEngine.java:183)
	at com.kms.katalon.core.main.ScriptEngine.runScriptAsRawText(ScriptEngine.java:108)
	at com.kms.katalon.core.main.TestCaseExecutor.runScript(TestCaseExecutor.java:294)
	at com.kms.katalon.core.main.TestCaseExecutor.doExecute(TestCaseExecutor.java:285)
	at com.kms.katalon.core.main.TestCaseExecutor.processExecutionPhase(TestCaseExecutor.java:264)
	at com.kms.katalon.core.main.TestCaseExecutor.accessMainPhase(TestCaseExecutor.java:256)
	at com.kms.katalon.core.main.TestCaseExecutor.execute(TestCaseExecutor.java:200)
	at com.kms.katalon.core.main.TestSuiteExecutor.accessTestCaseMainPhase(TestSuiteExecutor.java:129)
	at com.kms.katalon.core.main.TestSuiteExecutor.accessTestSuiteMainPhase(TestSuiteExecutor.java:112)
	at com.kms.katalon.core.main.TestSuiteExecutor.execute(TestSuiteExecutor.java:81)
	at com.kms.katalon.core.main.TestCaseMain.startTestSuite(TestCaseMain.java:142)
	at com.kms.katalon.core.main.TestCaseMain$startTestSuite$0.call(Unknown Source)
	at org.codehaus.groovy.runtime.callsite.CallSiteArray.defaultCall(CallSiteArray.java:48)
	at org.codehaus.groovy.runtime.callsite.AbstractCallSite.call(AbstractCallSite.java:113)
	at org.codehaus.groovy.runtime.callsite.AbstractCallSite.call(AbstractCallSite.java:141)
	at TempTestSuite1539593020608.run(TempTestSuite1539593020608.groovy:36)
	at groovy.lang.GroovyShell.runScriptOrMainOrTestOrRunnable(GroovyShell.java:263)
	at groovy.lang.GroovyShell.run(GroovyShell.java:518)
	at groovy.lang.GroovyShell.run(GroovyShell.java:507)
	at groovy.ui.GroovyMain.processOnce(GroovyMain.java:653)
	at groovy.ui.GroovyMain.run(GroovyMain.java:384)
	at groovy.ui.GroovyMain.process(GroovyMain.java:370)
	at groovy.ui.GroovyMain.processArgs(GroovyMain.java:129)
	at groovy.ui.GroovyMain.main(GroovyMain.java:109)
	at sun.reflect.NativeMethodAccessorImpl.invoke0(Native Method)
	at sun.reflect.NativeMethodAccessorImpl.invoke(NativeMethodAccessorImpl.java:62)
	at sun.reflect.DelegatingMethodAccessorImpl.invoke(DelegatingMethodAccessorImpl.java:43)
	at java.lang.reflect.Method.invoke(Method.java:498)
	at org.codehaus.groovy.tools.GroovyStarter.rootLoader(GroovyStarter.java:109)
	at org.codehaus.groovy.tools.GroovyStarter.main(GroovyStarter.java:131)
)"/>
         <system-out><![CDATA[2018-10-15 15:47:07 - [TEST_CASE][FAILED] - Test Cases/Consumer/Login/ConsLog_01_06_Verify that user login valid email and password redirect to account page: Test Cases/Consumer/Login/ConsLog_01_06_Verify that user login valid email and password redirect to account page FAILED because (of) (Stack trace: com.kms.katalon.core.exception.StepFailedException: Unable to set text (Root cause: java.lang.IllegalArgumentException: Object is null)
	at com.kms.katalon.core.keyword.internal.KeywordMain.stepFailed(KeywordMain.groovy:36)
	at com.kms.katalon.core.webui.keyword.internal.WebUIKeywordMain.stepFailed(WebUIKeywordMain.groovy:65)
	at com.kms.katalon.core.webui.keyword.internal.WebUIKeywordMain.runKeyword(WebUIKeywordMain.groovy:27)
	at com.kms.katalon.core.webui.keyword.builtin.SetTextKeyword.setText(SetTextKeyword.groovy:65)
	at com.kms.katalon.core.webui.keyword.builtin.SetTextKeyword.execute(SetTextKeyword.groovy:37)
	at com.kms.katalon.core.keyword.internal.KeywordExecutor.executeKeywordForPlatform(KeywordExecutor.groovy:53)
	at com.kms.katalon.core.webui.keyword.WebUiBuiltInKeywords.setText(WebUiBuiltInKeywords.groovy:950)
	at com.kms.katalon.core.webui.keyword.WebUiBuiltInKeywords$setText$4.call(Unknown Source)
	at customkeyword.CommonKeyword.LoginConsumer(CommonKeyword.groovy:78)
	at sun.reflect.NativeMethodAccessorImpl.invoke0(Native Method)
	at sun.reflect.NativeMethodAccessorImpl.invoke(NativeMethodAccessorImpl.java:62)
	at sun.reflect.DelegatingMethodAccessorImpl.invoke(DelegatingMethodAccessorImpl.java:43)
	at java.lang.reflect.Method.invoke(Method.java:498)
	at org.codehaus.groovy.reflection.CachedMethod.invoke(CachedMethod.java:93)
	at groovy.lang.MetaMethod.doMethodInvoke(MetaMethod.java:325)
	at groovy.lang.MetaClassImpl.invokeMethod(MetaClassImpl.java:1215)
	at groovy.lang.MetaClassImpl.invokeMethod(MetaClassImpl.java:1024)
	at groovy.lang.MetaClassImpl.invokeMethod(MetaClassImpl.java:812)
	at groovy.lang.DelegatingMetaClass.invokeMethod(DelegatingMetaClass.java:144)
	at customkeyword.CommonKeyword.invokeMethod(CommonKeyword.groovy)
	at com.kms.katalon.core.main.CustomKeywordDelegatingMetaClass.invokeStaticMethod(CustomKeywordDelegatingMetaClass.java:46)
	at org.codehaus.groovy.runtime.callsite.StaticMetaClassSite.call(StaticMetaClassSite.java:53)
	at org.codehaus.groovy.runtime.callsite.CallSiteArray.defaultCall(CallSiteArray.java:48)
	at org.codehaus.groovy.runtime.callsite.AbstractCallSite.call(AbstractCallSite.java:113)
	at org.codehaus.groovy.runtime.callsite.AbstractCallSite.call(AbstractCallSite.java:133)
	at Script1539256464068.run(Script1539256464068.groovy:20)
	at com.kms.katalon.core.main.ScriptEngine.run(ScriptEngine.java:183)
	at com.kms.katalon.core.main.ScriptEngine.runScriptAsRawText(ScriptEngine.java:108)
	at com.kms.katalon.core.main.TestCaseExecutor.runScript(TestCaseExecutor.java:294)
	at com.kms.katalon.core.main.TestCaseExecutor.doExecute(TestCaseExecutor.java:285)
	at com.kms.katalon.core.main.TestCaseExecutor.processExecutionPhase(TestCaseExecutor.java:264)
	at com.kms.katalon.core.main.TestCaseExecutor.accessMainPhase(TestCaseExecutor.java:256)
	at com.kms.katalon.core.main.TestCaseExecutor.execute(TestCaseExecutor.java:200)
	at com.kms.katalon.core.main.TestSuiteExecutor.accessTestCaseMainPhase(TestSuiteExecutor.java:129)
	at com.kms.katalon.core.main.TestSuiteExecutor.accessTestSuiteMainPhase(TestSuiteExecutor.java:112)
	at com.kms.katalon.core.main.TestSuiteExecutor.execute(TestSuiteExecutor.java:81)
	at com.kms.katalon.core.main.TestCaseMain.startTestSuite(TestCaseMain.java:142)
	at com.kms.katalon.core.main.TestCaseMain$startTestSuite$0.call(Unknown Source)
	at org.codehaus.groovy.runtime.callsite.CallSiteArray.defaultCall(CallSiteArray.java:48)
	at org.codehaus.groovy.runtime.callsite.AbstractCallSite.call(AbstractCallSite.java:113)
	at org.codehaus.groovy.runtime.callsite.AbstractCallSite.call(AbstractCallSite.java:141)
	at TempTestSuite1539593020608.run(TempTestSuite1539593020608.groovy:36)
	at groovy.lang.GroovyShell.runScriptOrMainOrTestOrRunnable(GroovyShell.java:263)
	at groovy.lang.GroovyShell.run(GroovyShell.java:518)
	at groovy.lang.GroovyShell.run(GroovyShell.java:507)
	at groovy.ui.GroovyMain.processOnce(GroovyMain.java:653)
	at groovy.ui.GroovyMain.run(GroovyMain.java:384)
	at groovy.ui.GroovyMain.process(GroovyMain.java:370)
	at groovy.ui.GroovyMain.processArgs(GroovyMain.java:129)
	at groovy.ui.GroovyMain.main(GroovyMain.java:109)
	at sun.reflect.NativeMethodAccessorImpl.invoke0(Native Method)
	at sun.reflect.NativeMethodAccessorImpl.invoke(NativeMethodAccessorImpl.java:62)
	at sun.reflect.DelegatingMethodAccessorImpl.invoke(DelegatingMethodAccessorImpl.java:43)
	at java.lang.reflect.Method.invoke(Method.java:498)
	at org.codehaus.groovy.tools.GroovyStarter.rootLoader(GroovyStarter.java:109)
	at org.codehaus.groovy.tools.GroovyStarter.main(GroovyStarter.java:131)
)

2018-10-15 15:47:08 - [TEST_STEP][PASSED] - customkeyword.CommonKeyword.OpenBrowser: customkeyword.CommonKeyword.OpenBrowser is PASSED

2018-10-15 15:47:13 - [MESSAGE][PASSED] - Browser is opened with url: 'https://staging-1.pirq.com/user/login'

2018-10-15 15:47:14 - [MESSAGE][PASSED] - Current window maximized

2018-10-15 15:47:14 - [MESSAGE][PASSED] - customkeyword.CommonKeyword.OpenBrowser is PASSED

2018-10-15 15:47:14 - [TEST_STEP][FAILED] - customkeyword.CommonKeyword.LoginConsumer: Unable to set text (Root cause: java.lang.IllegalArgumentException: Object is null)

2018-10-15 15:47:14 - [MESSAGE][WARNING] - Test object with id 'Object Repository/Por_Consumer inf/txt_Email_Portal_Login' does not exist

2018-10-15 15:47:14 - [MESSAGE][WARNING] - Test object with id 'Object Repository/' does not exist

2018-10-15 15:47:14 - [MESSAGE][FAILED] - Unable to set text (Root cause: java.lang.IllegalArgumentException: Object is null)
[[ATTACHMENT|C:\\Users\\Hoa\\Documents\\GitHub\\iPayment\\Reports\\Consumer\\20181015_154340\\1539593234389.png]]

2018-10-15 15:47:14 - [MESSAGE][FAILED] - Unable to set text (Root cause: java.lang.IllegalArgumentException: Object is null)]]></system-out>
         <system-err><![CDATA[2018-10-15 15:47:07 - [TEST_CASE][FAILED] - Test Cases/Consumer/Login/ConsLog_01_06_Verify that user login valid email and password redirect to account page: Test Cases/Consumer/Login/ConsLog_01_06_Verify that user login valid email and password redirect to account page FAILED because (of) (Stack trace: com.kms.katalon.core.exception.StepFailedException: Unable to set text (Root cause: java.lang.IllegalArgumentException: Object is null)
	at com.kms.katalon.core.keyword.internal.KeywordMain.stepFailed(KeywordMain.groovy:36)
	at com.kms.katalon.core.webui.keyword.internal.WebUIKeywordMain.stepFailed(WebUIKeywordMain.groovy:65)
	at com.kms.katalon.core.webui.keyword.internal.WebUIKeywordMain.runKeyword(WebUIKeywordMain.groovy:27)
	at com.kms.katalon.core.webui.keyword.builtin.SetTextKeyword.setText(SetTextKeyword.groovy:65)
	at com.kms.katalon.core.webui.keyword.builtin.SetTextKeyword.execute(SetTextKeyword.groovy:37)
	at com.kms.katalon.core.keyword.internal.KeywordExecutor.executeKeywordForPlatform(KeywordExecutor.groovy:53)
	at com.kms.katalon.core.webui.keyword.WebUiBuiltInKeywords.setText(WebUiBuiltInKeywords.groovy:950)
	at com.kms.katalon.core.webui.keyword.WebUiBuiltInKeywords$setText$4.call(Unknown Source)
	at customkeyword.CommonKeyword.LoginConsumer(CommonKeyword.groovy:78)
	at sun.reflect.NativeMethodAccessorImpl.invoke0(Native Method)
	at sun.reflect.NativeMethodAccessorImpl.invoke(NativeMethodAccessorImpl.java:62)
	at sun.reflect.DelegatingMethodAccessorImpl.invoke(DelegatingMethodAccessorImpl.java:43)
	at java.lang.reflect.Method.invoke(Method.java:498)
	at org.codehaus.groovy.reflection.CachedMethod.invoke(CachedMethod.java:93)
	at groovy.lang.MetaMethod.doMethodInvoke(MetaMethod.java:325)
	at groovy.lang.MetaClassImpl.invokeMethod(MetaClassImpl.java:1215)
	at groovy.lang.MetaClassImpl.invokeMethod(MetaClassImpl.java:1024)
	at groovy.lang.MetaClassImpl.invokeMethod(MetaClassImpl.java:812)
	at groovy.lang.DelegatingMetaClass.invokeMethod(DelegatingMetaClass.java:144)
	at customkeyword.CommonKeyword.invokeMethod(CommonKeyword.groovy)
	at com.kms.katalon.core.main.CustomKeywordDelegatingMetaClass.invokeStaticMethod(CustomKeywordDelegatingMetaClass.java:46)
	at org.codehaus.groovy.runtime.callsite.StaticMetaClassSite.call(StaticMetaClassSite.java:53)
	at org.codehaus.groovy.runtime.callsite.CallSiteArray.defaultCall(CallSiteArray.java:48)
	at org.codehaus.groovy.runtime.callsite.AbstractCallSite.call(AbstractCallSite.java:113)
	at org.codehaus.groovy.runtime.callsite.AbstractCallSite.call(AbstractCallSite.java:133)
	at Script1539256464068.run(Script1539256464068.groovy:20)
	at com.kms.katalon.core.main.ScriptEngine.run(ScriptEngine.java:183)
	at com.kms.katalon.core.main.ScriptEngine.runScriptAsRawText(ScriptEngine.java:108)
	at com.kms.katalon.core.main.TestCaseExecutor.runScript(TestCaseExecutor.java:294)
	at com.kms.katalon.core.main.TestCaseExecutor.doExecute(TestCaseExecutor.java:285)
	at com.kms.katalon.core.main.TestCaseExecutor.processExecutionPhase(TestCaseExecutor.java:264)
	at com.kms.katalon.core.main.TestCaseExecutor.accessMainPhase(TestCaseExecutor.java:256)
	at com.kms.katalon.core.main.TestCaseExecutor.execute(TestCaseExecutor.java:200)
	at com.kms.katalon.core.main.TestSuiteExecutor.accessTestCaseMainPhase(TestSuiteExecutor.java:129)
	at com.kms.katalon.core.main.TestSuiteExecutor.accessTestSuiteMainPhase(TestSuiteExecutor.java:112)
	at com.kms.katalon.core.main.TestSuiteExecutor.execute(TestSuiteExecutor.java:81)
	at com.kms.katalon.core.main.TestCaseMain.startTestSuite(TestCaseMain.java:142)
	at com.kms.katalon.core.main.TestCaseMain$startTestSuite$0.call(Unknown Source)
	at org.codehaus.groovy.runtime.callsite.CallSiteArray.defaultCall(CallSiteArray.java:48)
	at org.codehaus.groovy.runtime.callsite.AbstractCallSite.call(AbstractCallSite.java:113)
	at org.codehaus.groovy.runtime.callsite.AbstractCallSite.call(AbstractCallSite.java:141)
	at TempTestSuite1539593020608.run(TempTestSuite1539593020608.groovy:36)
	at groovy.lang.GroovyShell.runScriptOrMainOrTestOrRunnable(GroovyShell.java:263)
	at groovy.lang.GroovyShell.run(GroovyShell.java:518)
	at groovy.lang.GroovyShell.run(GroovyShell.java:507)
	at groovy.ui.GroovyMain.processOnce(GroovyMain.java:653)
	at groovy.ui.GroovyMain.run(GroovyMain.java:384)
	at groovy.ui.GroovyMain.process(GroovyMain.java:370)
	at groovy.ui.GroovyMain.processArgs(GroovyMain.java:129)
	at groovy.ui.GroovyMain.main(GroovyMain.java:109)
	at sun.reflect.NativeMethodAccessorImpl.invoke0(Native Method)
	at sun.reflect.NativeMethodAccessorImpl.invoke(NativeMethodAccessorImpl.java:62)
	at sun.reflect.DelegatingMethodAccessorImpl.invoke(DelegatingMethodAccessorImpl.java:43)
	at java.lang.reflect.Method.invoke(Method.java:498)
	at org.codehaus.groovy.tools.GroovyStarter.rootLoader(GroovyStarter.java:109)
	at org.codehaus.groovy.tools.GroovyStarter.main(GroovyStarter.java:131)
)]]></system-err>
      </testcase>
      <testcase name="Test Cases/Consumer/Login/ConsLog_01_07_Verify that clicking on merchant login link (here) will redirect to merchant login page" classname="Test Cases/Consumer/Login/ConsLog_01_07_Verify that clicking on merchant login link (here) will redirect to merchant login page" status="PASSED">
         <system-out><![CDATA[2018-10-15 15:47:14 - [TEST_CASE][PASSED] - Test Cases/Consumer/Login/ConsLog_01_07_Verify that clicking on merchant login link (here) will redirect to merchant login page: Test Cases/Consumer/Login/ConsLog_01_07_Verify that clicking on merchant login link (here) will redirect to merchant login page

2018-10-15 15:47:15 - [TEST_STEP][PASSED] - customkeyword.CommonKeyword.OpenBrowser: customkeyword.CommonKeyword.OpenBrowser is PASSED

2018-10-15 15:47:15 - [MESSAGE][WARNING] - A browser is already opened. Closing browser and opening a new one

2018-10-15 15:47:21 - [MESSAGE][PASSED] - Browser is opened with url: 'https://staging-1.pirq.com/user/login'

2018-10-15 15:47:22 - [MESSAGE][PASSED] - Current window maximized

2018-10-15 15:47:22 - [MESSAGE][PASSED] - customkeyword.CommonKeyword.OpenBrowser is PASSED

2018-10-15 15:47:22 - [TEST_STEP][PASSED] - click: Object: 'Object Repository/Consumer/Por_Consumer inf/lnk_Here_Portal_Login' is clicked on

2018-10-15 15:47:26 - [MESSAGE][PASSED] - Object: 'Object Repository/Consumer/Por_Consumer inf/lnk_Here_Portal_Login' is clicked on

2018-10-15 15:47:26 - [TEST_STEP][PASSED] - verifyElementPresent: Object 'Object Repository/Sys_Login inf/lnk_MerchantLogo_System_Login' is present

2018-10-15 15:47:26 - [MESSAGE][PASSED] - Object 'Object Repository/Sys_Login inf/lnk_MerchantLogo_System_Login' is present

2018-10-15 15:47:26 - [TEST_STEP][PASSED] - closeBrowser: Browser is closed

2018-10-15 15:47:27 - [MESSAGE][PASSED] - Browser is closed]]></system-out>
         <system-err><![CDATA[]]></system-err>
      </testcase>
      <testcase name="Test Cases/Consumer/Login/ConsLog_01_08_Verify that clicking on Forgot password link will redirect to Reset password page" classname="Test Cases/Consumer/Login/ConsLog_01_08_Verify that clicking on Forgot password link will redirect to Reset password page" status="PASSED">
         <system-out><![CDATA[2018-10-15 15:47:27 - [TEST_CASE][PASSED] - Test Cases/Consumer/Login/ConsLog_01_08_Verify that clicking on Forgot password link will redirect to Reset password page: Test Cases/Consumer/Login/ConsLog_01_08_Verify that clicking on Forgot password link will redirect to Reset password page

2018-10-15 15:47:27 - [TEST_STEP][PASSED] - customkeyword.CommonKeyword.OpenBrowser: customkeyword.CommonKeyword.OpenBrowser is PASSED

2018-10-15 15:47:32 - [MESSAGE][PASSED] - Browser is opened with url: 'https://staging-1.pirq.com/user/login'

2018-10-15 15:47:34 - [MESSAGE][PASSED] - Current window maximized

2018-10-15 15:47:34 - [MESSAGE][PASSED] - customkeyword.CommonKeyword.OpenBrowser is PASSED

2018-10-15 15:47:34 - [TEST_STEP][PASSED] - click: Object: 'Object Repository/Consumer/Por_Consumer inf/lnk_ForgotPassword_Portal_Login' is clicked on

2018-10-15 15:47:34 - [MESSAGE][PASSED] - Object: 'Object Repository/Consumer/Por_Consumer inf/lnk_ForgotPassword_Portal_Login' is clicked on

2018-10-15 15:47:34 - [TEST_STEP][PASSED] - verifyElementPresent: Object 'Object Repository/Consumer/Por_Consumer_ForgotPassword inf/lbl_ResetYourPassword_Portal_ForgotPassword' is present

2018-10-15 15:47:34 - [MESSAGE][PASSED] - Object 'Object Repository/Consumer/Por_Consumer_ForgotPassword inf/lbl_ResetYourPassword_Portal_ForgotPassword' is present

2018-10-15 15:47:34 - [TEST_STEP][PASSED] - closeBrowser: Browser is closed

2018-10-15 15:47:35 - [MESSAGE][PASSED] - Browser is closed]]></system-out>
         <system-err><![CDATA[]]></system-err>
      </testcase>
      <testcase name="Test Cases/Consumer/Login/ConsLog_01_09_Verify that sending reset password request with invalid email shows error message" classname="Test Cases/Consumer/Login/ConsLog_01_09_Verify that sending reset password request with invalid email shows error message" status="PASSED">
         <system-out><![CDATA[2018-10-15 15:47:35 - [TEST_CASE][PASSED] - Test Cases/Consumer/Login/ConsLog_01_09_Verify that sending reset password request with invalid email shows error message: Test Cases/Consumer/Login/ConsLog_01_09_Verify that sending reset password request with invalid email shows error message

2018-10-15 15:47:35 - [TEST_STEP][PASSED] - customkeyword.CommonKeyword.OpenBrowser: customkeyword.CommonKeyword.OpenBrowser is PASSED

2018-10-15 15:47:40 - [MESSAGE][PASSED] - Browser is opened with url: 'https://staging-1.pirq.com/user/login'

2018-10-15 15:47:41 - [MESSAGE][PASSED] - Current window maximized

2018-10-15 15:47:41 - [MESSAGE][PASSED] - customkeyword.CommonKeyword.OpenBrowser is PASSED

2018-10-15 15:47:41 - [TEST_STEP][PASSED] - click: Object: 'Object Repository/Consumer/Por_Consumer inf/lnk_ForgotPassword_Portal_Login' is clicked on

2018-10-15 15:47:42 - [MESSAGE][PASSED] - Object: 'Object Repository/Consumer/Por_Consumer inf/lnk_ForgotPassword_Portal_Login' is clicked on

2018-10-15 15:47:42 - [TEST_STEP][PASSED] - setText: Text 'invalidemail' is set on object 'Object Repository/Consumer/Por_Consumer_ForgotPassword inf/txt_Email_Portal_ForgotPassword'

2018-10-15 15:47:42 - [MESSAGE][PASSED] - Text 'invalidemail' is set on object 'Object Repository/Consumer/Por_Consumer_ForgotPassword inf/txt_Email_Portal_ForgotPassword'

2018-10-15 15:47:42 - [TEST_STEP][PASSED] - click: Object: 'Object Repository/Consumer/Por_Consumer_ForgotPassword inf/btn_ResetPassword_Portal_ForgotPassword' is clicked on

2018-10-15 15:47:43 - [MESSAGE][PASSED] - Object: 'Object Repository/Consumer/Por_Consumer_ForgotPassword inf/btn_ResetPassword_Portal_ForgotPassword' is clicked on

2018-10-15 15:47:43 - [TEST_STEP][PASSED] - verifyElementPresent: Object 'Object Repository/Consumer/Por_Consumer_ForgotPassword inf/lbl_CouldNotFindUser_Portal_ForgotPassword' is present

2018-10-15 15:47:43 - [MESSAGE][PASSED] - Object 'Object Repository/Consumer/Por_Consumer_ForgotPassword inf/lbl_CouldNotFindUser_Portal_ForgotPassword' is present

2018-10-15 15:47:43 - [TEST_STEP][PASSED] - closeBrowser: Browser is closed

2018-10-15 15:47:44 - [MESSAGE][PASSED] - Browser is closed]]></system-out>
         <system-err><![CDATA[]]></system-err>
      </testcase>
      <testcase name="Test Cases/Consumer/Login/ConsLog_01_10_Veriry that sending reset password request with valid email" classname="Test Cases/Consumer/Login/ConsLog_01_10_Veriry that sending reset password request with valid email" status="PASSED">
         <system-out><![CDATA[2018-10-15 15:47:44 - [TEST_CASE][PASSED] - Test Cases/Consumer/Login/ConsLog_01_10_Veriry that sending reset password request with valid email: Test Cases/Consumer/Login/ConsLog_01_10_Veriry that sending reset password request with valid email

2018-10-15 15:47:45 - [TEST_STEP][PASSED] - customkeyword.CommonKeyword.OpenBrowser: customkeyword.CommonKeyword.OpenBrowser is PASSED

2018-10-15 15:47:50 - [MESSAGE][PASSED] - Browser is opened with url: 'https://staging-1.pirq.com/user/login'

2018-10-15 15:47:51 - [MESSAGE][PASSED] - Current window maximized

2018-10-15 15:47:51 - [MESSAGE][PASSED] - customkeyword.CommonKeyword.OpenBrowser is PASSED

2018-10-15 15:47:51 - [TEST_STEP][PASSED] - click: Object: 'Object Repository/Consumer/Por_Consumer inf/lnk_ForgotPassword_Portal_Login' is clicked on

2018-10-15 15:47:51 - [MESSAGE][PASSED] - Object: 'Object Repository/Consumer/Por_Consumer inf/lnk_ForgotPassword_Portal_Login' is clicked on

2018-10-15 15:47:51 - [TEST_STEP][PASSED] - setText: Text 'alanconsumer1010@yopmail.com' is set on object 'Object Repository/Consumer/Por_Consumer_ForgotPassword inf/txt_Email_Portal_ForgotPassword'

2018-10-15 15:47:52 - [MESSAGE][PASSED] - Text 'alanconsumer1010@yopmail.com' is set on object 'Object Repository/Consumer/Por_Consumer_ForgotPassword inf/txt_Email_Portal_ForgotPassword'

2018-10-15 15:47:52 - [TEST_STEP][PASSED] - click: Object: 'Object Repository/Consumer/Por_Consumer_ForgotPassword inf/btn_ResetPassword_Portal_ForgotPassword' is clicked on

2018-10-15 15:47:52 - [MESSAGE][PASSED] - Object: 'Object Repository/Consumer/Por_Consumer_ForgotPassword inf/btn_ResetPassword_Portal_ForgotPassword' is clicked on

2018-10-15 15:47:52 - [TEST_STEP][PASSED] - verifyElementPresent: Object 'Object Repository/Consumer/Por_Consumer_ForgotPassword inf/lbl_Success_Portal_ForgotPassword' is present

2018-10-15 15:47:52 - [MESSAGE][PASSED] - Object 'Object Repository/Consumer/Por_Consumer_ForgotPassword inf/lbl_Success_Portal_ForgotPassword' is present

2018-10-15 15:47:52 - [TEST_STEP][PASSED] - closeBrowser: Browser is closed

2018-10-15 15:47:53 - [MESSAGE][PASSED] - Browser is closed]]></system-out>
         <system-err><![CDATA[]]></system-err>
      </testcase>
      <testcase name="Test Cases/Consumer/Login/ConsLog_01_11_Verify that changing password with invalid password shows error message" classname="Test Cases/Consumer/Login/ConsLog_01_11_Verify that changing password with invalid password shows error message" status="PASSED">
         <system-out><![CDATA[2018-10-15 15:47:53 - [TEST_CASE][PASSED] - Test Cases/Consumer/Login/ConsLog_01_11_Verify that changing password with invalid password shows error message: Test Cases/Consumer/Login/ConsLog_01_11_Verify that changing password with invalid password shows error message

2018-10-15 15:47:53 - [TEST_STEP][PASSED] - customkeyword.CommonKeyword.OpenBrowser: customkeyword.CommonKeyword.OpenBrowser is PASSED

2018-10-15 15:47:58 - [MESSAGE][PASSED] - Browser is opened with url: 'http://www.yopmail.com/en/'

2018-10-15 15:48:00 - [MESSAGE][PASSED] - Current window maximized

2018-10-15 15:48:00 - [MESSAGE][PASSED] - customkeyword.CommonKeyword.OpenBrowser is PASSED

2018-10-15 15:48:00 - [TEST_STEP][PASSED] - customkeyword.CommonKeyword.CheckYopmailLink: customkeyword.CommonKeyword.CheckYopmailLink is PASSED

2018-10-15 15:48:00 - [MESSAGE][PASSED] - Text 'alanconsumer1010@yopmail.com' is set on object 'Object Repository/Yopmail inf/txt_Login_Yopmail'

2018-10-15 15:48:03 - [MESSAGE][PASSED] - Object: 'Object Repository/Yopmail inf/btn_CheckInbox_Yopmail' is clicked on

2018-10-15 15:48:04 - [MESSAGE][PASSED] - customkeyword.CommonKeyword.CheckYopmailLink is PASSED

2018-10-15 15:48:04 - [TEST_STEP][PASSED] - switchToWindowTitle: Switched to window with title: 'Password Reset | Pirq'

2018-10-15 15:48:07 - [MESSAGE][PASSED] - Switched to window with title: 'Password Reset | Pirq'

2018-10-15 15:48:07 - [TEST_STEP][PASSED] - verifyElementPresent: Object 'Object Repository/Consumer/Por_Consumer_ForgotPassword inf/lbl_ResetYourPassword_Portal_ForgotPassword' is present

2018-10-15 15:48:07 - [MESSAGE][PASSED] - Object 'Object Repository/Consumer/Por_Consumer_ForgotPassword inf/lbl_ResetYourPassword_Portal_ForgotPassword' is present

2018-10-15 15:48:07 - [TEST_STEP][PASSED] - click: Object: 'Object Repository/Consumer/Por_Consumer_ForgotPassword inf/btn_ChangePwd_Portal_ForgotPassword' is clicked on

2018-10-15 15:48:08 - [MESSAGE][PASSED] - Object: 'Object Repository/Consumer/Por_Consumer_ForgotPassword inf/btn_ChangePwd_Portal_ForgotPassword' is clicked on

2018-10-15 15:48:08 - [TEST_STEP][PASSED] - verifyElementPresent: Object 'Object Repository/Consumer/Por_Consumer_ForgotPassword inf/lbl_PassTooShort_Portal_ForgotPassword' is present

2018-10-15 15:48:08 - [MESSAGE][PASSED] - Object 'Object Repository/Consumer/Por_Consumer_ForgotPassword inf/lbl_PassTooShort_Portal_ForgotPassword' is present

2018-10-15 15:48:08 - [TEST_STEP][PASSED] - closeBrowser: Browser is closed

2018-10-15 15:48:09 - [MESSAGE][PASSED] - Browser is closed]]></system-out>
         <system-err><![CDATA[]]></system-err>
      </testcase>
      <testcase name="Test Cases/Consumer/Login/ConsLog_01_12_Verify that changing password with invalid confirm-password shows error message" classname="Test Cases/Consumer/Login/ConsLog_01_12_Verify that changing password with invalid confirm-password shows error message" status="PASSED">
         <system-out><![CDATA[2018-10-15 15:48:09 - [TEST_CASE][PASSED] - Test Cases/Consumer/Login/ConsLog_01_12_Verify that changing password with invalid confirm-password shows error message: Test Cases/Consumer/Login/ConsLog_01_12_Verify that changing password with invalid confirm-password shows error message

2018-10-15 15:48:09 - [TEST_STEP][PASSED] - customkeyword.CommonKeyword.OpenBrowser: customkeyword.CommonKeyword.OpenBrowser is PASSED

2018-10-15 15:48:14 - [MESSAGE][PASSED] - Browser is opened with url: 'http://www.yopmail.com/en/'

2018-10-15 15:48:15 - [MESSAGE][PASSED] - Current window maximized

2018-10-15 15:48:15 - [MESSAGE][PASSED] - customkeyword.CommonKeyword.OpenBrowser is PASSED

2018-10-15 15:48:15 - [TEST_STEP][PASSED] - customkeyword.CommonKeyword.CheckYopmailLink: customkeyword.CommonKeyword.CheckYopmailLink is PASSED

2018-10-15 15:48:16 - [MESSAGE][PASSED] - Text 'alanconsumer1010@yopmail.com' is set on object 'Object Repository/Yopmail inf/txt_Login_Yopmail'

2018-10-15 15:48:19 - [MESSAGE][PASSED] - Object: 'Object Repository/Yopmail inf/btn_CheckInbox_Yopmail' is clicked on

2018-10-15 15:48:19 - [MESSAGE][PASSED] - customkeyword.CommonKeyword.CheckYopmailLink is PASSED

2018-10-15 15:48:19 - [TEST_STEP][PASSED] - switchToWindowTitle: Switched to window with title: 'Password Reset | Pirq'

2018-10-15 15:48:24 - [MESSAGE][PASSED] - Switched to window with title: 'Password Reset | Pirq'

2018-10-15 15:48:24 - [TEST_STEP][PASSED] - verifyElementPresent: Object 'Object Repository/Consumer/Por_Consumer_ForgotPassword inf/lbl_ResetYourPassword_Portal_ForgotPassword' is present

2018-10-15 15:48:24 - [MESSAGE][PASSED] - Object 'Object Repository/Consumer/Por_Consumer_ForgotPassword inf/lbl_ResetYourPassword_Portal_ForgotPassword' is present

2018-10-15 15:48:24 - [TEST_STEP][PASSED] - setText: Text 'newpassword123' is set on object 'Object Repository/Consumer/Por_Consumer_ForgotPassword inf/txt_NewPwd_Portal_ForgotPassword'

2018-10-15 15:48:24 - [MESSAGE][PASSED] - Text 'newpassword123' is set on object 'Object Repository/Consumer/Por_Consumer_ForgotPassword inf/txt_NewPwd_Portal_ForgotPassword'

2018-10-15 15:48:24 - [TEST_STEP][PASSED] - click: Object: 'Object Repository/Consumer/Por_Consumer_ForgotPassword inf/btn_ChangePwd_Portal_ForgotPassword' is clicked on

2018-10-15 15:48:25 - [MESSAGE][PASSED] - Object: 'Object Repository/Consumer/Por_Consumer_ForgotPassword inf/btn_ChangePwd_Portal_ForgotPassword' is clicked on

2018-10-15 15:48:25 - [TEST_STEP][PASSED] - verifyElementPresent: Object 'Object Repository/Consumer/Por_Consumer_ForgotPassword inf/lbl_PwdNoMatch_Portal_ForgotPassword' is present

2018-10-15 15:48:25 - [MESSAGE][PASSED] - Object 'Object Repository/Consumer/Por_Consumer_ForgotPassword inf/lbl_PwdNoMatch_Portal_ForgotPassword' is present

2018-10-15 15:48:25 - [TEST_STEP][PASSED] - closeBrowser: Browser is closed

2018-10-15 15:48:26 - [MESSAGE][PASSED] - Browser is closed]]></system-out>
         <system-err><![CDATA[]]></system-err>
      </testcase>
      <testcase name="Test Cases/Consumer/Login/ConsLog_01_13_Verify that successfully changing password with valid pass" classname="Test Cases/Consumer/Login/ConsLog_01_13_Verify that successfully changing password with valid pass" status="PASSED">
         <system-out><![CDATA[2018-10-15 15:48:26 - [TEST_CASE][PASSED] - Test Cases/Consumer/Login/ConsLog_01_13_Verify that successfully changing password with valid pass: Test Cases/Consumer/Login/ConsLog_01_13_Verify that successfully changing password with valid pass

2018-10-15 15:48:26 - [TEST_STEP][PASSED] - customkeyword.CommonKeyword.OpenBrowser: customkeyword.CommonKeyword.OpenBrowser is PASSED

2018-10-15 15:48:31 - [MESSAGE][PASSED] - Browser is opened with url: 'http://www.yopmail.com/en/'

2018-10-15 15:48:32 - [MESSAGE][PASSED] - Current window maximized

2018-10-15 15:48:32 - [MESSAGE][PASSED] - customkeyword.CommonKeyword.OpenBrowser is PASSED

2018-10-15 15:48:32 - [TEST_STEP][PASSED] - customkeyword.CommonKeyword.CheckYopmailLink: customkeyword.CommonKeyword.CheckYopmailLink is PASSED

2018-10-15 15:48:33 - [MESSAGE][PASSED] - Text 'alanconsumer1010@yopmail.com' is set on object 'Object Repository/Yopmail inf/txt_Login_Yopmail'

2018-10-15 15:48:36 - [MESSAGE][PASSED] - Object: 'Object Repository/Yopmail inf/btn_CheckInbox_Yopmail' is clicked on

2018-10-15 15:48:37 - [MESSAGE][PASSED] - customkeyword.CommonKeyword.CheckYopmailLink is PASSED

2018-10-15 15:48:37 - [TEST_STEP][PASSED] - switchToWindowTitle: Switched to window with title: 'Password Reset | Pirq'

2018-10-15 15:48:40 - [MESSAGE][PASSED] - Switched to window with title: 'Password Reset | Pirq'

2018-10-15 15:48:40 - [TEST_STEP][PASSED] - verifyElementPresent: Object 'Object Repository/Consumer/Por_Consumer_ForgotPassword inf/lbl_ResetYourPassword_Portal_ForgotPassword' is present

2018-10-15 15:48:40 - [MESSAGE][PASSED] - Object 'Object Repository/Consumer/Por_Consumer_ForgotPassword inf/lbl_ResetYourPassword_Portal_ForgotPassword' is present

2018-10-15 15:48:40 - [TEST_STEP][PASSED] - setText: Text '123456?a' is set on object 'Object Repository/Consumer/Por_Consumer_ForgotPassword inf/txt_NewPwd_Portal_ForgotPassword'

2018-10-15 15:48:40 - [MESSAGE][PASSED] - Text '123456?a' is set on object 'Object Repository/Consumer/Por_Consumer_ForgotPassword inf/txt_NewPwd_Portal_ForgotPassword'

2018-10-15 15:48:40 - [TEST_STEP][PASSED] - setText: Text '123456?a' is set on object 'Object Repository/Consumer/Por_Consumer_ForgotPassword inf/txt_ConfirmPwd_Portal_ForgotPassword'

2018-10-15 15:48:41 - [MESSAGE][PASSED] - Text '123456?a' is set on object 'Object Repository/Consumer/Por_Consumer_ForgotPassword inf/txt_ConfirmPwd_Portal_ForgotPassword'

2018-10-15 15:48:41 - [TEST_STEP][PASSED] - click: Object: 'Object Repository/Consumer/Por_Consumer_ForgotPassword inf/btn_ChangePwd_Portal_ForgotPassword' is clicked on

2018-10-15 15:48:41 - [MESSAGE][PASSED] - Object: 'Object Repository/Consumer/Por_Consumer_ForgotPassword inf/btn_ChangePwd_Portal_ForgotPassword' is clicked on

2018-10-15 15:48:41 - [TEST_STEP][PASSED] - verifyElementPresent: Object 'Object Repository/Consumer/Por_Consumer_ForgotPassword inf/lbl_Successpwdchanged_Portal_ForgotPassword' is present

2018-10-15 15:48:41 - [MESSAGE][PASSED] - Object 'Object Repository/Consumer/Por_Consumer_ForgotPassword inf/lbl_Successpwdchanged_Portal_ForgotPassword' is present

2018-10-15 15:48:41 - [TEST_STEP][PASSED] - closeBrowser: Browser is closed

2018-10-15 15:48:42 - [MESSAGE][PASSED] - Browser is closed]]></system-out>
         <system-err><![CDATA[]]></system-err>
      </testcase>
      <testcase name="Test Cases/Consumer/Login/ConsLog_01_14_Verify that successfully logging in with new password" classname="Test Cases/Consumer/Login/ConsLog_01_14_Verify that successfully logging in with new password" status="FAILED">
         <failure type="FAILED" message="(Stack trace: com.kms.katalon.core.exception.StepFailedException: Unable to set text (Root cause: java.lang.IllegalArgumentException: Object is null)
	at com.kms.katalon.core.keyword.internal.KeywordMain.stepFailed(KeywordMain.groovy:36)
	at com.kms.katalon.core.webui.keyword.internal.WebUIKeywordMain.stepFailed(WebUIKeywordMain.groovy:65)
	at com.kms.katalon.core.webui.keyword.internal.WebUIKeywordMain.runKeyword(WebUIKeywordMain.groovy:27)
	at com.kms.katalon.core.webui.keyword.builtin.SetTextKeyword.setText(SetTextKeyword.groovy:65)
	at com.kms.katalon.core.webui.keyword.builtin.SetTextKeyword.execute(SetTextKeyword.groovy:37)
	at com.kms.katalon.core.keyword.internal.KeywordExecutor.executeKeywordForPlatform(KeywordExecutor.groovy:53)
	at com.kms.katalon.core.webui.keyword.WebUiBuiltInKeywords.setText(WebUiBuiltInKeywords.groovy:950)
	at com.kms.katalon.core.webui.keyword.WebUiBuiltInKeywords$setText$4.call(Unknown Source)
	at customkeyword.CommonKeyword.LoginConsumer(CommonKeyword.groovy:78)
	at sun.reflect.NativeMethodAccessorImpl.invoke0(Native Method)
	at sun.reflect.NativeMethodAccessorImpl.invoke(NativeMethodAccessorImpl.java:62)
	at sun.reflect.DelegatingMethodAccessorImpl.invoke(DelegatingMethodAccessorImpl.java:43)
	at java.lang.reflect.Method.invoke(Method.java:498)
	at org.codehaus.groovy.reflection.CachedMethod.invoke(CachedMethod.java:93)
	at groovy.lang.MetaMethod.doMethodInvoke(MetaMethod.java:325)
	at groovy.lang.MetaClassImpl.invokeMethod(MetaClassImpl.java:1215)
	at groovy.lang.MetaClassImpl.invokeMethod(MetaClassImpl.java:1024)
	at groovy.lang.MetaClassImpl.invokeMethod(MetaClassImpl.java:812)
	at groovy.lang.DelegatingMetaClass.invokeMethod(DelegatingMetaClass.java:144)
	at customkeyword.CommonKeyword.invokeMethod(CommonKeyword.groovy)
	at com.kms.katalon.core.main.CustomKeywordDelegatingMetaClass.invokeStaticMethod(CustomKeywordDelegatingMetaClass.java:46)
	at org.codehaus.groovy.runtime.callsite.StaticMetaClassSite.call(StaticMetaClassSite.java:53)
	at org.codehaus.groovy.runtime.callsite.CallSiteArray.defaultCall(CallSiteArray.java:48)
	at org.codehaus.groovy.runtime.callsite.AbstractCallSite.call(AbstractCallSite.java:113)
	at org.codehaus.groovy.runtime.callsite.AbstractCallSite.call(AbstractCallSite.java:133)
	at Script1539256408329.run(Script1539256408329.groovy:20)
	at com.kms.katalon.core.main.ScriptEngine.run(ScriptEngine.java:183)
	at com.kms.katalon.core.main.ScriptEngine.runScriptAsRawText(ScriptEngine.java:108)
	at com.kms.katalon.core.main.TestCaseExecutor.runScript(TestCaseExecutor.java:294)
	at com.kms.katalon.core.main.TestCaseExecutor.doExecute(TestCaseExecutor.java:285)
	at com.kms.katalon.core.main.TestCaseExecutor.processExecutionPhase(TestCaseExecutor.java:264)
	at com.kms.katalon.core.main.TestCaseExecutor.accessMainPhase(TestCaseExecutor.java:256)
	at com.kms.katalon.core.main.TestCaseExecutor.execute(TestCaseExecutor.java:200)
	at com.kms.katalon.core.main.TestSuiteExecutor.accessTestCaseMainPhase(TestSuiteExecutor.java:129)
	at com.kms.katalon.core.main.TestSuiteExecutor.accessTestSuiteMainPhase(TestSuiteExecutor.java:112)
	at com.kms.katalon.core.main.TestSuiteExecutor.execute(TestSuiteExecutor.java:81)
	at com.kms.katalon.core.main.TestCaseMain.startTestSuite(TestCaseMain.java:142)
	at com.kms.katalon.core.main.TestCaseMain$startTestSuite$0.call(Unknown Source)
	at org.codehaus.groovy.runtime.callsite.CallSiteArray.defaultCall(CallSiteArray.java:48)
	at org.codehaus.groovy.runtime.callsite.AbstractCallSite.call(AbstractCallSite.java:113)
	at org.codehaus.groovy.runtime.callsite.AbstractCallSite.call(AbstractCallSite.java:141)
	at TempTestSuite1539593020608.run(TempTestSuite1539593020608.groovy:36)
	at groovy.lang.GroovyShell.runScriptOrMainOrTestOrRunnable(GroovyShell.java:263)
	at groovy.lang.GroovyShell.run(GroovyShell.java:518)
	at groovy.lang.GroovyShell.run(GroovyShell.java:507)
	at groovy.ui.GroovyMain.processOnce(GroovyMain.java:653)
	at groovy.ui.GroovyMain.run(GroovyMain.java:384)
	at groovy.ui.GroovyMain.process(GroovyMain.java:370)
	at groovy.ui.GroovyMain.processArgs(GroovyMain.java:129)
	at groovy.ui.GroovyMain.main(GroovyMain.java:109)
	at sun.reflect.NativeMethodAccessorImpl.invoke0(Native Method)
	at sun.reflect.NativeMethodAccessorImpl.invoke(NativeMethodAccessorImpl.java:62)
	at sun.reflect.DelegatingMethodAccessorImpl.invoke(DelegatingMethodAccessorImpl.java:43)
	at java.lang.reflect.Method.invoke(Method.java:498)
	at org.codehaus.groovy.tools.GroovyStarter.rootLoader(GroovyStarter.java:109)
	at org.codehaus.groovy.tools.GroovyStarter.main(GroovyStarter.java:131)
)"/>
         <system-out><![CDATA[2018-10-15 15:48:42 - [TEST_CASE][FAILED] - Test Cases/Consumer/Login/ConsLog_01_14_Verify that successfully logging in with new password: Test Cases/Consumer/Login/ConsLog_01_14_Verify that successfully logging in with new password FAILED because (of) (Stack trace: com.kms.katalon.core.exception.StepFailedException: Unable to set text (Root cause: java.lang.IllegalArgumentException: Object is null)
	at com.kms.katalon.core.keyword.internal.KeywordMain.stepFailed(KeywordMain.groovy:36)
	at com.kms.katalon.core.webui.keyword.internal.WebUIKeywordMain.stepFailed(WebUIKeywordMain.groovy:65)
	at com.kms.katalon.core.webui.keyword.internal.WebUIKeywordMain.runKeyword(WebUIKeywordMain.groovy:27)
	at com.kms.katalon.core.webui.keyword.builtin.SetTextKeyword.setText(SetTextKeyword.groovy:65)
	at com.kms.katalon.core.webui.keyword.builtin.SetTextKeyword.execute(SetTextKeyword.groovy:37)
	at com.kms.katalon.core.keyword.internal.KeywordExecutor.executeKeywordForPlatform(KeywordExecutor.groovy:53)
	at com.kms.katalon.core.webui.keyword.WebUiBuiltInKeywords.setText(WebUiBuiltInKeywords.groovy:950)
	at com.kms.katalon.core.webui.keyword.WebUiBuiltInKeywords$setText$4.call(Unknown Source)
	at customkeyword.CommonKeyword.LoginConsumer(CommonKeyword.groovy:78)
	at sun.reflect.NativeMethodAccessorImpl.invoke0(Native Method)
	at sun.reflect.NativeMethodAccessorImpl.invoke(NativeMethodAccessorImpl.java:62)
	at sun.reflect.DelegatingMethodAccessorImpl.invoke(DelegatingMethodAccessorImpl.java:43)
	at java.lang.reflect.Method.invoke(Method.java:498)
	at org.codehaus.groovy.reflection.CachedMethod.invoke(CachedMethod.java:93)
	at groovy.lang.MetaMethod.doMethodInvoke(MetaMethod.java:325)
	at groovy.lang.MetaClassImpl.invokeMethod(MetaClassImpl.java:1215)
	at groovy.lang.MetaClassImpl.invokeMethod(MetaClassImpl.java:1024)
	at groovy.lang.MetaClassImpl.invokeMethod(MetaClassImpl.java:812)
	at groovy.lang.DelegatingMetaClass.invokeMethod(DelegatingMetaClass.java:144)
	at customkeyword.CommonKeyword.invokeMethod(CommonKeyword.groovy)
	at com.kms.katalon.core.main.CustomKeywordDelegatingMetaClass.invokeStaticMethod(CustomKeywordDelegatingMetaClass.java:46)
	at org.codehaus.groovy.runtime.callsite.StaticMetaClassSite.call(StaticMetaClassSite.java:53)
	at org.codehaus.groovy.runtime.callsite.CallSiteArray.defaultCall(CallSiteArray.java:48)
	at org.codehaus.groovy.runtime.callsite.AbstractCallSite.call(AbstractCallSite.java:113)
	at org.codehaus.groovy.runtime.callsite.AbstractCallSite.call(AbstractCallSite.java:133)
	at Script1539256408329.run(Script1539256408329.groovy:20)
	at com.kms.katalon.core.main.ScriptEngine.run(ScriptEngine.java:183)
	at com.kms.katalon.core.main.ScriptEngine.runScriptAsRawText(ScriptEngine.java:108)
	at com.kms.katalon.core.main.TestCaseExecutor.runScript(TestCaseExecutor.java:294)
	at com.kms.katalon.core.main.TestCaseExecutor.doExecute(TestCaseExecutor.java:285)
	at com.kms.katalon.core.main.TestCaseExecutor.processExecutionPhase(TestCaseExecutor.java:264)
	at com.kms.katalon.core.main.TestCaseExecutor.accessMainPhase(TestCaseExecutor.java:256)
	at com.kms.katalon.core.main.TestCaseExecutor.execute(TestCaseExecutor.java:200)
	at com.kms.katalon.core.main.TestSuiteExecutor.accessTestCaseMainPhase(TestSuiteExecutor.java:129)
	at com.kms.katalon.core.main.TestSuiteExecutor.accessTestSuiteMainPhase(TestSuiteExecutor.java:112)
	at com.kms.katalon.core.main.TestSuiteExecutor.execute(TestSuiteExecutor.java:81)
	at com.kms.katalon.core.main.TestCaseMain.startTestSuite(TestCaseMain.java:142)
	at com.kms.katalon.core.main.TestCaseMain$startTestSuite$0.call(Unknown Source)
	at org.codehaus.groovy.runtime.callsite.CallSiteArray.defaultCall(CallSiteArray.java:48)
	at org.codehaus.groovy.runtime.callsite.AbstractCallSite.call(AbstractCallSite.java:113)
	at org.codehaus.groovy.runtime.callsite.AbstractCallSite.call(AbstractCallSite.java:141)
	at TempTestSuite1539593020608.run(TempTestSuite1539593020608.groovy:36)
	at groovy.lang.GroovyShell.runScriptOrMainOrTestOrRunnable(GroovyShell.java:263)
	at groovy.lang.GroovyShell.run(GroovyShell.java:518)
	at groovy.lang.GroovyShell.run(GroovyShell.java:507)
	at groovy.ui.GroovyMain.processOnce(GroovyMain.java:653)
	at groovy.ui.GroovyMain.run(GroovyMain.java:384)
	at groovy.ui.GroovyMain.process(GroovyMain.java:370)
	at groovy.ui.GroovyMain.processArgs(GroovyMain.java:129)
	at groovy.ui.GroovyMain.main(GroovyMain.java:109)
	at sun.reflect.NativeMethodAccessorImpl.invoke0(Native Method)
	at sun.reflect.NativeMethodAccessorImpl.invoke(NativeMethodAccessorImpl.java:62)
	at sun.reflect.DelegatingMethodAccessorImpl.invoke(DelegatingMethodAccessorImpl.java:43)
	at java.lang.reflect.Method.invoke(Method.java:498)
	at org.codehaus.groovy.tools.GroovyStarter.rootLoader(GroovyStarter.java:109)
	at org.codehaus.groovy.tools.GroovyStarter.main(GroovyStarter.java:131)
)

2018-10-15 15:48:42 - [TEST_STEP][PASSED] - customkeyword.CommonKeyword.OpenBrowser: customkeyword.CommonKeyword.OpenBrowser is PASSED

2018-10-15 15:48:47 - [MESSAGE][PASSED] - Browser is opened with url: 'https://staging-1.pirq.com/user/login'

2018-10-15 15:48:48 - [MESSAGE][PASSED] - Current window maximized

2018-10-15 15:48:48 - [MESSAGE][PASSED] - customkeyword.CommonKeyword.OpenBrowser is PASSED

2018-10-15 15:48:48 - [TEST_STEP][FAILED] - customkeyword.CommonKeyword.LoginConsumer: Unable to set text (Root cause: java.lang.IllegalArgumentException: Object is null)

2018-10-15 15:48:48 - [MESSAGE][WARNING] - Test object with id 'Object Repository/Por_Consumer inf/txt_Email_Portal_Login' does not exist

2018-10-15 15:48:48 - [MESSAGE][WARNING] - Test object with id 'Object Repository/' does not exist

2018-10-15 15:48:48 - [MESSAGE][FAILED] - Unable to set text (Root cause: java.lang.IllegalArgumentException: Object is null)
[[ATTACHMENT|C:\\Users\\Hoa\\Documents\\GitHub\\iPayment\\Reports\\Consumer\\20181015_154340\\1539593328541.png]]

2018-10-15 15:48:48 - [MESSAGE][FAILED] - Unable to set text (Root cause: java.lang.IllegalArgumentException: Object is null)]]></system-out>
         <system-err><![CDATA[2018-10-15 15:48:42 - [TEST_CASE][FAILED] - Test Cases/Consumer/Login/ConsLog_01_14_Verify that successfully logging in with new password: Test Cases/Consumer/Login/ConsLog_01_14_Verify that successfully logging in with new password FAILED because (of) (Stack trace: com.kms.katalon.core.exception.StepFailedException: Unable to set text (Root cause: java.lang.IllegalArgumentException: Object is null)
	at com.kms.katalon.core.keyword.internal.KeywordMain.stepFailed(KeywordMain.groovy:36)
	at com.kms.katalon.core.webui.keyword.internal.WebUIKeywordMain.stepFailed(WebUIKeywordMain.groovy:65)
	at com.kms.katalon.core.webui.keyword.internal.WebUIKeywordMain.runKeyword(WebUIKeywordMain.groovy:27)
	at com.kms.katalon.core.webui.keyword.builtin.SetTextKeyword.setText(SetTextKeyword.groovy:65)
	at com.kms.katalon.core.webui.keyword.builtin.SetTextKeyword.execute(SetTextKeyword.groovy:37)
	at com.kms.katalon.core.keyword.internal.KeywordExecutor.executeKeywordForPlatform(KeywordExecutor.groovy:53)
	at com.kms.katalon.core.webui.keyword.WebUiBuiltInKeywords.setText(WebUiBuiltInKeywords.groovy:950)
	at com.kms.katalon.core.webui.keyword.WebUiBuiltInKeywords$setText$4.call(Unknown Source)
	at customkeyword.CommonKeyword.LoginConsumer(CommonKeyword.groovy:78)
	at sun.reflect.NativeMethodAccessorImpl.invoke0(Native Method)
	at sun.reflect.NativeMethodAccessorImpl.invoke(NativeMethodAccessorImpl.java:62)
	at sun.reflect.DelegatingMethodAccessorImpl.invoke(DelegatingMethodAccessorImpl.java:43)
	at java.lang.reflect.Method.invoke(Method.java:498)
	at org.codehaus.groovy.reflection.CachedMethod.invoke(CachedMethod.java:93)
	at groovy.lang.MetaMethod.doMethodInvoke(MetaMethod.java:325)
	at groovy.lang.MetaClassImpl.invokeMethod(MetaClassImpl.java:1215)
	at groovy.lang.MetaClassImpl.invokeMethod(MetaClassImpl.java:1024)
	at groovy.lang.MetaClassImpl.invokeMethod(MetaClassImpl.java:812)
	at groovy.lang.DelegatingMetaClass.invokeMethod(DelegatingMetaClass.java:144)
	at customkeyword.CommonKeyword.invokeMethod(CommonKeyword.groovy)
	at com.kms.katalon.core.main.CustomKeywordDelegatingMetaClass.invokeStaticMethod(CustomKeywordDelegatingMetaClass.java:46)
	at org.codehaus.groovy.runtime.callsite.StaticMetaClassSite.call(StaticMetaClassSite.java:53)
	at org.codehaus.groovy.runtime.callsite.CallSiteArray.defaultCall(CallSiteArray.java:48)
	at org.codehaus.groovy.runtime.callsite.AbstractCallSite.call(AbstractCallSite.java:113)
	at org.codehaus.groovy.runtime.callsite.AbstractCallSite.call(AbstractCallSite.java:133)
	at Script1539256408329.run(Script1539256408329.groovy:20)
	at com.kms.katalon.core.main.ScriptEngine.run(ScriptEngine.java:183)
	at com.kms.katalon.core.main.ScriptEngine.runScriptAsRawText(ScriptEngine.java:108)
	at com.kms.katalon.core.main.TestCaseExecutor.runScript(TestCaseExecutor.java:294)
	at com.kms.katalon.core.main.TestCaseExecutor.doExecute(TestCaseExecutor.java:285)
	at com.kms.katalon.core.main.TestCaseExecutor.processExecutionPhase(TestCaseExecutor.java:264)
	at com.kms.katalon.core.main.TestCaseExecutor.accessMainPhase(TestCaseExecutor.java:256)
	at com.kms.katalon.core.main.TestCaseExecutor.execute(TestCaseExecutor.java:200)
	at com.kms.katalon.core.main.TestSuiteExecutor.accessTestCaseMainPhase(TestSuiteExecutor.java:129)
	at com.kms.katalon.core.main.TestSuiteExecutor.accessTestSuiteMainPhase(TestSuiteExecutor.java:112)
	at com.kms.katalon.core.main.TestSuiteExecutor.execute(TestSuiteExecutor.java:81)
	at com.kms.katalon.core.main.TestCaseMain.startTestSuite(TestCaseMain.java:142)
	at com.kms.katalon.core.main.TestCaseMain$startTestSuite$0.call(Unknown Source)
	at org.codehaus.groovy.runtime.callsite.CallSiteArray.defaultCall(CallSiteArray.java:48)
	at org.codehaus.groovy.runtime.callsite.AbstractCallSite.call(AbstractCallSite.java:113)
	at org.codehaus.groovy.runtime.callsite.AbstractCallSite.call(AbstractCallSite.java:141)
	at TempTestSuite1539593020608.run(TempTestSuite1539593020608.groovy:36)
	at groovy.lang.GroovyShell.runScriptOrMainOrTestOrRunnable(GroovyShell.java:263)
	at groovy.lang.GroovyShell.run(GroovyShell.java:518)
	at groovy.lang.GroovyShell.run(GroovyShell.java:507)
	at groovy.ui.GroovyMain.processOnce(GroovyMain.java:653)
	at groovy.ui.GroovyMain.run(GroovyMain.java:384)
	at groovy.ui.GroovyMain.process(GroovyMain.java:370)
	at groovy.ui.GroovyMain.processArgs(GroovyMain.java:129)
	at groovy.ui.GroovyMain.main(GroovyMain.java:109)
	at sun.reflect.NativeMethodAccessorImpl.invoke0(Native Method)
	at sun.reflect.NativeMethodAccessorImpl.invoke(NativeMethodAccessorImpl.java:62)
	at sun.reflect.DelegatingMethodAccessorImpl.invoke(DelegatingMethodAccessorImpl.java:43)
	at java.lang.reflect.Method.invoke(Method.java:498)
	at org.codehaus.groovy.tools.GroovyStarter.rootLoader(GroovyStarter.java:109)
	at org.codehaus.groovy.tools.GroovyStarter.main(GroovyStarter.java:131)
)]]></system-err>
      </testcase>
      <system-out><![CDATA[2018-10-15 15:43:43 - [TEST_SUITE][FAILED] - Consumer: Test Cases/Consumer/Login/ConsLog_01_03_Verify that user login invalid email shows error message FAILED because (of) (Stack trace: com.kms.katalon.core.exception.StepFailedException: Unable to set text (Root cause: java.lang.IllegalArgumentException: Object is null)
	at com.kms.katalon.core.keyword.internal.KeywordMain.stepFailed(KeywordMain.groovy:36)
	at com.kms.katalon.core.webui.keyword.internal.WebUIKeywordMain.stepFailed(WebUIKeywordMain.groovy:65)
	at com.kms.katalon.core.webui.keyword.internal.WebUIKeywordMain.runKeyword(WebUIKeywordMain.groovy:27)
	at com.kms.katalon.core.webui.keyword.builtin.SetTextKeyword.setText(SetTextKeyword.groovy:65)
	at com.kms.katalon.core.webui.keyword.builtin.SetTextKeyword.execute(SetTextKeyword.groovy:37)
	at com.kms.katalon.core.keyword.internal.KeywordExecutor.executeKeywordForPlatform(KeywordExecutor.groovy:53)
	at com.kms.katalon.core.webui.keyword.WebUiBuiltInKeywords.setText(WebUiBuiltInKeywords.groovy:950)
	at com.kms.katalon.core.webui.keyword.WebUiBuiltInKeywords$setText$4.call(Unknown Source)
	at org.codehaus.groovy.runtime.callsite.CallSiteArray.defaultCall(CallSiteArray.java:48)
	at org.codehaus.groovy.runtime.callsite.AbstractCallSite.call(AbstractCallSite.java:113)
	at org.codehaus.groovy.runtime.callsite.AbstractCallSite.call(AbstractCallSite.java:133)
	at customkeyword.CommonKeyword.LoginConsumer(CommonKeyword.groovy:78)
	at sun.reflect.NativeMethodAccessorImpl.invoke0(Native Method)
	at sun.reflect.NativeMethodAccessorImpl.invoke(NativeMethodAccessorImpl.java:62)
	at sun.reflect.DelegatingMethodAccessorImpl.invoke(DelegatingMethodAccessorImpl.java:43)
	at java.lang.reflect.Method.invoke(Method.java:498)
	at org.codehaus.groovy.reflection.CachedMethod.invoke(CachedMethod.java:93)
	at groovy.lang.MetaMethod.doMethodInvoke(MetaMethod.java:325)
	at groovy.lang.MetaClassImpl.invokeMethod(MetaClassImpl.java:1215)
	at groovy.lang.MetaClassImpl.invokeMethod(MetaClassImpl.java:1024)
	at groovy.lang.MetaClassImpl.invokeMethod(MetaClassImpl.java:812)
	at groovy.lang.DelegatingMetaClass.invokeMethod(DelegatingMetaClass.java:144)
	at customkeyword.CommonKeyword.invokeMethod(CommonKeyword.groovy)
	at com.kms.katalon.core.main.CustomKeywordDelegatingMetaClass.invokeStaticMethod(CustomKeywordDelegatingMetaClass.java:46)
	at org.codehaus.groovy.runtime.callsite.StaticMetaClassSite.call(StaticMetaClassSite.java:53)
	at org.codehaus.groovy.runtime.callsite.CallSiteArray.defaultCall(CallSiteArray.java:48)
	at org.codehaus.groovy.runtime.callsite.AbstractCallSite.call(AbstractCallSite.java:113)
	at org.codehaus.groovy.runtime.callsite.AbstractCallSite.call(AbstractCallSite.java:133)
	at Script1539256424900.run(Script1539256424900.groovy:24)
	at com.kms.katalon.core.main.ScriptEngine.run(ScriptEngine.java:183)
	at com.kms.katalon.core.main.ScriptEngine.runScriptAsRawText(ScriptEngine.java:108)
	at com.kms.katalon.core.main.TestCaseExecutor.runScript(TestCaseExecutor.java:294)
	at com.kms.katalon.core.main.TestCaseExecutor.doExecute(TestCaseExecutor.java:285)
	at com.kms.katalon.core.main.TestCaseExecutor.processExecutionPhase(TestCaseExecutor.java:264)
	at com.kms.katalon.core.main.TestCaseExecutor.accessMainPhase(TestCaseExecutor.java:256)
	at com.kms.katalon.core.main.TestCaseExecutor.execute(TestCaseExecutor.java:200)
	at com.kms.katalon.core.main.TestSuiteExecutor.accessTestCaseMainPhase(TestSuiteExecutor.java:129)
	at com.kms.katalon.core.main.TestSuiteExecutor.accessTestSuiteMainPhase(TestSuiteExecutor.java:112)
	at com.kms.katalon.core.main.TestSuiteExecutor.execute(TestSuiteExecutor.java:81)
	at com.kms.katalon.core.main.TestCaseMain.startTestSuite(TestCaseMain.java:142)
	at com.kms.katalon.core.main.TestCaseMain$startTestSuite$0.call(Unknown Source)
	at org.codehaus.groovy.runtime.callsite.CallSiteArray.defaultCall(CallSiteArray.java:48)
	at org.codehaus.groovy.runtime.callsite.AbstractCallSite.call(AbstractCallSite.java:113)
	at org.codehaus.groovy.runtime.callsite.AbstractCallSite.call(AbstractCallSite.java:141)
	at TempTestSuite1539593020608.run(TempTestSuite1539593020608.groovy:36)
	at groovy.lang.GroovyShell.runScriptOrMainOrTestOrRunnable(GroovyShell.java:263)
	at groovy.lang.GroovyShell.run(GroovyShell.java:518)
	at groovy.lang.GroovyShell.run(GroovyShell.java:507)
	at groovy.ui.GroovyMain.processOnce(GroovyMain.java:653)
	at groovy.ui.GroovyMain.run(GroovyMain.java:384)
	at groovy.ui.GroovyMain.process(GroovyMain.java:370)
	at groovy.ui.GroovyMain.processArgs(GroovyMain.java:129)
	at groovy.ui.GroovyMain.main(GroovyMain.java:109)
	at sun.reflect.NativeMethodAccessorImpl.invoke0(Native Method)
	at sun.reflect.NativeMethodAccessorImpl.invoke(NativeMethodAccessorImpl.java:62)
	at sun.reflect.DelegatingMethodAccessorImpl.invoke(DelegatingMethodAccessorImpl.java:43)
	at java.lang.reflect.Method.invoke(Method.java:498)
	at org.codehaus.groovy.tools.GroovyStarter.rootLoader(GroovyStarter.java:109)
	at org.codehaus.groovy.tools.GroovyStarter.main(GroovyStarter.java:131)
)]]></system-out>
      <system-err><![CDATA[2018-10-15 15:43:43 - [TEST_SUITE][FAILED] - Consumer: Test Cases/Consumer/Login/ConsLog_01_03_Verify that user login invalid email shows error message FAILED because (of) (Stack trace: com.kms.katalon.core.exception.StepFailedException: Unable to set text (Root cause: java.lang.IllegalArgumentException: Object is null)
	at com.kms.katalon.core.keyword.internal.KeywordMain.stepFailed(KeywordMain.groovy:36)
	at com.kms.katalon.core.webui.keyword.internal.WebUIKeywordMain.stepFailed(WebUIKeywordMain.groovy:65)
	at com.kms.katalon.core.webui.keyword.internal.WebUIKeywordMain.runKeyword(WebUIKeywordMain.groovy:27)
	at com.kms.katalon.core.webui.keyword.builtin.SetTextKeyword.setText(SetTextKeyword.groovy:65)
	at com.kms.katalon.core.webui.keyword.builtin.SetTextKeyword.execute(SetTextKeyword.groovy:37)
	at com.kms.katalon.core.keyword.internal.KeywordExecutor.executeKeywordForPlatform(KeywordExecutor.groovy:53)
	at com.kms.katalon.core.webui.keyword.WebUiBuiltInKeywords.setText(WebUiBuiltInKeywords.groovy:950)
	at com.kms.katalon.core.webui.keyword.WebUiBuiltInKeywords$setText$4.call(Unknown Source)
	at org.codehaus.groovy.runtime.callsite.CallSiteArray.defaultCall(CallSiteArray.java:48)
	at org.codehaus.groovy.runtime.callsite.AbstractCallSite.call(AbstractCallSite.java:113)
	at org.codehaus.groovy.runtime.callsite.AbstractCallSite.call(AbstractCallSite.java:133)
	at customkeyword.CommonKeyword.LoginConsumer(CommonKeyword.groovy:78)
	at sun.reflect.NativeMethodAccessorImpl.invoke0(Native Method)
	at sun.reflect.NativeMethodAccessorImpl.invoke(NativeMethodAccessorImpl.java:62)
	at sun.reflect.DelegatingMethodAccessorImpl.invoke(DelegatingMethodAccessorImpl.java:43)
	at java.lang.reflect.Method.invoke(Method.java:498)
	at org.codehaus.groovy.reflection.CachedMethod.invoke(CachedMethod.java:93)
	at groovy.lang.MetaMethod.doMethodInvoke(MetaMethod.java:325)
	at groovy.lang.MetaClassImpl.invokeMethod(MetaClassImpl.java:1215)
	at groovy.lang.MetaClassImpl.invokeMethod(MetaClassImpl.java:1024)
	at groovy.lang.MetaClassImpl.invokeMethod(MetaClassImpl.java:812)
	at groovy.lang.DelegatingMetaClass.invokeMethod(DelegatingMetaClass.java:144)
	at customkeyword.CommonKeyword.invokeMethod(CommonKeyword.groovy)
	at com.kms.katalon.core.main.CustomKeywordDelegatingMetaClass.invokeStaticMethod(CustomKeywordDelegatingMetaClass.java:46)
	at org.codehaus.groovy.runtime.callsite.StaticMetaClassSite.call(StaticMetaClassSite.java:53)
	at org.codehaus.groovy.runtime.callsite.CallSiteArray.defaultCall(CallSiteArray.java:48)
	at org.codehaus.groovy.runtime.callsite.AbstractCallSite.call(AbstractCallSite.java:113)
	at org.codehaus.groovy.runtime.callsite.AbstractCallSite.call(AbstractCallSite.java:133)
	at Script1539256424900.run(Script1539256424900.groovy:24)
	at com.kms.katalon.core.main.ScriptEngine.run(ScriptEngine.java:183)
	at com.kms.katalon.core.main.ScriptEngine.runScriptAsRawText(ScriptEngine.java:108)
	at com.kms.katalon.core.main.TestCaseExecutor.runScript(TestCaseExecutor.java:294)
	at com.kms.katalon.core.main.TestCaseExecutor.doExecute(TestCaseExecutor.java:285)
	at com.kms.katalon.core.main.TestCaseExecutor.processExecutionPhase(TestCaseExecutor.java:264)
	at com.kms.katalon.core.main.TestCaseExecutor.accessMainPhase(TestCaseExecutor.java:256)
	at com.kms.katalon.core.main.TestCaseExecutor.execute(TestCaseExecutor.java:200)
	at com.kms.katalon.core.main.TestSuiteExecutor.accessTestCaseMainPhase(TestSuiteExecutor.java:129)
	at com.kms.katalon.core.main.TestSuiteExecutor.accessTestSuiteMainPhase(TestSuiteExecutor.java:112)
	at com.kms.katalon.core.main.TestSuiteExecutor.execute(TestSuiteExecutor.java:81)
	at com.kms.katalon.core.main.TestCaseMain.startTestSuite(TestCaseMain.java:142)
	at com.kms.katalon.core.main.TestCaseMain$startTestSuite$0.call(Unknown Source)
	at org.codehaus.groovy.runtime.callsite.CallSiteArray.defaultCall(CallSiteArray.java:48)
	at org.codehaus.groovy.runtime.callsite.AbstractCallSite.call(AbstractCallSite.java:113)
	at org.codehaus.groovy.runtime.callsite.AbstractCallSite.call(AbstractCallSite.java:141)
	at TempTestSuite1539593020608.run(TempTestSuite1539593020608.groovy:36)
	at groovy.lang.GroovyShell.runScriptOrMainOrTestOrRunnable(GroovyShell.java:263)
	at groovy.lang.GroovyShell.run(GroovyShell.java:518)
	at groovy.lang.GroovyShell.run(GroovyShell.java:507)
	at groovy.ui.GroovyMain.processOnce(GroovyMain.java:653)
	at groovy.ui.GroovyMain.run(GroovyMain.java:384)
	at groovy.ui.GroovyMain.process(GroovyMain.java:370)
	at groovy.ui.GroovyMain.processArgs(GroovyMain.java:129)
	at groovy.ui.GroovyMain.main(GroovyMain.java:109)
	at sun.reflect.NativeMethodAccessorImpl.invoke0(Native Method)
	at sun.reflect.NativeMethodAccessorImpl.invoke(NativeMethodAccessorImpl.java:62)
	at sun.reflect.DelegatingMethodAccessorImpl.invoke(DelegatingMethodAccessorImpl.java:43)
	at java.lang.reflect.Method.invoke(Method.java:498)
	at org.codehaus.groovy.tools.GroovyStarter.rootLoader(GroovyStarter.java:109)
	at org.codehaus.groovy.tools.GroovyStarter.main(GroovyStarter.java:131)
)]]></system-err>
   </testsuite>
</testsuites>
